  CREATE_STREAM @0 {NAME:seq012 T:TVM SCOPE:uvm_test_top.tb.env.agnt.seqr STREAM:1}
BEGIN @0 {TXH:2 STREAM:1 NAME:seq012 TIME=0  TYPE="Begin_No_Parent, Link" LABEL:"" DESC=""}
BEGIN @2100 {TXH:3 STREAM:1 NAME:req TIME=0  TYPE="Begin_End, Link" LABEL:"" DESC=""}
  LINK @2100 {TXH1:2 TXH2:3 RELATION=child}
  CREATE_STREAM @21000 {NAME:Driver_YAPP_Packet T:TVM SCOPE:uvm_test_top.tb.env.agnt.drv STREAM:4}
BEGIN @21000 {TXH:5 STREAM:4 NAME:req TIME=0  TYPE="Begin_End, Link" LABEL:"" DESC=""}
  LINK @21000 {TXH1:2 TXH2:5 RELATION=child}
  CREATE_STREAM @21500 {NAME:Monitor_YAPP_Packet T:TVM SCOPE:uvm_test_top.tb.env.agnt.mon STREAM:6}
BEGIN @21500 {TXH:7 STREAM:6 NAME:pkt TIME=0  TYPE="Begin_No_Parent, Link" LABEL:"" DESC=""}
  SET_ATTR @79500 {TXH:7 NAME:addr VALUE:0   RADIX:UVM_DEC BITS=2}
  SET_ATTR @79500 {TXH:7 NAME:length VALUE:57   RADIX:UVM_DEC BITS=6}
  SET_ATTR @79500 {TXH:7 NAME:parity VALUE:246   RADIX:UVM_HEX BITS=8}
  SET_ATTR @79500 {TXH:7 NAME:payload[0] VALUE:215   RADIX:UVM_HEX BITS=8}
  SET_ATTR @79500 {TXH:7 NAME:payload[1] VALUE:248   RADIX:UVM_HEX BITS=8}
  SET_ATTR @79500 {TXH:7 NAME:payload[2] VALUE:84   RADIX:UVM_HEX BITS=8}
  SET_ATTR @79500 {TXH:7 NAME:payload[3] VALUE:86   RADIX:UVM_HEX BITS=8}
  SET_ATTR @79500 {TXH:7 NAME:payload[4] VALUE:110   RADIX:UVM_HEX BITS=8}
  SET_ATTR @79500 {TXH:7 NAME:payload[52] VALUE:57   RADIX:UVM_HEX BITS=8}
  SET_ATTR @79500 {TXH:7 NAME:payload[53] VALUE:142   RADIX:UVM_HEX BITS=8}
  SET_ATTR @79500 {TXH:7 NAME:payload[54] VALUE:122   RADIX:UVM_HEX BITS=8}
  SET_ATTR @79500 {TXH:7 NAME:payload[55] VALUE:116   RADIX:UVM_HEX BITS=8}
  SET_ATTR @79500 {TXH:7 NAME:payload[56] VALUE:100   RADIX:UVM_HEX BITS=8}
  SET_ATTR @79500 {TXH:7 NAME:packet_delay VALUE:0   RADIX:UVM_HEX BITS=32}
END @79500 {TXH:7 TIME=0}
FREE @79500 {TXH:7}
  SET_ATTR @80000 {TXH:5 NAME:addr VALUE:0   RADIX:UVM_DEC BITS=2}
  SET_ATTR @80000 {TXH:5 NAME:length VALUE:57   RADIX:UVM_DEC BITS=6}
  SET_ATTR @80000 {TXH:5 NAME:parity VALUE:246   RADIX:UVM_HEX BITS=8}
  SET_ATTR @80000 {TXH:5 NAME:payload[0] VALUE:215   RADIX:UVM_HEX BITS=8}
  SET_ATTR @80000 {TXH:5 NAME:payload[1] VALUE:248   RADIX:UVM_HEX BITS=8}
  SET_ATTR @80000 {TXH:5 NAME:payload[2] VALUE:84   RADIX:UVM_HEX BITS=8}
  SET_ATTR @80000 {TXH:5 NAME:payload[3] VALUE:86   RADIX:UVM_HEX BITS=8}
  SET_ATTR @80000 {TXH:5 NAME:payload[4] VALUE:110   RADIX:UVM_HEX BITS=8}
  SET_ATTR @80000 {TXH:5 NAME:payload[52] VALUE:57   RADIX:UVM_HEX BITS=8}
  SET_ATTR @80000 {TXH:5 NAME:payload[53] VALUE:142   RADIX:UVM_HEX BITS=8}
  SET_ATTR @80000 {TXH:5 NAME:payload[54] VALUE:122   RADIX:UVM_HEX BITS=8}
  SET_ATTR @80000 {TXH:5 NAME:payload[55] VALUE:116   RADIX:UVM_HEX BITS=8}
  SET_ATTR @80000 {TXH:5 NAME:payload[56] VALUE:100   RADIX:UVM_HEX BITS=8}
  SET_ATTR @80000 {TXH:5 NAME:packet_delay VALUE:18   RADIX:UVM_HEX BITS=32}
  SET_ATTR @80000 {TXH:5 NAME:transaction_id VALUE:1   RADIX:UVM_DEC BITS=32}
END @80000 {TXH:5 TIME=0}
FREE @80000 {TXH:5}
  SET_ATTR @80000 {TXH:3 NAME:addr VALUE:0   RADIX:UVM_DEC BITS=2}
  SET_ATTR @80000 {TXH:3 NAME:length VALUE:57   RADIX:UVM_DEC BITS=6}
  SET_ATTR @80000 {TXH:3 NAME:parity VALUE:246   RADIX:UVM_HEX BITS=8}
  SET_ATTR @80000 {TXH:3 NAME:payload[0] VALUE:215   RADIX:UVM_HEX BITS=8}
  SET_ATTR @80000 {TXH:3 NAME:payload[1] VALUE:248   RADIX:UVM_HEX BITS=8}
  SET_ATTR @80000 {TXH:3 NAME:payload[2] VALUE:84   RADIX:UVM_HEX BITS=8}
  SET_ATTR @80000 {TXH:3 NAME:payload[3] VALUE:86   RADIX:UVM_HEX BITS=8}
  SET_ATTR @80000 {TXH:3 NAME:payload[4] VALUE:110   RADIX:UVM_HEX BITS=8}
  SET_ATTR @80000 {TXH:3 NAME:payload[52] VALUE:57   RADIX:UVM_HEX BITS=8}
  SET_ATTR @80000 {TXH:3 NAME:payload[53] VALUE:142   RADIX:UVM_HEX BITS=8}
  SET_ATTR @80000 {TXH:3 NAME:payload[54] VALUE:122   RADIX:UVM_HEX BITS=8}
  SET_ATTR @80000 {TXH:3 NAME:payload[55] VALUE:116   RADIX:UVM_HEX BITS=8}
  SET_ATTR @80000 {TXH:3 NAME:payload[56] VALUE:100   RADIX:UVM_HEX BITS=8}
  SET_ATTR @80000 {TXH:3 NAME:packet_delay VALUE:18   RADIX:UVM_HEX BITS=32}
  SET_ATTR @80000 {TXH:3 NAME:transaction_id VALUE:1   RADIX:UVM_DEC BITS=32}
END @80000 {TXH:3 TIME=0}
FREE @80000 {TXH:3}
BEGIN @80000 {TXH:8 STREAM:1 NAME:req TIME=0  TYPE="Begin_End, Link" LABEL:"" DESC=""}
  LINK @80000 {TXH1:2 TXH2:8 RELATION=child}
BEGIN @92000 {TXH:9 STREAM:4 NAME:req TIME=0  TYPE="Begin_End, Link" LABEL:"" DESC=""}
  LINK @92000 {TXH1:2 TXH2:9 RELATION=child}
BEGIN @92500 {TXH:10 STREAM:6 NAME:pkt TIME=0  TYPE="Begin_No_Parent, Link" LABEL:"" DESC=""}
  SET_ATTR @148500 {TXH:10 NAME:addr VALUE:1   RADIX:UVM_DEC BITS=2}
  SET_ATTR @148500 {TXH:10 NAME:length VALUE:55   RADIX:UVM_DEC BITS=6}
  SET_ATTR @148500 {TXH:10 NAME:parity VALUE:181   RADIX:UVM_HEX BITS=8}
  SET_ATTR @148500 {TXH:10 NAME:payload[0] VALUE:31   RADIX:UVM_HEX BITS=8}
  SET_ATTR @148500 {TXH:10 NAME:payload[1] VALUE:35   RADIX:UVM_HEX BITS=8}
  SET_ATTR @148500 {TXH:10 NAME:payload[2] VALUE:229   RADIX:UVM_HEX BITS=8}
  SET_ATTR @148500 {TXH:10 NAME:payload[3] VALUE:50   RADIX:UVM_HEX BITS=8}
  SET_ATTR @148500 {TXH:10 NAME:payload[4] VALUE:179   RADIX:UVM_HEX BITS=8}
  SET_ATTR @148500 {TXH:10 NAME:payload[50] VALUE:114   RADIX:UVM_HEX BITS=8}
  SET_ATTR @148500 {TXH:10 NAME:payload[51] VALUE:139   RADIX:UVM_HEX BITS=8}
  SET_ATTR @148500 {TXH:10 NAME:payload[52] VALUE:30   RADIX:UVM_HEX BITS=8}
  SET_ATTR @148500 {TXH:10 NAME:payload[53] VALUE:203   RADIX:UVM_HEX BITS=8}
  SET_ATTR @148500 {TXH:10 NAME:payload[54] VALUE:50   RADIX:UVM_HEX BITS=8}
  SET_ATTR @148500 {TXH:10 NAME:packet_delay VALUE:0   RADIX:UVM_HEX BITS=32}
END @148500 {TXH:10 TIME=0}
FREE @148500 {TXH:10}
  SET_ATTR @149000 {TXH:9 NAME:addr VALUE:1   RADIX:UVM_DEC BITS=2}
  SET_ATTR @149000 {TXH:9 NAME:length VALUE:55   RADIX:UVM_DEC BITS=6}
  SET_ATTR @149000 {TXH:9 NAME:parity VALUE:181   RADIX:UVM_HEX BITS=8}
  SET_ATTR @149000 {TXH:9 NAME:payload[0] VALUE:31   RADIX:UVM_HEX BITS=8}
  SET_ATTR @149000 {TXH:9 NAME:payload[1] VALUE:35   RADIX:UVM_HEX BITS=8}
  SET_ATTR @149000 {TXH:9 NAME:payload[2] VALUE:229   RADIX:UVM_HEX BITS=8}
  SET_ATTR @149000 {TXH:9 NAME:payload[3] VALUE:50   RADIX:UVM_HEX BITS=8}
  SET_ATTR @149000 {TXH:9 NAME:payload[4] VALUE:179   RADIX:UVM_HEX BITS=8}
  SET_ATTR @149000 {TXH:9 NAME:payload[50] VALUE:114   RADIX:UVM_HEX BITS=8}
  SET_ATTR @149000 {TXH:9 NAME:payload[51] VALUE:139   RADIX:UVM_HEX BITS=8}
  SET_ATTR @149000 {TXH:9 NAME:payload[52] VALUE:30   RADIX:UVM_HEX BITS=8}
  SET_ATTR @149000 {TXH:9 NAME:payload[53] VALUE:203   RADIX:UVM_HEX BITS=8}
  SET_ATTR @149000 {TXH:9 NAME:payload[54] VALUE:50   RADIX:UVM_HEX BITS=8}
  SET_ATTR @149000 {TXH:9 NAME:packet_delay VALUE:11   RADIX:UVM_HEX BITS=32}
  SET_ATTR @149000 {TXH:9 NAME:transaction_id VALUE:2   RADIX:UVM_DEC BITS=32}
END @149000 {TXH:9 TIME=0}
FREE @149000 {TXH:9}
  SET_ATTR @149000 {TXH:8 NAME:addr VALUE:1   RADIX:UVM_DEC BITS=2}
  SET_ATTR @149000 {TXH:8 NAME:length VALUE:55   RADIX:UVM_DEC BITS=6}
  SET_ATTR @149000 {TXH:8 NAME:parity VALUE:181   RADIX:UVM_HEX BITS=8}
  SET_ATTR @149000 {TXH:8 NAME:payload[0] VALUE:31   RADIX:UVM_HEX BITS=8}
  SET_ATTR @149000 {TXH:8 NAME:payload[1] VALUE:35   RADIX:UVM_HEX BITS=8}
  SET_ATTR @149000 {TXH:8 NAME:payload[2] VALUE:229   RADIX:UVM_HEX BITS=8}
  SET_ATTR @149000 {TXH:8 NAME:payload[3] VALUE:50   RADIX:UVM_HEX BITS=8}
  SET_ATTR @149000 {TXH:8 NAME:payload[4] VALUE:179   RADIX:UVM_HEX BITS=8}
  SET_ATTR @149000 {TXH:8 NAME:payload[50] VALUE:114   RADIX:UVM_HEX BITS=8}
  SET_ATTR @149000 {TXH:8 NAME:payload[51] VALUE:139   RADIX:UVM_HEX BITS=8}
  SET_ATTR @149000 {TXH:8 NAME:payload[52] VALUE:30   RADIX:UVM_HEX BITS=8}
  SET_ATTR @149000 {TXH:8 NAME:payload[53] VALUE:203   RADIX:UVM_HEX BITS=8}
  SET_ATTR @149000 {TXH:8 NAME:payload[54] VALUE:50   RADIX:UVM_HEX BITS=8}
  SET_ATTR @149000 {TXH:8 NAME:packet_delay VALUE:11   RADIX:UVM_HEX BITS=32}
  SET_ATTR @149000 {TXH:8 NAME:transaction_id VALUE:2   RADIX:UVM_DEC BITS=32}
END @149000 {TXH:8 TIME=0}
FREE @149000 {TXH:8}
BEGIN @149000 {TXH:11 STREAM:1 NAME:req TIME=0  TYPE="Begin_End, Link" LABEL:"" DESC=""}
  LINK @149000 {TXH1:2 TXH2:11 RELATION=child}
BEGIN @156000 {TXH:12 STREAM:4 NAME:req TIME=0  TYPE="Begin_End, Link" LABEL:"" DESC=""}
  LINK @156000 {TXH1:2 TXH2:12 RELATION=child}
BEGIN @156500 {TXH:13 STREAM:6 NAME:pkt TIME=0  TYPE="Begin_No_Parent, Link" LABEL:"" DESC=""}
  SET_ATTR @184500 {TXH:13 NAME:addr VALUE:2   RADIX:UVM_DEC BITS=2}
  SET_ATTR @184500 {TXH:13 NAME:length VALUE:27   RADIX:UVM_DEC BITS=6}
  SET_ATTR @184500 {TXH:13 NAME:parity VALUE:39   RADIX:UVM_HEX BITS=8}
  SET_ATTR @184500 {TXH:13 NAME:payload[0] VALUE:138   RADIX:UVM_HEX BITS=8}
  SET_ATTR @184500 {TXH:13 NAME:payload[1] VALUE:24   RADIX:UVM_HEX BITS=8}
  SET_ATTR @184500 {TXH:13 NAME:payload[2] VALUE:252   RADIX:UVM_HEX BITS=8}
  SET_ATTR @184500 {TXH:13 NAME:payload[3] VALUE:194   RADIX:UVM_HEX BITS=8}
  SET_ATTR @184500 {TXH:13 NAME:payload[4] VALUE:108   RADIX:UVM_HEX BITS=8}
  SET_ATTR @184500 {TXH:13 NAME:payload[22] VALUE:71   RADIX:UVM_HEX BITS=8}
  SET_ATTR @184500 {TXH:13 NAME:payload[23] VALUE:7   RADIX:UVM_HEX BITS=8}
  SET_ATTR @184500 {TXH:13 NAME:payload[24] VALUE:132   RADIX:UVM_HEX BITS=8}
  SET_ATTR @184500 {TXH:13 NAME:payload[25] VALUE:215   RADIX:UVM_HEX BITS=8}
  SET_ATTR @184500 {TXH:13 NAME:payload[26] VALUE:194   RADIX:UVM_HEX BITS=8}
  SET_ATTR @184500 {TXH:13 NAME:packet_delay VALUE:0   RADIX:UVM_HEX BITS=32}
END @184500 {TXH:13 TIME=0}
FREE @184500 {TXH:13}
  SET_ATTR @185000 {TXH:12 NAME:addr VALUE:2   RADIX:UVM_DEC BITS=2}
  SET_ATTR @185000 {TXH:12 NAME:length VALUE:27   RADIX:UVM_DEC BITS=6}
  SET_ATTR @185000 {TXH:12 NAME:parity VALUE:39   RADIX:UVM_HEX BITS=8}
  SET_ATTR @185000 {TXH:12 NAME:payload[0] VALUE:138   RADIX:UVM_HEX BITS=8}
  SET_ATTR @185000 {TXH:12 NAME:payload[1] VALUE:24   RADIX:UVM_HEX BITS=8}
  SET_ATTR @185000 {TXH:12 NAME:payload[2] VALUE:252   RADIX:UVM_HEX BITS=8}
  SET_ATTR @185000 {TXH:12 NAME:payload[3] VALUE:194   RADIX:UVM_HEX BITS=8}
  SET_ATTR @185000 {TXH:12 NAME:payload[4] VALUE:108   RADIX:UVM_HEX BITS=8}
  SET_ATTR @185000 {TXH:12 NAME:payload[22] VALUE:71   RADIX:UVM_HEX BITS=8}
  SET_ATTR @185000 {TXH:12 NAME:payload[23] VALUE:7   RADIX:UVM_HEX BITS=8}
  SET_ATTR @185000 {TXH:12 NAME:payload[24] VALUE:132   RADIX:UVM_HEX BITS=8}
  SET_ATTR @185000 {TXH:12 NAME:payload[25] VALUE:215   RADIX:UVM_HEX BITS=8}
  SET_ATTR @185000 {TXH:12 NAME:payload[26] VALUE:194   RADIX:UVM_HEX BITS=8}
  SET_ATTR @185000 {TXH:12 NAME:packet_delay VALUE:6   RADIX:UVM_HEX BITS=32}
  SET_ATTR @185000 {TXH:12 NAME:transaction_id VALUE:3   RADIX:UVM_DEC BITS=32}
END @185000 {TXH:12 TIME=0}
FREE @185000 {TXH:12}
  SET_ATTR @185000 {TXH:11 NAME:addr VALUE:2   RADIX:UVM_DEC BITS=2}
  SET_ATTR @185000 {TXH:11 NAME:length VALUE:27   RADIX:UVM_DEC BITS=6}
  SET_ATTR @185000 {TXH:11 NAME:parity VALUE:39   RADIX:UVM_HEX BITS=8}
  SET_ATTR @185000 {TXH:11 NAME:payload[0] VALUE:138   RADIX:UVM_HEX BITS=8}
  SET_ATTR @185000 {TXH:11 NAME:payload[1] VALUE:24   RADIX:UVM_HEX BITS=8}
  SET_ATTR @185000 {TXH:11 NAME:payload[2] VALUE:252   RADIX:UVM_HEX BITS=8}
  SET_ATTR @185000 {TXH:11 NAME:payload[3] VALUE:194   RADIX:UVM_HEX BITS=8}
  SET_ATTR @185000 {TXH:11 NAME:payload[4] VALUE:108   RADIX:UVM_HEX BITS=8}
  SET_ATTR @185000 {TXH:11 NAME:payload[22] VALUE:71   RADIX:UVM_HEX BITS=8}
  SET_ATTR @185000 {TXH:11 NAME:payload[23] VALUE:7   RADIX:UVM_HEX BITS=8}
  SET_ATTR @185000 {TXH:11 NAME:payload[24] VALUE:132   RADIX:UVM_HEX BITS=8}
  SET_ATTR @185000 {TXH:11 NAME:payload[25] VALUE:215   RADIX:UVM_HEX BITS=8}
  SET_ATTR @185000 {TXH:11 NAME:payload[26] VALUE:194   RADIX:UVM_HEX BITS=8}
  SET_ATTR @185000 {TXH:11 NAME:packet_delay VALUE:6   RADIX:UVM_HEX BITS=32}
  SET_ATTR @185000 {TXH:11 NAME:transaction_id VALUE:3   RADIX:UVM_DEC BITS=32}
END @185000 {TXH:11 TIME=0}
FREE @185000 {TXH:11}
END @185000 {TXH:2 TIME=0}
FREE @185000 {TXH:2}
  CREATE_STREAM @185000 {NAME:seqinc T:TVM SCOPE:uvm_test_top.tb.env.agnt.seqr STREAM:14}
BEGIN @185000 {TXH:15 STREAM:14 NAME:seqinc TIME=0  TYPE="Begin_No_Parent, Link" LABEL:"" DESC=""}
BEGIN @185000 {TXH:16 STREAM:14 NAME:req TIME=0  TYPE="Begin_End, Link" LABEL:"" DESC=""}
  LINK @185000 {TXH1:15 TXH2:16 RELATION=child}
BEGIN @203000 {TXH:17 STREAM:4 NAME:req TIME=0  TYPE="Begin_End, Link" LABEL:"" DESC=""}
  LINK @203000 {TXH1:15 TXH2:17 RELATION=child}
BEGIN @203500 {TXH:18 STREAM:6 NAME:pkt TIME=0  TYPE="Begin_No_Parent, Link" LABEL:"" DESC=""}
  SET_ATTR @260500 {TXH:18 NAME:addr VALUE:2   RADIX:UVM_DEC BITS=2}
  SET_ATTR @260500 {TXH:18 NAME:length VALUE:56   RADIX:UVM_DEC BITS=6}
  SET_ATTR @260500 {TXH:18 NAME:parity VALUE:226   RADIX:UVM_HEX BITS=8}
  SET_ATTR @260500 {TXH:18 NAME:payload[0] VALUE:0   RADIX:UVM_HEX BITS=8}
  SET_ATTR @260500 {TXH:18 NAME:payload[1] VALUE:1   RADIX:UVM_HEX BITS=8}
  SET_ATTR @260500 {TXH:18 NAME:payload[2] VALUE:2   RADIX:UVM_HEX BITS=8}
  SET_ATTR @260500 {TXH:18 NAME:payload[3] VALUE:3   RADIX:UVM_HEX BITS=8}
  SET_ATTR @260500 {TXH:18 NAME:payload[4] VALUE:4   RADIX:UVM_HEX BITS=8}
  SET_ATTR @260500 {TXH:18 NAME:payload[51] VALUE:51   RADIX:UVM_HEX BITS=8}
  SET_ATTR @260500 {TXH:18 NAME:payload[52] VALUE:52   RADIX:UVM_HEX BITS=8}
  SET_ATTR @260500 {TXH:18 NAME:payload[53] VALUE:53   RADIX:UVM_HEX BITS=8}
  SET_ATTR @260500 {TXH:18 NAME:payload[54] VALUE:54   RADIX:UVM_HEX BITS=8}
  SET_ATTR @260500 {TXH:18 NAME:payload[55] VALUE:55   RADIX:UVM_HEX BITS=8}
  SET_ATTR @260500 {TXH:18 NAME:packet_delay VALUE:0   RADIX:UVM_HEX BITS=32}
END @260500 {TXH:18 TIME=0}
FREE @260500 {TXH:18}
  SET_ATTR @261000 {TXH:17 NAME:addr VALUE:2   RADIX:UVM_DEC BITS=2}
  SET_ATTR @261000 {TXH:17 NAME:length VALUE:56   RADIX:UVM_DEC BITS=6}
  SET_ATTR @261000 {TXH:17 NAME:parity VALUE:226   RADIX:UVM_HEX BITS=8}
  SET_ATTR @261000 {TXH:17 NAME:payload[0] VALUE:0   RADIX:UVM_HEX BITS=8}
  SET_ATTR @261000 {TXH:17 NAME:payload[1] VALUE:1   RADIX:UVM_HEX BITS=8}
  SET_ATTR @261000 {TXH:17 NAME:payload[2] VALUE:2   RADIX:UVM_HEX BITS=8}
  SET_ATTR @261000 {TXH:17 NAME:payload[3] VALUE:3   RADIX:UVM_HEX BITS=8}
  SET_ATTR @261000 {TXH:17 NAME:payload[4] VALUE:4   RADIX:UVM_HEX BITS=8}
  SET_ATTR @261000 {TXH:17 NAME:payload[51] VALUE:51   RADIX:UVM_HEX BITS=8}
  SET_ATTR @261000 {TXH:17 NAME:payload[52] VALUE:52   RADIX:UVM_HEX BITS=8}
  SET_ATTR @261000 {TXH:17 NAME:payload[53] VALUE:53   RADIX:UVM_HEX BITS=8}
  SET_ATTR @261000 {TXH:17 NAME:payload[54] VALUE:54   RADIX:UVM_HEX BITS=8}
  SET_ATTR @261000 {TXH:17 NAME:payload[55] VALUE:55   RADIX:UVM_HEX BITS=8}
  SET_ATTR @261000 {TXH:17 NAME:packet_delay VALUE:17   RADIX:UVM_HEX BITS=32}
  SET_ATTR @261000 {TXH:17 NAME:transaction_id VALUE:1   RADIX:UVM_DEC BITS=32}
END @261000 {TXH:17 TIME=0}
FREE @261000 {TXH:17}
  SET_ATTR @261000 {TXH:16 NAME:addr VALUE:2   RADIX:UVM_DEC BITS=2}
  SET_ATTR @261000 {TXH:16 NAME:length VALUE:56   RADIX:UVM_DEC BITS=6}
  SET_ATTR @261000 {TXH:16 NAME:parity VALUE:226   RADIX:UVM_HEX BITS=8}
  SET_ATTR @261000 {TXH:16 NAME:payload[0] VALUE:0   RADIX:UVM_HEX BITS=8}
  SET_ATTR @261000 {TXH:16 NAME:payload[1] VALUE:1   RADIX:UVM_HEX BITS=8}
  SET_ATTR @261000 {TXH:16 NAME:payload[2] VALUE:2   RADIX:UVM_HEX BITS=8}
  SET_ATTR @261000 {TXH:16 NAME:payload[3] VALUE:3   RADIX:UVM_HEX BITS=8}
  SET_ATTR @261000 {TXH:16 NAME:payload[4] VALUE:4   RADIX:UVM_HEX BITS=8}
  SET_ATTR @261000 {TXH:16 NAME:payload[51] VALUE:51   RADIX:UVM_HEX BITS=8}
  SET_ATTR @261000 {TXH:16 NAME:payload[52] VALUE:52   RADIX:UVM_HEX BITS=8}
  SET_ATTR @261000 {TXH:16 NAME:payload[53] VALUE:53   RADIX:UVM_HEX BITS=8}
  SET_ATTR @261000 {TXH:16 NAME:payload[54] VALUE:54   RADIX:UVM_HEX BITS=8}
  SET_ATTR @261000 {TXH:16 NAME:payload[55] VALUE:55   RADIX:UVM_HEX BITS=8}
  SET_ATTR @261000 {TXH:16 NAME:packet_delay VALUE:17   RADIX:UVM_HEX BITS=32}
  SET_ATTR @261000 {TXH:16 NAME:transaction_id VALUE:1   RADIX:UVM_DEC BITS=32}
END @261000 {TXH:16 TIME=0}
FREE @261000 {TXH:16}
END @261000 {TXH:15 TIME=0}
FREE @261000 {TXH:15}
