  CREATE_STREAM @0 {NAME:seq1 T:TVM SCOPE:uvm_test_top.tb.env.agnt.seqr STREAM:1}
BEGIN @0 {TXH:2 STREAM:1 NAME:seq1 TIME=0  TYPE="Begin_No_Parent, Link" LABEL:"" DESC=""}
  CREATE_STREAM @0 {NAME:yapp_exhaustive_seq T:TVM SCOPE:uvm_test_top.tb.env.agnt.seqr STREAM:3}
BEGIN @0 {TXH:4 STREAM:3 NAME:yapp_exhaustive_seq TIME=0  TYPE="Begin_No_Parent, Link" LABEL:"" DESC=""}
BEGIN @0 {TXH:5 STREAM:1 NAME:seq1 TIME=0  TYPE="Begin_End, Link" LABEL:"" DESC=""}
  LINK @0 {TXH1:2 TXH2:5 RELATION=child}
BEGIN @0 {TXH:6 STREAM:3 NAME:seq1 TIME=0  TYPE="Begin_End, Link" LABEL:"" DESC=""}
  LINK @0 {TXH1:4 TXH2:6 RELATION=child}
BEGIN @0 {TXH:7 STREAM:1 NAME:req TIME=0  TYPE="Begin_End, Link" LABEL:"" DESC=""}
  LINK @0 {TXH1:5 TXH2:7 RELATION=child}
  SET_ATTR @1000 {TXH:7 NAME:addr VALUE:1   RADIX:UVM_DEC BITS=2}
  SET_ATTR @1000 {TXH:7 NAME:length VALUE:5   RADIX:UVM_DEC BITS=6}
  SET_ATTR @1000 {TXH:7 NAME:parity VALUE:25   RADIX:UVM_DEC BITS=8}
  SET_ATTR @1000 {TXH:7 NAME:payload[0] VALUE:53   RADIX:UVM_HEX BITS=8}
  SET_ATTR @1000 {TXH:7 NAME:payload[1] VALUE:153   RADIX:UVM_HEX BITS=8}
  SET_ATTR @1000 {TXH:7 NAME:payload[2] VALUE:122   RADIX:UVM_HEX BITS=8}
  SET_ATTR @1000 {TXH:7 NAME:payload[3] VALUE:117   RADIX:UVM_HEX BITS=8}
  SET_ATTR @1000 {TXH:7 NAME:payload[4] VALUE:186   RADIX:UVM_HEX BITS=8}
  SET_ATTR @1000 {TXH:7 NAME:packet_delay VALUE:10   RADIX:UVM_HEX BITS=32}
  SET_ATTR @1000 {TXH:7 NAME:transaction_id VALUE:1   RADIX:UVM_DEC BITS=32}
END @1000 {TXH:7 TIME=0}
FREE @1000 {TXH:7}
END @1000 {TXH:5 TIME=0}
FREE @1000 {TXH:5}
BEGIN @1000 {TXH:8 STREAM:1 NAME:seq012 TIME=0  TYPE="Begin_End, Link" LABEL:"" DESC=""}
  LINK @1000 {TXH1:2 TXH2:8 RELATION=child}
BEGIN @1000 {TXH:9 STREAM:3 NAME:req TIME=0  TYPE="Begin_End, Link" LABEL:"" DESC=""}
  LINK @1000 {TXH1:6 TXH2:9 RELATION=child}
  SET_ATTR @2000 {TXH:9 NAME:addr VALUE:1   RADIX:UVM_DEC BITS=2}
  SET_ATTR @2000 {TXH:9 NAME:length VALUE:4   RADIX:UVM_DEC BITS=6}
  SET_ATTR @2000 {TXH:9 NAME:parity VALUE:19   RADIX:UVM_DEC BITS=8}
  SET_ATTR @2000 {TXH:9 NAME:payload[0] VALUE:51   RADIX:UVM_HEX BITS=8}
  SET_ATTR @2000 {TXH:9 NAME:payload[1] VALUE:106   RADIX:UVM_HEX BITS=8}
  SET_ATTR @2000 {TXH:9 NAME:payload[2] VALUE:186   RADIX:UVM_HEX BITS=8}
  SET_ATTR @2000 {TXH:9 NAME:payload[3] VALUE:240   RADIX:UVM_HEX BITS=8}
  SET_ATTR @2000 {TXH:9 NAME:packet_delay VALUE:5   RADIX:UVM_HEX BITS=32}
  SET_ATTR @2000 {TXH:9 NAME:transaction_id VALUE:1   RADIX:UVM_DEC BITS=32}
END @2000 {TXH:9 TIME=0}
FREE @2000 {TXH:9}
END @2000 {TXH:6 TIME=0}
FREE @2000 {TXH:6}
BEGIN @2000 {TXH:10 STREAM:3 NAME:seq012 TIME=0  TYPE="Begin_End, Link" LABEL:"" DESC=""}
  LINK @2000 {TXH1:4 TXH2:10 RELATION=child}
BEGIN @2000 {TXH:11 STREAM:1 NAME:req TIME=0  TYPE="Begin_End, Link" LABEL:"" DESC=""}
  LINK @2000 {TXH1:8 TXH2:11 RELATION=child}
  SET_ATTR @3000 {TXH:11 NAME:addr VALUE:0   RADIX:UVM_DEC BITS=2}
  SET_ATTR @3000 {TXH:11 NAME:length VALUE:8   RADIX:UVM_DEC BITS=6}
  SET_ATTR @3000 {TXH:11 NAME:parity VALUE:8   RADIX:UVM_DEC BITS=8}
  SET_ATTR @3000 {TXH:11 NAME:payload[0] VALUE:45   RADIX:UVM_HEX BITS=8}
  SET_ATTR @3000 {TXH:11 NAME:payload[1] VALUE:56   RADIX:UVM_HEX BITS=8}
  SET_ATTR @3000 {TXH:11 NAME:payload[2] VALUE:140   RADIX:UVM_HEX BITS=8}
  SET_ATTR @3000 {TXH:11 NAME:payload[3] VALUE:108   RADIX:UVM_HEX BITS=8}
  SET_ATTR @3000 {TXH:11 NAME:payload[4] VALUE:6   RADIX:UVM_HEX BITS=8}
  SET_ATTR @3000 {TXH:11 NAME:payload[5] VALUE:112   RADIX:UVM_HEX BITS=8}
  SET_ATTR @3000 {TXH:11 NAME:payload[6] VALUE:189   RADIX:UVM_HEX BITS=8}
  SET_ATTR @3000 {TXH:11 NAME:payload[7] VALUE:54   RADIX:UVM_HEX BITS=8}
  SET_ATTR @3000 {TXH:11 NAME:packet_delay VALUE:15   RADIX:UVM_HEX BITS=32}
  SET_ATTR @3000 {TXH:11 NAME:transaction_id VALUE:1   RADIX:UVM_DEC BITS=32}
END @3000 {TXH:11 TIME=0}
FREE @3000 {TXH:11}
BEGIN @3000 {TXH:12 STREAM:3 NAME:req TIME=0  TYPE="Begin_End, Link" LABEL:"" DESC=""}
  LINK @3000 {TXH1:10 TXH2:12 RELATION=child}
  SET_ATTR @4000 {TXH:12 NAME:addr VALUE:0   RADIX:UVM_DEC BITS=2}
  SET_ATTR @4000 {TXH:12 NAME:length VALUE:4   RADIX:UVM_DEC BITS=6}
  SET_ATTR @4000 {TXH:12 NAME:parity VALUE:22   RADIX:UVM_DEC BITS=8}
  SET_ATTR @4000 {TXH:12 NAME:payload[0] VALUE:0   RADIX:UVM_HEX BITS=8}
  SET_ATTR @4000 {TXH:12 NAME:payload[1] VALUE:107   RADIX:UVM_HEX BITS=8}
  SET_ATTR @4000 {TXH:12 NAME:payload[2] VALUE:0   RADIX:UVM_HEX BITS=8}
  SET_ATTR @4000 {TXH:12 NAME:payload[3] VALUE:130   RADIX:UVM_HEX BITS=8}
  SET_ATTR @4000 {TXH:12 NAME:packet_delay VALUE:20   RADIX:UVM_HEX BITS=32}
  SET_ATTR @4000 {TXH:12 NAME:transaction_id VALUE:1   RADIX:UVM_DEC BITS=32}
END @4000 {TXH:12 TIME=0}
FREE @4000 {TXH:12}
BEGIN @4000 {TXH:13 STREAM:1 NAME:req TIME=0  TYPE="Begin_End, Link" LABEL:"" DESC=""}
  LINK @4000 {TXH1:8 TXH2:13 RELATION=child}
  SET_ATTR @5000 {TXH:13 NAME:addr VALUE:1   RADIX:UVM_DEC BITS=2}
  SET_ATTR @5000 {TXH:13 NAME:length VALUE:8   RADIX:UVM_DEC BITS=6}
  SET_ATTR @5000 {TXH:13 NAME:parity VALUE:101   RADIX:UVM_DEC BITS=8}
  SET_ATTR @5000 {TXH:13 NAME:payload[0] VALUE:187   RADIX:UVM_HEX BITS=8}
  SET_ATTR @5000 {TXH:13 NAME:payload[1] VALUE:38   RADIX:UVM_HEX BITS=8}
  SET_ATTR @5000 {TXH:13 NAME:payload[2] VALUE:8   RADIX:UVM_HEX BITS=8}
  SET_ATTR @5000 {TXH:13 NAME:payload[3] VALUE:188   RADIX:UVM_HEX BITS=8}
  SET_ATTR @5000 {TXH:13 NAME:payload[4] VALUE:146   RADIX:UVM_HEX BITS=8}
  SET_ATTR @5000 {TXH:13 NAME:payload[5] VALUE:167   RADIX:UVM_HEX BITS=8}
  SET_ATTR @5000 {TXH:13 NAME:payload[6] VALUE:238   RADIX:UVM_HEX BITS=8}
  SET_ATTR @5000 {TXH:13 NAME:payload[7] VALUE:151   RADIX:UVM_HEX BITS=8}
  SET_ATTR @5000 {TXH:13 NAME:packet_delay VALUE:10   RADIX:UVM_HEX BITS=32}
  SET_ATTR @5000 {TXH:13 NAME:transaction_id VALUE:2   RADIX:UVM_DEC BITS=32}
END @5000 {TXH:13 TIME=0}
FREE @5000 {TXH:13}
BEGIN @5000 {TXH:14 STREAM:3 NAME:req TIME=0  TYPE="Begin_End, Link" LABEL:"" DESC=""}
  LINK @5000 {TXH1:10 TXH2:14 RELATION=child}
  SET_ATTR @6000 {TXH:14 NAME:addr VALUE:1   RADIX:UVM_DEC BITS=2}
  SET_ATTR @6000 {TXH:14 NAME:length VALUE:11   RADIX:UVM_DEC BITS=6}
  SET_ATTR @6000 {TXH:14 NAME:parity VALUE:252   RADIX:UVM_DEC BITS=8}
  SET_ATTR @6000 {TXH:14 NAME:payload[0] VALUE:156   RADIX:UVM_HEX BITS=8}
  SET_ATTR @6000 {TXH:14 NAME:payload[1] VALUE:107   RADIX:UVM_HEX BITS=8}
  SET_ATTR @6000 {TXH:14 NAME:payload[2] VALUE:80   RADIX:UVM_HEX BITS=8}
  SET_ATTR @6000 {TXH:14 NAME:payload[3] VALUE:171   RADIX:UVM_HEX BITS=8}
  SET_ATTR @6000 {TXH:14 NAME:payload[4] VALUE:135   RADIX:UVM_HEX BITS=8}
  SET_ATTR @6000 {TXH:14 NAME:payload[6] VALUE:191   RADIX:UVM_HEX BITS=8}
  SET_ATTR @6000 {TXH:14 NAME:payload[7] VALUE:76   RADIX:UVM_HEX BITS=8}
  SET_ATTR @6000 {TXH:14 NAME:payload[8] VALUE:109   RADIX:UVM_HEX BITS=8}
  SET_ATTR @6000 {TXH:14 NAME:payload[9] VALUE:138   RADIX:UVM_HEX BITS=8}
  SET_ATTR @6000 {TXH:14 NAME:payload[10] VALUE:52   RADIX:UVM_HEX BITS=8}
  SET_ATTR @6000 {TXH:14 NAME:packet_delay VALUE:14   RADIX:UVM_HEX BITS=32}
  SET_ATTR @6000 {TXH:14 NAME:transaction_id VALUE:2   RADIX:UVM_DEC BITS=32}
END @6000 {TXH:14 TIME=0}
FREE @6000 {TXH:14}
BEGIN @6000 {TXH:15 STREAM:1 NAME:req TIME=0  TYPE="Begin_End, Link" LABEL:"" DESC=""}
  LINK @6000 {TXH1:8 TXH2:15 RELATION=child}
  SET_ATTR @7000 {TXH:15 NAME:addr VALUE:0   RADIX:UVM_DEC BITS=2}
  SET_ATTR @7000 {TXH:15 NAME:length VALUE:5   RADIX:UVM_DEC BITS=6}
  SET_ATTR @7000 {TXH:15 NAME:parity VALUE:55   RADIX:UVM_DEC BITS=8}
  SET_ATTR @7000 {TXH:15 NAME:payload[0] VALUE:68   RADIX:UVM_HEX BITS=8}
  SET_ATTR @7000 {TXH:15 NAME:payload[1] VALUE:129   RADIX:UVM_HEX BITS=8}
  SET_ATTR @7000 {TXH:15 NAME:payload[2] VALUE:55   RADIX:UVM_HEX BITS=8}
  SET_ATTR @7000 {TXH:15 NAME:payload[3] VALUE:21   RADIX:UVM_HEX BITS=8}
  SET_ATTR @7000 {TXH:15 NAME:payload[4] VALUE:208   RADIX:UVM_HEX BITS=8}
  SET_ATTR @7000 {TXH:15 NAME:packet_delay VALUE:14   RADIX:UVM_HEX BITS=32}
  SET_ATTR @7000 {TXH:15 NAME:transaction_id VALUE:3   RADIX:UVM_DEC BITS=32}
END @7000 {TXH:15 TIME=0}
FREE @7000 {TXH:15}
END @7000 {TXH:8 TIME=0}
FREE @7000 {TXH:8}
BEGIN @7000 {TXH:16 STREAM:1 NAME:seq111 TIME=0  TYPE="Begin_End, Link" LABEL:"" DESC=""}
  LINK @7000 {TXH1:2 TXH2:16 RELATION=child}
BEGIN @7000 {TXH:17 STREAM:1 NAME:seq1 TIME=0  TYPE="Begin_End, Link" LABEL:"" DESC=""}
  LINK @7000 {TXH1:16 TXH2:17 RELATION=child}
BEGIN @7000 {TXH:18 STREAM:3 NAME:req TIME=0  TYPE="Begin_End, Link" LABEL:"" DESC=""}
  LINK @7000 {TXH1:10 TXH2:18 RELATION=child}
  SET_ATTR @8000 {TXH:18 NAME:addr VALUE:0   RADIX:UVM_DEC BITS=2}
  SET_ATTR @8000 {TXH:18 NAME:length VALUE:11   RADIX:UVM_DEC BITS=6}
  SET_ATTR @8000 {TXH:18 NAME:parity VALUE:171   RADIX:UVM_DEC BITS=8}
  SET_ATTR @8000 {TXH:18 NAME:payload[0] VALUE:69   RADIX:UVM_HEX BITS=8}
  SET_ATTR @8000 {TXH:18 NAME:payload[1] VALUE:16   RADIX:UVM_HEX BITS=8}
  SET_ATTR @8000 {TXH:18 NAME:payload[2] VALUE:132   RADIX:UVM_HEX BITS=8}
  SET_ATTR @8000 {TXH:18 NAME:payload[3] VALUE:37   RADIX:UVM_HEX BITS=8}
  SET_ATTR @8000 {TXH:18 NAME:payload[4] VALUE:248   RADIX:UVM_HEX BITS=8}
  SET_ATTR @8000 {TXH:18 NAME:payload[6] VALUE:50   RADIX:UVM_HEX BITS=8}
  SET_ATTR @8000 {TXH:18 NAME:payload[7] VALUE:186   RADIX:UVM_HEX BITS=8}
  SET_ATTR @8000 {TXH:18 NAME:payload[8] VALUE:155   RADIX:UVM_HEX BITS=8}
  SET_ATTR @8000 {TXH:18 NAME:payload[9] VALUE:119   RADIX:UVM_HEX BITS=8}
  SET_ATTR @8000 {TXH:18 NAME:payload[10] VALUE:56   RADIX:UVM_HEX BITS=8}
  SET_ATTR @8000 {TXH:18 NAME:packet_delay VALUE:10   RADIX:UVM_HEX BITS=32}
  SET_ATTR @8000 {TXH:18 NAME:transaction_id VALUE:3   RADIX:UVM_DEC BITS=32}
END @8000 {TXH:18 TIME=0}
FREE @8000 {TXH:18}
END @8000 {TXH:10 TIME=0}
FREE @8000 {TXH:10}
BEGIN @8000 {TXH:19 STREAM:3 NAME:seq111 TIME=0  TYPE="Begin_End, Link" LABEL:"" DESC=""}
  LINK @8000 {TXH1:4 TXH2:19 RELATION=child}
BEGIN @8000 {TXH:20 STREAM:3 NAME:seq1 TIME=0  TYPE="Begin_End, Link" LABEL:"" DESC=""}
  LINK @8000 {TXH1:19 TXH2:20 RELATION=child}
BEGIN @8000 {TXH:21 STREAM:1 NAME:req TIME=0  TYPE="Begin_End, Link" LABEL:"" DESC=""}
  LINK @8000 {TXH1:17 TXH2:21 RELATION=child}
  SET_ATTR @9000 {TXH:21 NAME:addr VALUE:1   RADIX:UVM_DEC BITS=2}
  SET_ATTR @9000 {TXH:21 NAME:length VALUE:5   RADIX:UVM_DEC BITS=6}
  SET_ATTR @9000 {TXH:21 NAME:parity VALUE:94   RADIX:UVM_DEC BITS=8}
  SET_ATTR @9000 {TXH:21 NAME:payload[0] VALUE:25   RADIX:UVM_HEX BITS=8}
  SET_ATTR @9000 {TXH:21 NAME:payload[1] VALUE:237   RADIX:UVM_HEX BITS=8}
  SET_ATTR @9000 {TXH:21 NAME:payload[2] VALUE:241   RADIX:UVM_HEX BITS=8}
  SET_ATTR @9000 {TXH:21 NAME:payload[3] VALUE:106   RADIX:UVM_HEX BITS=8}
  SET_ATTR @9000 {TXH:21 NAME:payload[4] VALUE:49   RADIX:UVM_HEX BITS=8}
  SET_ATTR @9000 {TXH:21 NAME:packet_delay VALUE:14   RADIX:UVM_HEX BITS=32}
  SET_ATTR @9000 {TXH:21 NAME:transaction_id VALUE:1   RADIX:UVM_DEC BITS=32}
END @9000 {TXH:21 TIME=0}
FREE @9000 {TXH:21}
END @9000 {TXH:17 TIME=0}
FREE @9000 {TXH:17}
END @9000 {TXH:16 TIME=0}
FREE @9000 {TXH:16}
BEGIN @9000 {TXH:22 STREAM:1 NAME:seqras TIME=0  TYPE="Begin_End, Link" LABEL:"" DESC=""}
  LINK @9000 {TXH1:2 TXH2:22 RELATION=child}
BEGIN @9000 {TXH:23 STREAM:3 NAME:req TIME=0  TYPE="Begin_End, Link" LABEL:"" DESC=""}
  LINK @9000 {TXH1:20 TXH2:23 RELATION=child}
  SET_ATTR @10000 {TXH:23 NAME:addr VALUE:1   RADIX:UVM_DEC BITS=2}
  SET_ATTR @10000 {TXH:23 NAME:length VALUE:2   RADIX:UVM_DEC BITS=6}
  SET_ATTR @10000 {TXH:23 NAME:parity VALUE:58   RADIX:UVM_DEC BITS=8}
  SET_ATTR @10000 {TXH:23 NAME:payload[0] VALUE:52   RADIX:UVM_HEX BITS=8}
  SET_ATTR @10000 {TXH:23 NAME:payload[1] VALUE:14   RADIX:UVM_HEX BITS=8}
  SET_ATTR @10000 {TXH:23 NAME:packet_delay VALUE:2   RADIX:UVM_HEX BITS=32}
  SET_ATTR @10000 {TXH:23 NAME:transaction_id VALUE:1   RADIX:UVM_DEC BITS=32}
END @10000 {TXH:23 TIME=0}
FREE @10000 {TXH:23}
END @10000 {TXH:20 TIME=0}
FREE @10000 {TXH:20}
END @10000 {TXH:19 TIME=0}
FREE @10000 {TXH:19}
BEGIN @10000 {TXH:24 STREAM:3 NAME:seqras TIME=0  TYPE="Begin_End, Link" LABEL:"" DESC=""}
  LINK @10000 {TXH1:4 TXH2:24 RELATION=child}
BEGIN @10000 {TXH:25 STREAM:1 NAME:req TIME=0  TYPE="Begin_End, Link" LABEL:"" DESC=""}
  LINK @10000 {TXH1:22 TXH2:25 RELATION=child}
  SET_ATTR @11000 {TXH:25 NAME:addr VALUE:1   RADIX:UVM_DEC BITS=2}
  SET_ATTR @11000 {TXH:25 NAME:length VALUE:8   RADIX:UVM_DEC BITS=6}
  SET_ATTR @11000 {TXH:25 NAME:parity VALUE:241   RADIX:UVM_DEC BITS=8}
  SET_ATTR @11000 {TXH:25 NAME:payload[0] VALUE:7   RADIX:UVM_HEX BITS=8}
  SET_ATTR @11000 {TXH:25 NAME:payload[1] VALUE:73   RADIX:UVM_HEX BITS=8}
  SET_ATTR @11000 {TXH:25 NAME:payload[2] VALUE:60   RADIX:UVM_HEX BITS=8}
  SET_ATTR @11000 {TXH:25 NAME:payload[3] VALUE:122   RADIX:UVM_HEX BITS=8}
  SET_ATTR @11000 {TXH:25 NAME:payload[4] VALUE:127   RADIX:UVM_HEX BITS=8}
  SET_ATTR @11000 {TXH:25 NAME:payload[5] VALUE:88   RADIX:UVM_HEX BITS=8}
  SET_ATTR @11000 {TXH:25 NAME:payload[6] VALUE:49   RADIX:UVM_HEX BITS=8}
  SET_ATTR @11000 {TXH:25 NAME:payload[7] VALUE:239   RADIX:UVM_HEX BITS=8}
  SET_ATTR @11000 {TXH:25 NAME:packet_delay VALUE:18   RADIX:UVM_HEX BITS=32}
  SET_ATTR @11000 {TXH:25 NAME:transaction_id VALUE:1   RADIX:UVM_DEC BITS=32}
END @11000 {TXH:25 TIME=0}
FREE @11000 {TXH:25}
BEGIN @11000 {TXH:26 STREAM:3 NAME:req TIME=0  TYPE="Begin_End, Link" LABEL:"" DESC=""}
  LINK @11000 {TXH1:24 TXH2:26 RELATION=child}
  SET_ATTR @12000 {TXH:26 NAME:addr VALUE:0   RADIX:UVM_DEC BITS=2}
  SET_ATTR @12000 {TXH:26 NAME:length VALUE:5   RADIX:UVM_DEC BITS=6}
  SET_ATTR @12000 {TXH:26 NAME:parity VALUE:139   RADIX:UVM_DEC BITS=8}
  SET_ATTR @12000 {TXH:26 NAME:payload[0] VALUE:29   RADIX:UVM_HEX BITS=8}
  SET_ATTR @12000 {TXH:26 NAME:payload[1] VALUE:12   RADIX:UVM_HEX BITS=8}
  SET_ATTR @12000 {TXH:26 NAME:payload[2] VALUE:86   RADIX:UVM_HEX BITS=8}
  SET_ATTR @12000 {TXH:26 NAME:payload[3] VALUE:214   RADIX:UVM_HEX BITS=8}
  SET_ATTR @12000 {TXH:26 NAME:payload[4] VALUE:229   RADIX:UVM_HEX BITS=8}
  SET_ATTR @12000 {TXH:26 NAME:packet_delay VALUE:10   RADIX:UVM_HEX BITS=32}
  SET_ATTR @12000 {TXH:26 NAME:transaction_id VALUE:1   RADIX:UVM_DEC BITS=32}
END @12000 {TXH:26 TIME=0}
FREE @12000 {TXH:26}
BEGIN @12000 {TXH:27 STREAM:1 NAME:req TIME=0  TYPE="Begin_End, Link" LABEL:"" DESC=""}
  LINK @12000 {TXH1:22 TXH2:27 RELATION=child}
  SET_ATTR @13000 {TXH:27 NAME:addr VALUE:0   RADIX:UVM_DEC BITS=2}
  SET_ATTR @13000 {TXH:27 NAME:length VALUE:7   RADIX:UVM_DEC BITS=6}
  SET_ATTR @13000 {TXH:27 NAME:parity VALUE:41   RADIX:UVM_DEC BITS=8}
  SET_ATTR @13000 {TXH:27 NAME:payload[0] VALUE:95   RADIX:UVM_HEX BITS=8}
  SET_ATTR @13000 {TXH:27 NAME:payload[1] VALUE:44   RADIX:UVM_HEX BITS=8}
  SET_ATTR @13000 {TXH:27 NAME:payload[2] VALUE:71   RADIX:UVM_HEX BITS=8}
  SET_ATTR @13000 {TXH:27 NAME:payload[3] VALUE:136   RADIX:UVM_HEX BITS=8}
  SET_ATTR @13000 {TXH:27 NAME:payload[4] VALUE:132   RADIX:UVM_HEX BITS=8}
  SET_ATTR @13000 {TXH:27 NAME:payload[5] VALUE:253   RADIX:UVM_HEX BITS=8}
  SET_ATTR @13000 {TXH:27 NAME:payload[6] VALUE:236   RADIX:UVM_HEX BITS=8}
  SET_ATTR @13000 {TXH:27 NAME:packet_delay VALUE:13   RADIX:UVM_HEX BITS=32}
  SET_ATTR @13000 {TXH:27 NAME:transaction_id VALUE:2   RADIX:UVM_DEC BITS=32}
END @13000 {TXH:27 TIME=0}
FREE @13000 {TXH:27}
END @13000 {TXH:22 TIME=0}
FREE @13000 {TXH:22}
BEGIN @13000 {TXH:28 STREAM:1 NAME:seqincr TIME=0  TYPE="Begin_End, Link" LABEL:"" DESC=""}
  LINK @13000 {TXH1:2 TXH2:28 RELATION=child}
BEGIN @13000 {TXH:29 STREAM:3 NAME:req TIME=0  TYPE="Begin_End, Link" LABEL:"" DESC=""}
  LINK @13000 {TXH1:24 TXH2:29 RELATION=child}
  SET_ATTR @14000 {TXH:29 NAME:addr VALUE:0   RADIX:UVM_DEC BITS=2}
  SET_ATTR @14000 {TXH:29 NAME:length VALUE:7   RADIX:UVM_DEC BITS=6}
  SET_ATTR @14000 {TXH:29 NAME:parity VALUE:234   RADIX:UVM_DEC BITS=8}
  SET_ATTR @14000 {TXH:29 NAME:payload[0] VALUE:44   RADIX:UVM_HEX BITS=8}
  SET_ATTR @14000 {TXH:29 NAME:payload[1] VALUE:161   RADIX:UVM_HEX BITS=8}
  SET_ATTR @14000 {TXH:29 NAME:payload[2] VALUE:244   RADIX:UVM_HEX BITS=8}
  SET_ATTR @14000 {TXH:29 NAME:payload[3] VALUE:59   RADIX:UVM_HEX BITS=8}
  SET_ATTR @14000 {TXH:29 NAME:payload[4] VALUE:5   RADIX:UVM_HEX BITS=8}
  SET_ATTR @14000 {TXH:29 NAME:payload[5] VALUE:175   RADIX:UVM_HEX BITS=8}
  SET_ATTR @14000 {TXH:29 NAME:payload[6] VALUE:2   RADIX:UVM_HEX BITS=8}
  SET_ATTR @14000 {TXH:29 NAME:packet_delay VALUE:13   RADIX:UVM_HEX BITS=32}
  SET_ATTR @14000 {TXH:29 NAME:transaction_id VALUE:2   RADIX:UVM_DEC BITS=32}
END @14000 {TXH:29 TIME=0}
FREE @14000 {TXH:29}
END @14000 {TXH:24 TIME=0}
FREE @14000 {TXH:24}
BEGIN @14000 {TXH:30 STREAM:3 NAME:seqincr TIME=0  TYPE="Begin_End, Link" LABEL:"" DESC=""}
  LINK @14000 {TXH1:4 TXH2:30 RELATION=child}
BEGIN @14000 {TXH:31 STREAM:1 NAME:req TIME=0  TYPE="Begin_End, Link" LABEL:"" DESC=""}
  LINK @14000 {TXH1:28 TXH2:31 RELATION=child}
  SET_ATTR @15000 {TXH:31 NAME:addr VALUE:3   RADIX:UVM_DEC BITS=2}
  SET_ATTR @15000 {TXH:31 NAME:length VALUE:10   RADIX:UVM_DEC BITS=6}
  SET_ATTR @15000 {TXH:31 NAME:parity VALUE:1   RADIX:UVM_DEC BITS=8}
  SET_ATTR @15000 {TXH:31 NAME:payload[0] VALUE:0   RADIX:UVM_HEX BITS=8}
  SET_ATTR @15000 {TXH:31 NAME:payload[1] VALUE:1   RADIX:UVM_HEX BITS=8}
  SET_ATTR @15000 {TXH:31 NAME:payload[2] VALUE:2   RADIX:UVM_HEX BITS=8}
  SET_ATTR @15000 {TXH:31 NAME:payload[3] VALUE:3   RADIX:UVM_HEX BITS=8}
  SET_ATTR @15000 {TXH:31 NAME:payload[4] VALUE:4   RADIX:UVM_HEX BITS=8}
  SET_ATTR @15000 {TXH:31 NAME:payload[5] VALUE:5   RADIX:UVM_HEX BITS=8}
  SET_ATTR @15000 {TXH:31 NAME:payload[6] VALUE:6   RADIX:UVM_HEX BITS=8}
  SET_ATTR @15000 {TXH:31 NAME:payload[7] VALUE:7   RADIX:UVM_HEX BITS=8}
  SET_ATTR @15000 {TXH:31 NAME:payload[8] VALUE:8   RADIX:UVM_HEX BITS=8}
  SET_ATTR @15000 {TXH:31 NAME:payload[9] VALUE:9   RADIX:UVM_HEX BITS=8}
  SET_ATTR @15000 {TXH:31 NAME:packet_delay VALUE:20   RADIX:UVM_HEX BITS=32}
  SET_ATTR @15000 {TXH:31 NAME:transaction_id VALUE:1   RADIX:UVM_DEC BITS=32}
END @15000 {TXH:31 TIME=0}
FREE @15000 {TXH:31}
END @15000 {TXH:28 TIME=0}
FREE @15000 {TXH:28}
END @15000 {TXH:2 TIME=0}
FREE @15000 {TXH:2}
BEGIN @15000 {TXH:32 STREAM:3 NAME:req TIME=0  TYPE="Begin_End, Link" LABEL:"" DESC=""}
  LINK @15000 {TXH1:30 TXH2:32 RELATION=child}
  SET_ATTR @16000 {TXH:32 NAME:addr VALUE:0   RADIX:UVM_DEC BITS=2}
  SET_ATTR @16000 {TXH:32 NAME:length VALUE:1   RADIX:UVM_DEC BITS=6}
  SET_ATTR @16000 {TXH:32 NAME:parity VALUE:0   RADIX:UVM_DEC BITS=8}
  SET_ATTR @16000 {TXH:32 NAME:payload[0] VALUE:0   RADIX:UVM_HEX BITS=8}
  SET_ATTR @16000 {TXH:32 NAME:packet_delay VALUE:6   RADIX:UVM_HEX BITS=32}
  SET_ATTR @16000 {TXH:32 NAME:transaction_id VALUE:1   RADIX:UVM_DEC BITS=32}
END @16000 {TXH:32 TIME=0}
FREE @16000 {TXH:32}
END @16000 {TXH:30 TIME=0}
FREE @16000 {TXH:30}
END @16000 {TXH:4 TIME=0}
FREE @16000 {TXH:4}
