  CREATE_STREAM @0 {NAME:yapp_012_seq T:TVM SCOPE:uvm_test_top.tb.env.agnt.seqr STREAM:1}
BEGIN @0 {TXH:2 STREAM:1 NAME:yapp_012_seq TIME=0  TYPE="Begin_No_Parent, Link" LABEL:"" DESC=""}
BEGIN @2100 {TXH:3 STREAM:1 NAME:req TIME=0  TYPE="Begin_End, Link" LABEL:"" DESC=""}
  LINK @2100 {TXH1:2 TXH2:3 RELATION=child}
  CREATE_STREAM @20000 {NAME:Driver_YAPP_Packet T:TVM SCOPE:uvm_test_top.tb.env.agnt.drv STREAM:4}
BEGIN @20000 {TXH:5 STREAM:4 NAME:req TIME=0  TYPE="Begin_End, Link" LABEL:"" DESC=""}
  LINK @20000 {TXH1:2 TXH2:5 RELATION=child}
  CREATE_STREAM @20500 {NAME:Monitor_YAPP_Packet T:TVM SCOPE:uvm_test_top.tb.env.agnt.mon STREAM:6}
BEGIN @20500 {TXH:7 STREAM:6 NAME:pkt TIME=0  TYPE="Begin_No_Parent, Link" LABEL:"" DESC=""}
  SET_ATTR @48500 {TXH:7 NAME:addr VALUE:0   RADIX:UVM_DEC BITS=2}
  SET_ATTR @48500 {TXH:7 NAME:length VALUE:27   RADIX:UVM_DEC BITS=6}
  SET_ATTR @48500 {TXH:7 NAME:parity VALUE:143   RADIX:UVM_HEX BITS=8}
  SET_ATTR @48500 {TXH:7 NAME:payload[0] VALUE:30   RADIX:UVM_HEX BITS=8}
  SET_ATTR @48500 {TXH:7 NAME:payload[1] VALUE:95   RADIX:UVM_HEX BITS=8}
  SET_ATTR @48500 {TXH:7 NAME:payload[2] VALUE:162   RADIX:UVM_HEX BITS=8}
  SET_ATTR @48500 {TXH:7 NAME:payload[3] VALUE:127   RADIX:UVM_HEX BITS=8}
  SET_ATTR @48500 {TXH:7 NAME:payload[4] VALUE:223   RADIX:UVM_HEX BITS=8}
  SET_ATTR @48500 {TXH:7 NAME:payload[22] VALUE:206   RADIX:UVM_HEX BITS=8}
  SET_ATTR @48500 {TXH:7 NAME:payload[23] VALUE:2   RADIX:UVM_HEX BITS=8}
  SET_ATTR @48500 {TXH:7 NAME:payload[24] VALUE:7   RADIX:UVM_HEX BITS=8}
  SET_ATTR @48500 {TXH:7 NAME:payload[25] VALUE:59   RADIX:UVM_HEX BITS=8}
  SET_ATTR @48500 {TXH:7 NAME:payload[26] VALUE:99   RADIX:UVM_HEX BITS=8}
  SET_ATTR @48500 {TXH:7 NAME:packet_delay VALUE:0   RADIX:UVM_HEX BITS=32}
END @48500 {TXH:7 TIME=0}
FREE @48500 {TXH:7}
  SET_ATTR @49000 {TXH:5 NAME:addr VALUE:0   RADIX:UVM_DEC BITS=2}
  SET_ATTR @49000 {TXH:5 NAME:length VALUE:27   RADIX:UVM_DEC BITS=6}
  SET_ATTR @49000 {TXH:5 NAME:parity VALUE:143   RADIX:UVM_HEX BITS=8}
  SET_ATTR @49000 {TXH:5 NAME:payload[0] VALUE:30   RADIX:UVM_HEX BITS=8}
  SET_ATTR @49000 {TXH:5 NAME:payload[1] VALUE:95   RADIX:UVM_HEX BITS=8}
  SET_ATTR @49000 {TXH:5 NAME:payload[2] VALUE:162   RADIX:UVM_HEX BITS=8}
  SET_ATTR @49000 {TXH:5 NAME:payload[3] VALUE:127   RADIX:UVM_HEX BITS=8}
  SET_ATTR @49000 {TXH:5 NAME:payload[4] VALUE:223   RADIX:UVM_HEX BITS=8}
  SET_ATTR @49000 {TXH:5 NAME:payload[22] VALUE:206   RADIX:UVM_HEX BITS=8}
  SET_ATTR @49000 {TXH:5 NAME:payload[23] VALUE:2   RADIX:UVM_HEX BITS=8}
  SET_ATTR @49000 {TXH:5 NAME:payload[24] VALUE:7   RADIX:UVM_HEX BITS=8}
  SET_ATTR @49000 {TXH:5 NAME:payload[25] VALUE:59   RADIX:UVM_HEX BITS=8}
  SET_ATTR @49000 {TXH:5 NAME:payload[26] VALUE:99   RADIX:UVM_HEX BITS=8}
  SET_ATTR @49000 {TXH:5 NAME:packet_delay VALUE:17   RADIX:UVM_HEX BITS=32}
  SET_ATTR @49000 {TXH:5 NAME:transaction_id VALUE:1   RADIX:UVM_DEC BITS=32}
END @49000 {TXH:5 TIME=0}
FREE @49000 {TXH:5}
  SET_ATTR @49000 {TXH:3 NAME:addr VALUE:0   RADIX:UVM_DEC BITS=2}
  SET_ATTR @49000 {TXH:3 NAME:length VALUE:27   RADIX:UVM_DEC BITS=6}
  SET_ATTR @49000 {TXH:3 NAME:parity VALUE:143   RADIX:UVM_HEX BITS=8}
  SET_ATTR @49000 {TXH:3 NAME:payload[0] VALUE:30   RADIX:UVM_HEX BITS=8}
  SET_ATTR @49000 {TXH:3 NAME:payload[1] VALUE:95   RADIX:UVM_HEX BITS=8}
  SET_ATTR @49000 {TXH:3 NAME:payload[2] VALUE:162   RADIX:UVM_HEX BITS=8}
  SET_ATTR @49000 {TXH:3 NAME:payload[3] VALUE:127   RADIX:UVM_HEX BITS=8}
  SET_ATTR @49000 {TXH:3 NAME:payload[4] VALUE:223   RADIX:UVM_HEX BITS=8}
  SET_ATTR @49000 {TXH:3 NAME:payload[22] VALUE:206   RADIX:UVM_HEX BITS=8}
  SET_ATTR @49000 {TXH:3 NAME:payload[23] VALUE:2   RADIX:UVM_HEX BITS=8}
  SET_ATTR @49000 {TXH:3 NAME:payload[24] VALUE:7   RADIX:UVM_HEX BITS=8}
  SET_ATTR @49000 {TXH:3 NAME:payload[25] VALUE:59   RADIX:UVM_HEX BITS=8}
  SET_ATTR @49000 {TXH:3 NAME:payload[26] VALUE:99   RADIX:UVM_HEX BITS=8}
  SET_ATTR @49000 {TXH:3 NAME:packet_delay VALUE:17   RADIX:UVM_HEX BITS=32}
  SET_ATTR @49000 {TXH:3 NAME:transaction_id VALUE:1   RADIX:UVM_DEC BITS=32}
END @49000 {TXH:3 TIME=0}
FREE @49000 {TXH:3}
BEGIN @49000 {TXH:8 STREAM:1 NAME:req TIME=0  TYPE="Begin_End, Link" LABEL:"" DESC=""}
  LINK @49000 {TXH1:2 TXH2:8 RELATION=child}
BEGIN @56000 {TXH:9 STREAM:4 NAME:req TIME=0  TYPE="Begin_End, Link" LABEL:"" DESC=""}
  LINK @56000 {TXH1:2 TXH2:9 RELATION=child}
BEGIN @56500 {TXH:10 STREAM:6 NAME:pkt TIME=0  TYPE="Begin_No_Parent, Link" LABEL:"" DESC=""}
  SET_ATTR @112500 {TXH:10 NAME:addr VALUE:1   RADIX:UVM_DEC BITS=2}
  SET_ATTR @112500 {TXH:10 NAME:length VALUE:55   RADIX:UVM_DEC BITS=6}
  SET_ATTR @112500 {TXH:10 NAME:parity VALUE:4   RADIX:UVM_HEX BITS=8}
  SET_ATTR @112500 {TXH:10 NAME:payload[0] VALUE:130   RADIX:UVM_HEX BITS=8}
  SET_ATTR @112500 {TXH:10 NAME:payload[1] VALUE:129   RADIX:UVM_HEX BITS=8}
  SET_ATTR @112500 {TXH:10 NAME:payload[2] VALUE:94   RADIX:UVM_HEX BITS=8}
  SET_ATTR @112500 {TXH:10 NAME:payload[3] VALUE:237   RADIX:UVM_HEX BITS=8}
  SET_ATTR @112500 {TXH:10 NAME:payload[4] VALUE:209   RADIX:UVM_HEX BITS=8}
  SET_ATTR @112500 {TXH:10 NAME:payload[50] VALUE:16   RADIX:UVM_HEX BITS=8}
  SET_ATTR @112500 {TXH:10 NAME:payload[51] VALUE:157   RADIX:UVM_HEX BITS=8}
  SET_ATTR @112500 {TXH:10 NAME:payload[52] VALUE:134   RADIX:UVM_HEX BITS=8}
  SET_ATTR @112500 {TXH:10 NAME:payload[53] VALUE:147   RADIX:UVM_HEX BITS=8}
  SET_ATTR @112500 {TXH:10 NAME:payload[54] VALUE:215   RADIX:UVM_HEX BITS=8}
  SET_ATTR @112500 {TXH:10 NAME:packet_delay VALUE:0   RADIX:UVM_HEX BITS=32}
END @112500 {TXH:10 TIME=0}
FREE @112500 {TXH:10}
  SET_ATTR @113000 {TXH:9 NAME:addr VALUE:1   RADIX:UVM_DEC BITS=2}
  SET_ATTR @113000 {TXH:9 NAME:length VALUE:55   RADIX:UVM_DEC BITS=6}
  SET_ATTR @113000 {TXH:9 NAME:parity VALUE:4   RADIX:UVM_HEX BITS=8}
  SET_ATTR @113000 {TXH:9 NAME:payload[0] VALUE:130   RADIX:UVM_HEX BITS=8}
  SET_ATTR @113000 {TXH:9 NAME:payload[1] VALUE:129   RADIX:UVM_HEX BITS=8}
  SET_ATTR @113000 {TXH:9 NAME:payload[2] VALUE:94   RADIX:UVM_HEX BITS=8}
  SET_ATTR @113000 {TXH:9 NAME:payload[3] VALUE:237   RADIX:UVM_HEX BITS=8}
  SET_ATTR @113000 {TXH:9 NAME:payload[4] VALUE:209   RADIX:UVM_HEX BITS=8}
  SET_ATTR @113000 {TXH:9 NAME:payload[50] VALUE:16   RADIX:UVM_HEX BITS=8}
  SET_ATTR @113000 {TXH:9 NAME:payload[51] VALUE:157   RADIX:UVM_HEX BITS=8}
  SET_ATTR @113000 {TXH:9 NAME:payload[52] VALUE:134   RADIX:UVM_HEX BITS=8}
  SET_ATTR @113000 {TXH:9 NAME:payload[53] VALUE:147   RADIX:UVM_HEX BITS=8}
  SET_ATTR @113000 {TXH:9 NAME:payload[54] VALUE:215   RADIX:UVM_HEX BITS=8}
  SET_ATTR @113000 {TXH:9 NAME:packet_delay VALUE:6   RADIX:UVM_HEX BITS=32}
  SET_ATTR @113000 {TXH:9 NAME:transaction_id VALUE:2   RADIX:UVM_DEC BITS=32}
END @113000 {TXH:9 TIME=0}
FREE @113000 {TXH:9}
  SET_ATTR @113000 {TXH:8 NAME:addr VALUE:1   RADIX:UVM_DEC BITS=2}
  SET_ATTR @113000 {TXH:8 NAME:length VALUE:55   RADIX:UVM_DEC BITS=6}
  SET_ATTR @113000 {TXH:8 NAME:parity VALUE:4   RADIX:UVM_HEX BITS=8}
  SET_ATTR @113000 {TXH:8 NAME:payload[0] VALUE:130   RADIX:UVM_HEX BITS=8}
  SET_ATTR @113000 {TXH:8 NAME:payload[1] VALUE:129   RADIX:UVM_HEX BITS=8}
  SET_ATTR @113000 {TXH:8 NAME:payload[2] VALUE:94   RADIX:UVM_HEX BITS=8}
  SET_ATTR @113000 {TXH:8 NAME:payload[3] VALUE:237   RADIX:UVM_HEX BITS=8}
  SET_ATTR @113000 {TXH:8 NAME:payload[4] VALUE:209   RADIX:UVM_HEX BITS=8}
  SET_ATTR @113000 {TXH:8 NAME:payload[50] VALUE:16   RADIX:UVM_HEX BITS=8}
  SET_ATTR @113000 {TXH:8 NAME:payload[51] VALUE:157   RADIX:UVM_HEX BITS=8}
  SET_ATTR @113000 {TXH:8 NAME:payload[52] VALUE:134   RADIX:UVM_HEX BITS=8}
  SET_ATTR @113000 {TXH:8 NAME:payload[53] VALUE:147   RADIX:UVM_HEX BITS=8}
  SET_ATTR @113000 {TXH:8 NAME:payload[54] VALUE:215   RADIX:UVM_HEX BITS=8}
  SET_ATTR @113000 {TXH:8 NAME:packet_delay VALUE:6   RADIX:UVM_HEX BITS=32}
  SET_ATTR @113000 {TXH:8 NAME:transaction_id VALUE:2   RADIX:UVM_DEC BITS=32}
END @113000 {TXH:8 TIME=0}
FREE @113000 {TXH:8}
BEGIN @113000 {TXH:11 STREAM:1 NAME:req TIME=0  TYPE="Begin_End, Link" LABEL:"" DESC=""}
  LINK @113000 {TXH1:2 TXH2:11 RELATION=child}
BEGIN @121000 {TXH:12 STREAM:4 NAME:req TIME=0  TYPE="Begin_End, Link" LABEL:"" DESC=""}
  LINK @121000 {TXH1:2 TXH2:12 RELATION=child}
BEGIN @121500 {TXH:13 STREAM:6 NAME:pkt TIME=0  TYPE="Begin_No_Parent, Link" LABEL:"" DESC=""}
  SET_ATTR @135500 {TXH:13 NAME:addr VALUE:2   RADIX:UVM_DEC BITS=2}
  SET_ATTR @135500 {TXH:13 NAME:length VALUE:13   RADIX:UVM_DEC BITS=6}
  SET_ATTR @135500 {TXH:13 NAME:parity VALUE:122   RADIX:UVM_HEX BITS=8}
  SET_ATTR @135500 {TXH:13 NAME:payload[0] VALUE:25   RADIX:UVM_HEX BITS=8}
  SET_ATTR @135500 {TXH:13 NAME:payload[1] VALUE:92   RADIX:UVM_HEX BITS=8}
  SET_ATTR @135500 {TXH:13 NAME:payload[2] VALUE:225   RADIX:UVM_HEX BITS=8}
  SET_ATTR @135500 {TXH:13 NAME:payload[3] VALUE:15   RADIX:UVM_HEX BITS=8}
  SET_ATTR @135500 {TXH:13 NAME:payload[4] VALUE:111   RADIX:UVM_HEX BITS=8}
  SET_ATTR @135500 {TXH:13 NAME:payload[8] VALUE:217   RADIX:UVM_HEX BITS=8}
  SET_ATTR @135500 {TXH:13 NAME:payload[9] VALUE:188   RADIX:UVM_HEX BITS=8}
  SET_ATTR @135500 {TXH:13 NAME:payload[10] VALUE:140   RADIX:UVM_HEX BITS=8}
  SET_ATTR @135500 {TXH:13 NAME:payload[11] VALUE:143   RADIX:UVM_HEX BITS=8}
  SET_ATTR @135500 {TXH:13 NAME:payload[12] VALUE:101   RADIX:UVM_HEX BITS=8}
  SET_ATTR @135500 {TXH:13 NAME:packet_delay VALUE:0   RADIX:UVM_HEX BITS=32}
END @135500 {TXH:13 TIME=0}
FREE @135500 {TXH:13}
  SET_ATTR @136000 {TXH:12 NAME:addr VALUE:2   RADIX:UVM_DEC BITS=2}
  SET_ATTR @136000 {TXH:12 NAME:length VALUE:13   RADIX:UVM_DEC BITS=6}
  SET_ATTR @136000 {TXH:12 NAME:parity VALUE:122   RADIX:UVM_HEX BITS=8}
  SET_ATTR @136000 {TXH:12 NAME:payload[0] VALUE:25   RADIX:UVM_HEX BITS=8}
  SET_ATTR @136000 {TXH:12 NAME:payload[1] VALUE:92   RADIX:UVM_HEX BITS=8}
  SET_ATTR @136000 {TXH:12 NAME:payload[2] VALUE:225   RADIX:UVM_HEX BITS=8}
  SET_ATTR @136000 {TXH:12 NAME:payload[3] VALUE:15   RADIX:UVM_HEX BITS=8}
  SET_ATTR @136000 {TXH:12 NAME:payload[4] VALUE:111   RADIX:UVM_HEX BITS=8}
  SET_ATTR @136000 {TXH:12 NAME:payload[8] VALUE:217   RADIX:UVM_HEX BITS=8}
  SET_ATTR @136000 {TXH:12 NAME:payload[9] VALUE:188   RADIX:UVM_HEX BITS=8}
  SET_ATTR @136000 {TXH:12 NAME:payload[10] VALUE:140   RADIX:UVM_HEX BITS=8}
  SET_ATTR @136000 {TXH:12 NAME:payload[11] VALUE:143   RADIX:UVM_HEX BITS=8}
  SET_ATTR @136000 {TXH:12 NAME:payload[12] VALUE:101   RADIX:UVM_HEX BITS=8}
  SET_ATTR @136000 {TXH:12 NAME:packet_delay VALUE:7   RADIX:UVM_HEX BITS=32}
  SET_ATTR @136000 {TXH:12 NAME:transaction_id VALUE:3   RADIX:UVM_DEC BITS=32}
END @136000 {TXH:12 TIME=0}
FREE @136000 {TXH:12}
  SET_ATTR @136000 {TXH:11 NAME:addr VALUE:2   RADIX:UVM_DEC BITS=2}
  SET_ATTR @136000 {TXH:11 NAME:length VALUE:13   RADIX:UVM_DEC BITS=6}
  SET_ATTR @136000 {TXH:11 NAME:parity VALUE:122   RADIX:UVM_HEX BITS=8}
  SET_ATTR @136000 {TXH:11 NAME:payload[0] VALUE:25   RADIX:UVM_HEX BITS=8}
  SET_ATTR @136000 {TXH:11 NAME:payload[1] VALUE:92   RADIX:UVM_HEX BITS=8}
  SET_ATTR @136000 {TXH:11 NAME:payload[2] VALUE:225   RADIX:UVM_HEX BITS=8}
  SET_ATTR @136000 {TXH:11 NAME:payload[3] VALUE:15   RADIX:UVM_HEX BITS=8}
  SET_ATTR @136000 {TXH:11 NAME:payload[4] VALUE:111   RADIX:UVM_HEX BITS=8}
  SET_ATTR @136000 {TXH:11 NAME:payload[8] VALUE:217   RADIX:UVM_HEX BITS=8}
  SET_ATTR @136000 {TXH:11 NAME:payload[9] VALUE:188   RADIX:UVM_HEX BITS=8}
  SET_ATTR @136000 {TXH:11 NAME:payload[10] VALUE:140   RADIX:UVM_HEX BITS=8}
  SET_ATTR @136000 {TXH:11 NAME:payload[11] VALUE:143   RADIX:UVM_HEX BITS=8}
  SET_ATTR @136000 {TXH:11 NAME:payload[12] VALUE:101   RADIX:UVM_HEX BITS=8}
  SET_ATTR @136000 {TXH:11 NAME:packet_delay VALUE:7   RADIX:UVM_HEX BITS=32}
  SET_ATTR @136000 {TXH:11 NAME:transaction_id VALUE:3   RADIX:UVM_DEC BITS=32}
END @136000 {TXH:11 TIME=0}
FREE @136000 {TXH:11}
END @136000 {TXH:2 TIME=0}
FREE @136000 {TXH:2}
