Command: /home/Reda_Alhashem/chip_ver/YAPP_labs/yapp/Lab13_scb/work/./simv +UVM_TESTNAME=mcseq_test +UVM_VERBOSITY=UVM_FULL +ntb_random_seed_automatic -l report.log
Chronologic VCS simulator copyright 1991-2024
Contains Synopsys proprietary information.
Compiler version W-2024.09-SP1_Full64; Runtime version W-2024.09-SP1_Full64;  Mar 12 15:05 2025
NOTE: automatic random seed used: 147337596
----------------------------------------------------------------
UVM-1.1d.Synopsys
(C) 2007-2013 Mentor Graphics Corporation
(C) 2007-2013 Cadence Design Systems, Inc.
(C) 2006-2013 Synopsys, Inc.
(C) 2011-2013 Cypress Semiconductor Corp.
----------------------------------------------------------------

  ***********       IMPORTANT RELEASE NOTES         ************

  You are using a version of the UVM library that has been compiled
  with `UVM_NO_DEPRECATED undefined.
  See http://www.eda.org/svdb/view.php?id=3313 for more details.

  You are using a version of the UVM library that has been compiled
  with `UVM_OBJECT_MUST_HAVE_CONSTRUCTOR undefined.
  See http://www.eda.org/svdb/view.php?id=3770 for more details.

      (Specify +UVM_NO_RELNOTES to turn off this notice)

UVM_INFO ../task1_integ/tb/../tb/router_test_lib.sv(14) @ 0: uvm_test_top [mcseq_test] Inside Constructor!
UVM_INFO ../task1_integ/tb/../tb/router_test_lib.sv(123) @ 0: uvm_test_top [mcseq_test] Inside Constructor!
UVM_INFO @ 0: reporter [RNTST] Running test mcseq_test...
UVM_INFO ../task1_integ/tb/../tb/router_tb.sv(13) @ 0: uvm_test_top.tb [router_tb] Inside Constructor!
UVM_INFO ../task1_integ/tb/../tb/router_test_lib.sv(25) @ 0: uvm_test_top [mcseq_test] Inside Build phase
UVM_INFO ../task1_integ/tb/../tb/router_tb.sv(18) @ 0: uvm_test_top.tb [router_tb] Inside Build phase
UVM_INFO ../yapp/sv/yapp_env.sv(10) @ 0: uvm_test_top.tb.env [yapp_env] Inside Constructor!
UVM_INFO ../task1_integ/tb/../tb/router_mcsequencer.sv(13) @ 0: uvm_test_top.tb.routermseqr [router_mcsequencer] Inside Constructor!
UVM_INFO ../task1_integ/tb/../sb/router_scoreboard.sv(16) @ 0: uvm_test_top.tb.r_scb [router_scb] Inside Constructor!
UVM_INFO ../channel/sv/channel_rx_monitor.sv(68) @ 0: uvm_test_top.tb.chan0.rx_agent.monitor [NOCOV] Coverage not enabled for: uvm_test_top.tb.chan0.rx_agent.monitor
UVM_INFO ../channel/sv/channel_rx_monitor.sv(68) @ 0: uvm_test_top.tb.chan1.rx_agent.monitor [NOCOV] Coverage not enabled for: uvm_test_top.tb.chan1.rx_agent.monitor
UVM_INFO ../channel/sv/channel_rx_monitor.sv(68) @ 0: uvm_test_top.tb.chan2.rx_agent.monitor [NOCOV] Coverage not enabled for: uvm_test_top.tb.chan2.rx_agent.monitor
UVM_INFO ../yapp/sv/yapp_env.sv(19) @ 0: uvm_test_top.tb.env [yapp_env] Build Phase!
UVM_INFO ../yapp/sv/yapp_tx_agent.sv(17) @ 0: uvm_test_top.tb.env.agnt [yapp_tx_agent] Inside Constructor!
UVM_INFO ../yapp/sv/yapp_tx_agent.sv(26) @ 0: uvm_test_top.tb.env.agnt [yapp_tx_agent] Build Phase!
UVM_INFO ../yapp/sv/yapp_tx_sequencer.sv(9) @ 0: uvm_test_top.tb.env.agnt.seqr [yapp_tx_sequencer] Inside Constructor!
UVM_INFO ../yapp/sv/yapp_tx_driver.sv(10) @ 0: uvm_test_top.tb.env.agnt.drv [yapp_tx_driver] Inside Constructor!
UVM_INFO ../yapp/sv/yapp_tx_monitor.sv(11) @ 0: uvm_test_top.tb.env.agnt.mon [yapp_tx_monitor] Inside Constructor!
UVM_INFO ../yapp/sv/yapp_tx_driver.sv(17) @ 0: uvm_test_top.tb.env.agnt.drv [yapp_tx_driver] Connect Phase!
UVM_INFO ../yapp/sv/yapp_tx_monitor.sv(21) @ 0: uvm_test_top.tb.env.agnt.mon [yapp_tx_monitor] Connect Phase!
UVM_INFO ../yapp/sv/yapp_tx_agent.sv(42) @ 0: uvm_test_top.tb.env.agnt [yapp_tx_agent] Connect Phase!
UVM_INFO ../task1_integ/tb/../tb/router_tb.sv(46) @ 0: uvm_test_top.tb [router_tb] Connect Phase!
UVM_INFO @ 0: reporter [UVMTOP] UVM testbench topology:
--------------------------------------------------------------------------
Name                           Type                       Size  Value     
--------------------------------------------------------------------------
uvm_test_top                   mcseq_test                 -     @475      
  tb                           router_tb                  -     @483      
    chan0                      channel_env                -     @508      
      rx_agent                 channel_rx_agent           -     @706      
        driver                 channel_rx_driver          -     @846      
          rsp_port             uvm_analysis_port          -     @861      
            recording_detail   integral                   32    'd1       
          seq_item_port        uvm_seq_item_pull_port     -     @853      
            recording_detail   integral                   32    'd1       
          channel_id           integral                   32    'h0       
          recording_detail     integral                   32    'd1       
        monitor                channel_rx_monitor         -     @721      
          item_collected_port  uvm_analysis_port          -     @729      
            recording_detail   integral                   32    'd1       
          channel_id           integral                   32    'h0       
          checks_enable        integral                   1     'h1       
          coverage_enable      integral                   1     'h1       
          recording_detail     integral                   32    'd1       
        sequencer              channel_rx_sequencer       -     @737      
          rsp_export           uvm_analysis_export        -     @744      
            recording_detail   integral                   32    'd1       
          seq_item_export      uvm_seq_item_pull_imp      -     @838      
            recording_detail   integral                   32    'd1       
          recording_detail     integral                   32    'd1       
          arbitration_queue    array                      0     -         
          lock_queue           array                      0     -         
          num_last_reqs        integral                   32    'd1       
          num_last_rsps        integral                   32    'd1       
        is_active              uvm_active_passive_enum    1     UVM_ACTIVE
        recording_detail       integral                   32    'd1       
      channel_id               integral                   32    'h0       
      checks_enable            integral                   1     'h1       
      coverage_enable          integral                   1     'h1       
      recording_detail         integral                   32    'd1       
    chan1                      channel_env                -     @515      
      rx_agent                 channel_rx_agent           -     @885      
        driver                 channel_rx_driver          -     @1025     
          rsp_port             uvm_analysis_port          -     @1040     
            recording_detail   integral                   32    'd1       
          seq_item_port        uvm_seq_item_pull_port     -     @1032     
            recording_detail   integral                   32    'd1       
          channel_id           integral                   32    'h1       
          recording_detail     integral                   32    'd1       
        monitor                channel_rx_monitor         -     @900      
          item_collected_port  uvm_analysis_port          -     @908      
            recording_detail   integral                   32    'd1       
          channel_id           integral                   32    'h1       
          checks_enable        integral                   1     'h1       
          coverage_enable      integral                   1     'h1       
          recording_detail     integral                   32    'd1       
        sequencer              channel_rx_sequencer       -     @916      
          rsp_export           uvm_analysis_export        -     @923      
            recording_detail   integral                   32    'd1       
          seq_item_export      uvm_seq_item_pull_imp      -     @1017     
            recording_detail   integral                   32    'd1       
          recording_detail     integral                   32    'd1       
          arbitration_queue    array                      0     -         
          lock_queue           array                      0     -         
          num_last_reqs        integral                   32    'd1       
          num_last_rsps        integral                   32    'd1       
        is_active              uvm_active_passive_enum    1     UVM_ACTIVE
        recording_detail       integral                   32    'd1       
      channel_id               integral                   32    'h1       
      checks_enable            integral                   1     'h1       
      coverage_enable          integral                   1     'h1       
      recording_detail         integral                   32    'd1       
    chan2                      channel_env                -     @522      
      rx_agent                 channel_rx_agent           -     @1064     
        driver                 channel_rx_driver          -     @1204     
          rsp_port             uvm_analysis_port          -     @1219     
            recording_detail   integral                   32    'd1       
          seq_item_port        uvm_seq_item_pull_port     -     @1211     
            recording_detail   integral                   32    'd1       
          channel_id           integral                   32    'h2       
          recording_detail     integral                   32    'd1       
        monitor                channel_rx_monitor         -     @1079     
          item_collected_port  uvm_analysis_port          -     @1087     
            recording_detail   integral                   32    'd1       
          channel_id           integral                   32    'h2       
          checks_enable        integral                   1     'h1       
          coverage_enable      integral                   1     'h1       
          recording_detail     integral                   32    'd1       
        sequencer              channel_rx_sequencer       -     @1095     
          rsp_export           uvm_analysis_export        -     @1102     
            recording_detail   integral                   32    'd1       
          seq_item_export      uvm_seq_item_pull_imp      -     @1196     
            recording_detail   integral                   32    'd1       
          recording_detail     integral                   32    'd1       
          arbitration_queue    array                      0     -         
          lock_queue           array                      0     -         
          num_last_reqs        integral                   32    'd1       
          num_last_rsps        integral                   32    'd1       
        is_active              uvm_active_passive_enum    1     UVM_ACTIVE
        recording_detail       integral                   32    'd1       
      channel_id               integral                   32    'h2       
      checks_enable            integral                   1     'h1       
      coverage_enable          integral                   1     'h1       
      recording_detail         integral                   32    'd1       
    clk_rst_env                clock_and_reset_env        -     @545      
      agent                    clock_and_reset_agent      -     @1237     
        driver                 clock_and_reset_driver     -     @1248     
          rsp_port             uvm_analysis_port          -     @1263     
            recording_detail   integral                   32    'd1       
          seq_item_port        uvm_seq_item_pull_port     -     @1255     
            recording_detail   integral                   32    'd1       
          recording_detail     integral                   32    'd1       
        sequencer              clock_and_reset_sequencer  -     @1271     
          rsp_export           uvm_analysis_export        -     @1278     
            recording_detail   integral                   32    'd1       
          seq_item_export      uvm_seq_item_pull_imp      -     @1372     
            recording_detail   integral                   32    'd1       
          recording_detail     integral                   32    'd1       
          arbitration_queue    array                      0     -         
          lock_queue           array                      0     -         
          num_last_reqs        integral                   32    'd1       
          num_last_rsps        integral                   32    'd1       
        recording_detail       integral                   32    'd1       
      recording_detail         integral                   32    'd1       
    env                        yapp_env                   -     @501      
      agnt                     yapp_tx_agent              -     @1385     
        drv                    yapp_tx_driver             -     @1508     
          rsp_port             uvm_analysis_port          -     @1523     
            recording_detail   integral                   32    'd1       
          seq_item_port        uvm_seq_item_pull_port     -     @1515     
            recording_detail   integral                   32    'd1       
          recording_detail     integral                   32    'd1       
        mon                    yapp_tx_monitor            -     @1531     
          item_collected_port  uvm_analysis_port          -     @1538     
            recording_detail   integral                   32    'd1       
          recording_detail     integral                   32    'd1       
        seqr                   yapp_tx_sequencer          -     @1399     
          rsp_export           uvm_analysis_export        -     @1406     
            recording_detail   integral                   32    'd1       
          seq_item_export      uvm_seq_item_pull_imp      -     @1500     
            recording_detail   integral                   32    'd1       
          recording_detail     integral                   32    'd1       
          arbitration_queue    array                      0     -         
          lock_queue           array                      0     -         
          num_last_reqs        integral                   32    'd1       
          num_last_rsps        integral                   32    'd1       
        is_active              uvm_active_passive_enum    1     UVM_ACTIVE
        recording_detail       integral                   32    'd1       
      recording_detail         integral                   32    'd1       
    hbus                       hbus_env                   -     @534      
      masters[0]               hbus_master_agent          -     @1571     
        driver                 hbus_master_driver         -     @1694     
          rsp_port             uvm_analysis_port          -     @1709     
            recording_detail   integral                   32    'd1       
          seq_item_port        uvm_seq_item_pull_port     -     @1701     
            recording_detail   integral                   32    'd1       
          random_delay         integral                   1     'h0       
          master_id            integral                   32    'h0       
          recording_detail     integral                   32    'd1       
        sequencer              hbus_master_sequencer      -     @1585     
          rsp_export           uvm_analysis_export        -     @1592     
            recording_detail   integral                   32    'd1       
          seq_item_export      uvm_seq_item_pull_imp      -     @1686     
            recording_detail   integral                   32    'd1       
          recording_detail     integral                   32    'd1       
          arbitration_queue    array                      0     -         
          lock_queue           array                      0     -         
          num_last_reqs        integral                   32    'd1       
          num_last_rsps        integral                   32    'd1       
        monitor                hbus_monitor               -     @1555     
        is_active              uvm_active_passive_enum    1     UVM_ACTIVE
        master_id              integral                   32    'h0       
        recording_detail       integral                   32    'd1       
      monitor                  hbus_monitor               -     @1555     
        item_collected_port    uvm_analysis_port          -     @1562     
          recording_detail     integral                   32    'd1       
        checks_enable          integral                   1     'h1       
        coverage_enable        integral                   1     'h1       
        recording_detail       integral                   32    'd1       
      num_masters              integral                   32    'h1       
      num_slaves               integral                   32    'h0       
      checks_enable            integral                   1     'h1       
      coverage_enable          integral                   1     'h1       
      recording_detail         integral                   32    'd1       
    r_scb                      router_scb                 -     @661      
      chan0_in                 uvm_analysis_imp_chan0     -     @676      
        recording_detail       integral                   32    'd1       
      chan1_in                 uvm_analysis_imp_chan1     -     @684      
        recording_detail       integral                   32    'd1       
      chan2_in                 uvm_analysis_imp_chan2     -     @692      
        recording_detail       integral                   32    'd1       
      yapp_in                  uvm_analysis_imp_yapp      -     @668      
        recording_detail       integral                   32    'd1       
      recording_detail         integral                   32    'd1       
    routermseqr                router_mcsequencer         -     @552      
      rsp_export               uvm_analysis_export        -     @559      
        recording_detail       integral                   32    'd1       
      seq_item_export          uvm_seq_item_pull_imp      -     @653      
        recording_detail       integral                   32    'd1       
      recording_detail         integral                   32    'd1       
      arbitration_queue        array                      0     -         
      lock_queue               array                      0     -         
      num_last_reqs            integral                   32    'd1       
      num_last_rsps            integral                   32    'd1       
--------------------------------------------------------------------------

UVM_INFO ../yapp/sv/yapp_tx_driver.sv(92) @ 0: uvm_test_top.tb.env.agnt.drv [yapp_tx_driver] Running Simulation
UVM_INFO ../yapp/sv/yapp_tx_monitor.sv(74) @ 0: uvm_test_top.tb.env.agnt.mon [yapp_tx_monitor] Running Simulation
UVM_INFO ../yapp/sv/yapp_tx_sequencer.sv(18) @ 0: uvm_test_top.tb.env.agnt.seqr [yapp_tx_sequencer] Running Simulation
UVM_INFO ../yapp/sv/yapp_tx_agent.sv(53) @ 0: uvm_test_top.tb.env.agnt [yapp_tx_agent] Running Simulation
UVM_INFO ../yapp/sv/yapp_env.sv(30) @ 0: uvm_test_top.tb.env [yapp_env] Running Simulation
UVM_INFO ../task1_integ/tb/../tb/router_tb.sv(67) @ 0: uvm_test_top.tb [router_tb] Running Simulation
UVM_INFO ../channel/sv/channel_rx_monitor.sv(109) @ 0: uvm_test_top.tb.chan0.rx_agent.monitor [channel_rx_monitor] Inside the run() phase
UVM_INFO /mnt/NVME2/synopsys/vcs/W-2024.09-SP1/etc/uvm/seq/uvm_sequencer_base.svh(1390) @ 0: uvm_test_top.tb.chan0.rx_agent.sequencer [PHASESEQ] Starting default sequence 'channel_rx_resp_seq' for phase 'run'
UVM_INFO ../channel/sv/channel_rx_monitor.sv(109) @ 0: uvm_test_top.tb.chan1.rx_agent.monitor [channel_rx_monitor] Inside the run() phase
UVM_INFO /mnt/NVME2/synopsys/vcs/W-2024.09-SP1/etc/uvm/seq/uvm_sequencer_base.svh(1390) @ 0: uvm_test_top.tb.chan1.rx_agent.sequencer [PHASESEQ] Starting default sequence 'channel_rx_resp_seq' for phase 'run'
UVM_INFO ../channel/sv/channel_rx_monitor.sv(109) @ 0: uvm_test_top.tb.chan2.rx_agent.monitor [channel_rx_monitor] Inside the run() phase
UVM_INFO /mnt/NVME2/synopsys/vcs/W-2024.09-SP1/etc/uvm/seq/uvm_sequencer_base.svh(1390) @ 0: uvm_test_top.tb.chan2.rx_agent.sequencer [PHASESEQ] Starting default sequence 'channel_rx_resp_seq' for phase 'run'
UVM_INFO /mnt/NVME2/synopsys/vcs/W-2024.09-SP1/etc/uvm/seq/uvm_sequencer_base.svh(1390) @ 0: uvm_test_top.tb.clk_rst_env.agent.sequencer [PHASESEQ] Starting default sequence 'clk10_rst5_seq' for phase 'run'
UVM_INFO /mnt/NVME2/synopsys/vcs/W-2024.09-SP1/etc/uvm/seq/uvm_sequencer_base.svh(1384) @ 0: uvm_test_top.tb.env.agnt.seqr [PHASESEQ] No default phase sequence for phase 'run'
UVM_INFO /mnt/NVME2/synopsys/vcs/W-2024.09-SP1/etc/uvm/seq/uvm_sequencer_base.svh(1384) @ 0: uvm_test_top.tb.hbus.masters[0].sequencer [PHASESEQ] No default phase sequence for phase 'run'
UVM_INFO ../task1_integ/tb/../tb/router_mcseqs_lib.sv(57) @ 0: reporter@@router_simple_mcseq [router_simple_mcseq] Inside Constructor!
UVM_INFO /mnt/NVME2/synopsys/vcs/W-2024.09-SP1/etc/uvm/seq/uvm_sequencer_base.svh(1390) @ 0: uvm_test_top.tb.routermseqr [PHASESEQ] Starting default sequence 'router_simple_mcseq' for phase 'run'
UVM_INFO ../task1_integ/tb/../tb/router_mcseqs_lib.sv(21) @ 0: reporter@@router_simple_mcseq [router_simple_mcseq] raise objection
UVM_INFO ../channel/sv/channel_rx_seqs.sv(33) @ 0: uvm_test_top.tb.chan0.rx_agent.sequencer@@channel_rx_resp_seq [channel_rx_resp_seq] Executing channel_rx_resp_seq (forever)
UVM_INFO ../channel/sv/channel_rx_seqs.sv(33) @ 0: uvm_test_top.tb.chan1.rx_agent.sequencer@@channel_rx_resp_seq [channel_rx_resp_seq] Executing channel_rx_resp_seq (forever)
UVM_INFO ../channel/sv/channel_rx_seqs.sv(33) @ 0: uvm_test_top.tb.chan2.rx_agent.sequencer@@channel_rx_resp_seq [channel_rx_resp_seq] Executing channel_rx_resp_seq (forever)
UVM_INFO ../clock_and_reset/sv/clock_and_reset_seq.sv(48) @ 0: uvm_test_top.tb.clk_rst_env.agent.sequencer@@clk10_rst5_seq [clk10_rst5_seq] Starting test_sequence sequence body
UVM_INFO ../clock_and_reset/sv/clock_and_reset_seq.sv(20) @ 0: uvm_test_top.tb.clk_rst_env.agent.sequencer@@clk10_rst5_seq.cr [clock_and_reset_sequence] starting body clock_and_reset_wait_seq
UVM_INFO ../yapp/sv/yapp_tx_seqs.sv(130) @ 0: uvm_test_top.tb.env.agnt.seqr@@router_simple_mcseq.yapp012 [yapp_012_seq] Executing yapp_012_seq sequence
UVM_INFO /mnt/NVME2/synopsys/vcs/W-2024.09-SP1/etc/uvm/seq/uvm_sequencer_base.svh(1384) @ 0: uvm_test_top.tb.chan0.rx_agent.sequencer [PHASESEQ] No default phase sequence for phase 'pre_reset'
UVM_INFO /mnt/NVME2/synopsys/vcs/W-2024.09-SP1/etc/uvm/seq/uvm_sequencer_base.svh(1384) @ 0: uvm_test_top.tb.chan1.rx_agent.sequencer [PHASESEQ] No default phase sequence for phase 'pre_reset'
UVM_INFO /mnt/NVME2/synopsys/vcs/W-2024.09-SP1/etc/uvm/seq/uvm_sequencer_base.svh(1384) @ 0: uvm_test_top.tb.chan2.rx_agent.sequencer [PHASESEQ] No default phase sequence for phase 'pre_reset'
UVM_INFO /mnt/NVME2/synopsys/vcs/W-2024.09-SP1/etc/uvm/seq/uvm_sequencer_base.svh(1384) @ 0: uvm_test_top.tb.clk_rst_env.agent.sequencer [PHASESEQ] No default phase sequence for phase 'pre_reset'
UVM_INFO /mnt/NVME2/synopsys/vcs/W-2024.09-SP1/etc/uvm/seq/uvm_sequencer_base.svh(1384) @ 0: uvm_test_top.tb.env.agnt.seqr [PHASESEQ] No default phase sequence for phase 'pre_reset'
UVM_INFO /mnt/NVME2/synopsys/vcs/W-2024.09-SP1/etc/uvm/seq/uvm_sequencer_base.svh(1384) @ 0: uvm_test_top.tb.hbus.masters[0].sequencer [PHASESEQ] No default phase sequence for phase 'pre_reset'
UVM_INFO /mnt/NVME2/synopsys/vcs/W-2024.09-SP1/etc/uvm/seq/uvm_sequencer_base.svh(1384) @ 0: uvm_test_top.tb.routermseqr [PHASESEQ] No default phase sequence for phase 'pre_reset'
UVM_INFO /mnt/NVME2/synopsys/vcs/W-2024.09-SP1/etc/uvm/seq/uvm_sequencer_base.svh(1384) @ 0: uvm_test_top.tb.chan0.rx_agent.sequencer [PHASESEQ] No default phase sequence for phase 'reset'
UVM_INFO /mnt/NVME2/synopsys/vcs/W-2024.09-SP1/etc/uvm/seq/uvm_sequencer_base.svh(1384) @ 0: uvm_test_top.tb.chan1.rx_agent.sequencer [PHASESEQ] No default phase sequence for phase 'reset'
UVM_INFO /mnt/NVME2/synopsys/vcs/W-2024.09-SP1/etc/uvm/seq/uvm_sequencer_base.svh(1384) @ 0: uvm_test_top.tb.chan2.rx_agent.sequencer [PHASESEQ] No default phase sequence for phase 'reset'
UVM_INFO /mnt/NVME2/synopsys/vcs/W-2024.09-SP1/etc/uvm/seq/uvm_sequencer_base.svh(1384) @ 0: uvm_test_top.tb.clk_rst_env.agent.sequencer [PHASESEQ] No default phase sequence for phase 'reset'
UVM_INFO /mnt/NVME2/synopsys/vcs/W-2024.09-SP1/etc/uvm/seq/uvm_sequencer_base.svh(1384) @ 0: uvm_test_top.tb.env.agnt.seqr [PHASESEQ] No default phase sequence for phase 'reset'
UVM_INFO /mnt/NVME2/synopsys/vcs/W-2024.09-SP1/etc/uvm/seq/uvm_sequencer_base.svh(1384) @ 0: uvm_test_top.tb.hbus.masters[0].sequencer [PHASESEQ] No default phase sequence for phase 'reset'
UVM_INFO /mnt/NVME2/synopsys/vcs/W-2024.09-SP1/etc/uvm/seq/uvm_sequencer_base.svh(1384) @ 0: uvm_test_top.tb.routermseqr [PHASESEQ] No default phase sequence for phase 'reset'
UVM_INFO /mnt/NVME2/synopsys/vcs/W-2024.09-SP1/etc/uvm/seq/uvm_sequencer_base.svh(1384) @ 0: uvm_test_top.tb.chan0.rx_agent.sequencer [PHASESEQ] No default phase sequence for phase 'post_reset'
UVM_INFO /mnt/NVME2/synopsys/vcs/W-2024.09-SP1/etc/uvm/seq/uvm_sequencer_base.svh(1384) @ 0: uvm_test_top.tb.chan1.rx_agent.sequencer [PHASESEQ] No default phase sequence for phase 'post_reset'
UVM_INFO /mnt/NVME2/synopsys/vcs/W-2024.09-SP1/etc/uvm/seq/uvm_sequencer_base.svh(1384) @ 0: uvm_test_top.tb.chan2.rx_agent.sequencer [PHASESEQ] No default phase sequence for phase 'post_reset'
UVM_INFO /mnt/NVME2/synopsys/vcs/W-2024.09-SP1/etc/uvm/seq/uvm_sequencer_base.svh(1384) @ 0: uvm_test_top.tb.clk_rst_env.agent.sequencer [PHASESEQ] No default phase sequence for phase 'post_reset'
UVM_INFO /mnt/NVME2/synopsys/vcs/W-2024.09-SP1/etc/uvm/seq/uvm_sequencer_base.svh(1384) @ 0: uvm_test_top.tb.env.agnt.seqr [PHASESEQ] No default phase sequence for phase 'post_reset'
UVM_INFO /mnt/NVME2/synopsys/vcs/W-2024.09-SP1/etc/uvm/seq/uvm_sequencer_base.svh(1384) @ 0: uvm_test_top.tb.hbus.masters[0].sequencer [PHASESEQ] No default phase sequence for phase 'post_reset'
UVM_INFO /mnt/NVME2/synopsys/vcs/W-2024.09-SP1/etc/uvm/seq/uvm_sequencer_base.svh(1384) @ 0: uvm_test_top.tb.routermseqr [PHASESEQ] No default phase sequence for phase 'post_reset'
UVM_INFO /mnt/NVME2/synopsys/vcs/W-2024.09-SP1/etc/uvm/seq/uvm_sequencer_base.svh(1384) @ 0: uvm_test_top.tb.chan0.rx_agent.sequencer [PHASESEQ] No default phase sequence for phase 'pre_configure'
UVM_INFO /mnt/NVME2/synopsys/vcs/W-2024.09-SP1/etc/uvm/seq/uvm_sequencer_base.svh(1384) @ 0: uvm_test_top.tb.chan1.rx_agent.sequencer [PHASESEQ] No default phase sequence for phase 'pre_configure'
UVM_INFO /mnt/NVME2/synopsys/vcs/W-2024.09-SP1/etc/uvm/seq/uvm_sequencer_base.svh(1384) @ 0: uvm_test_top.tb.chan2.rx_agent.sequencer [PHASESEQ] No default phase sequence for phase 'pre_configure'
UVM_INFO /mnt/NVME2/synopsys/vcs/W-2024.09-SP1/etc/uvm/seq/uvm_sequencer_base.svh(1384) @ 0: uvm_test_top.tb.clk_rst_env.agent.sequencer [PHASESEQ] No default phase sequence for phase 'pre_configure'
UVM_INFO /mnt/NVME2/synopsys/vcs/W-2024.09-SP1/etc/uvm/seq/uvm_sequencer_base.svh(1384) @ 0: uvm_test_top.tb.env.agnt.seqr [PHASESEQ] No default phase sequence for phase 'pre_configure'
UVM_INFO /mnt/NVME2/synopsys/vcs/W-2024.09-SP1/etc/uvm/seq/uvm_sequencer_base.svh(1384) @ 0: uvm_test_top.tb.hbus.masters[0].sequencer [PHASESEQ] No default phase sequence for phase 'pre_configure'
UVM_INFO /mnt/NVME2/synopsys/vcs/W-2024.09-SP1/etc/uvm/seq/uvm_sequencer_base.svh(1384) @ 0: uvm_test_top.tb.routermseqr [PHASESEQ] No default phase sequence for phase 'pre_configure'
UVM_INFO /mnt/NVME2/synopsys/vcs/W-2024.09-SP1/etc/uvm/seq/uvm_sequencer_base.svh(1384) @ 0: uvm_test_top.tb.chan0.rx_agent.sequencer [PHASESEQ] No default phase sequence for phase 'configure'
UVM_INFO /mnt/NVME2/synopsys/vcs/W-2024.09-SP1/etc/uvm/seq/uvm_sequencer_base.svh(1384) @ 0: uvm_test_top.tb.chan1.rx_agent.sequencer [PHASESEQ] No default phase sequence for phase 'configure'
UVM_INFO /mnt/NVME2/synopsys/vcs/W-2024.09-SP1/etc/uvm/seq/uvm_sequencer_base.svh(1384) @ 0: uvm_test_top.tb.chan2.rx_agent.sequencer [PHASESEQ] No default phase sequence for phase 'configure'
UVM_INFO /mnt/NVME2/synopsys/vcs/W-2024.09-SP1/etc/uvm/seq/uvm_sequencer_base.svh(1384) @ 0: uvm_test_top.tb.clk_rst_env.agent.sequencer [PHASESEQ] No default phase sequence for phase 'configure'
UVM_INFO /mnt/NVME2/synopsys/vcs/W-2024.09-SP1/etc/uvm/seq/uvm_sequencer_base.svh(1384) @ 0: uvm_test_top.tb.env.agnt.seqr [PHASESEQ] No default phase sequence for phase 'configure'
UVM_INFO /mnt/NVME2/synopsys/vcs/W-2024.09-SP1/etc/uvm/seq/uvm_sequencer_base.svh(1384) @ 0: uvm_test_top.tb.hbus.masters[0].sequencer [PHASESEQ] No default phase sequence for phase 'configure'
UVM_INFO /mnt/NVME2/synopsys/vcs/W-2024.09-SP1/etc/uvm/seq/uvm_sequencer_base.svh(1384) @ 0: uvm_test_top.tb.routermseqr [PHASESEQ] No default phase sequence for phase 'configure'
UVM_INFO /mnt/NVME2/synopsys/vcs/W-2024.09-SP1/etc/uvm/seq/uvm_sequencer_base.svh(1384) @ 0: uvm_test_top.tb.chan0.rx_agent.sequencer [PHASESEQ] No default phase sequence for phase 'post_configure'
UVM_INFO /mnt/NVME2/synopsys/vcs/W-2024.09-SP1/etc/uvm/seq/uvm_sequencer_base.svh(1384) @ 0: uvm_test_top.tb.chan1.rx_agent.sequencer [PHASESEQ] No default phase sequence for phase 'post_configure'
UVM_INFO /mnt/NVME2/synopsys/vcs/W-2024.09-SP1/etc/uvm/seq/uvm_sequencer_base.svh(1384) @ 0: uvm_test_top.tb.chan2.rx_agent.sequencer [PHASESEQ] No default phase sequence for phase 'post_configure'
UVM_INFO /mnt/NVME2/synopsys/vcs/W-2024.09-SP1/etc/uvm/seq/uvm_sequencer_base.svh(1384) @ 0: uvm_test_top.tb.clk_rst_env.agent.sequencer [PHASESEQ] No default phase sequence for phase 'post_configure'
UVM_INFO /mnt/NVME2/synopsys/vcs/W-2024.09-SP1/etc/uvm/seq/uvm_sequencer_base.svh(1384) @ 0: uvm_test_top.tb.env.agnt.seqr [PHASESEQ] No default phase sequence for phase 'post_configure'
UVM_INFO /mnt/NVME2/synopsys/vcs/W-2024.09-SP1/etc/uvm/seq/uvm_sequencer_base.svh(1384) @ 0: uvm_test_top.tb.hbus.masters[0].sequencer [PHASESEQ] No default phase sequence for phase 'post_configure'
UVM_INFO /mnt/NVME2/synopsys/vcs/W-2024.09-SP1/etc/uvm/seq/uvm_sequencer_base.svh(1384) @ 0: uvm_test_top.tb.routermseqr [PHASESEQ] No default phase sequence for phase 'post_configure'
UVM_INFO /mnt/NVME2/synopsys/vcs/W-2024.09-SP1/etc/uvm/seq/uvm_sequencer_base.svh(1384) @ 0: uvm_test_top.tb.chan0.rx_agent.sequencer [PHASESEQ] No default phase sequence for phase 'pre_main'
UVM_INFO /mnt/NVME2/synopsys/vcs/W-2024.09-SP1/etc/uvm/seq/uvm_sequencer_base.svh(1384) @ 0: uvm_test_top.tb.chan1.rx_agent.sequencer [PHASESEQ] No default phase sequence for phase 'pre_main'
UVM_INFO /mnt/NVME2/synopsys/vcs/W-2024.09-SP1/etc/uvm/seq/uvm_sequencer_base.svh(1384) @ 0: uvm_test_top.tb.chan2.rx_agent.sequencer [PHASESEQ] No default phase sequence for phase 'pre_main'
UVM_INFO /mnt/NVME2/synopsys/vcs/W-2024.09-SP1/etc/uvm/seq/uvm_sequencer_base.svh(1384) @ 0: uvm_test_top.tb.clk_rst_env.agent.sequencer [PHASESEQ] No default phase sequence for phase 'pre_main'
UVM_INFO /mnt/NVME2/synopsys/vcs/W-2024.09-SP1/etc/uvm/seq/uvm_sequencer_base.svh(1384) @ 0: uvm_test_top.tb.env.agnt.seqr [PHASESEQ] No default phase sequence for phase 'pre_main'
UVM_INFO /mnt/NVME2/synopsys/vcs/W-2024.09-SP1/etc/uvm/seq/uvm_sequencer_base.svh(1384) @ 0: uvm_test_top.tb.hbus.masters[0].sequencer [PHASESEQ] No default phase sequence for phase 'pre_main'
UVM_INFO /mnt/NVME2/synopsys/vcs/W-2024.09-SP1/etc/uvm/seq/uvm_sequencer_base.svh(1384) @ 0: uvm_test_top.tb.routermseqr [PHASESEQ] No default phase sequence for phase 'pre_main'
UVM_INFO /mnt/NVME2/synopsys/vcs/W-2024.09-SP1/etc/uvm/seq/uvm_sequencer_base.svh(1384) @ 0: uvm_test_top.tb.chan0.rx_agent.sequencer [PHASESEQ] No default phase sequence for phase 'main'
UVM_INFO /mnt/NVME2/synopsys/vcs/W-2024.09-SP1/etc/uvm/seq/uvm_sequencer_base.svh(1384) @ 0: uvm_test_top.tb.chan1.rx_agent.sequencer [PHASESEQ] No default phase sequence for phase 'main'
UVM_INFO /mnt/NVME2/synopsys/vcs/W-2024.09-SP1/etc/uvm/seq/uvm_sequencer_base.svh(1384) @ 0: uvm_test_top.tb.chan2.rx_agent.sequencer [PHASESEQ] No default phase sequence for phase 'main'
UVM_INFO /mnt/NVME2/synopsys/vcs/W-2024.09-SP1/etc/uvm/seq/uvm_sequencer_base.svh(1384) @ 0: uvm_test_top.tb.clk_rst_env.agent.sequencer [PHASESEQ] No default phase sequence for phase 'main'
UVM_INFO /mnt/NVME2/synopsys/vcs/W-2024.09-SP1/etc/uvm/seq/uvm_sequencer_base.svh(1384) @ 0: uvm_test_top.tb.env.agnt.seqr [PHASESEQ] No default phase sequence for phase 'main'
UVM_INFO /mnt/NVME2/synopsys/vcs/W-2024.09-SP1/etc/uvm/seq/uvm_sequencer_base.svh(1384) @ 0: uvm_test_top.tb.hbus.masters[0].sequencer [PHASESEQ] No default phase sequence for phase 'main'
UVM_INFO /mnt/NVME2/synopsys/vcs/W-2024.09-SP1/etc/uvm/seq/uvm_sequencer_base.svh(1384) @ 0: uvm_test_top.tb.routermseqr [PHASESEQ] No default phase sequence for phase 'main'
UVM_INFO /mnt/NVME2/synopsys/vcs/W-2024.09-SP1/etc/uvm/seq/uvm_sequencer_base.svh(1384) @ 0: uvm_test_top.tb.chan0.rx_agent.sequencer [PHASESEQ] No default phase sequence for phase 'post_main'
UVM_INFO /mnt/NVME2/synopsys/vcs/W-2024.09-SP1/etc/uvm/seq/uvm_sequencer_base.svh(1384) @ 0: uvm_test_top.tb.chan1.rx_agent.sequencer [PHASESEQ] No default phase sequence for phase 'post_main'
UVM_INFO /mnt/NVME2/synopsys/vcs/W-2024.09-SP1/etc/uvm/seq/uvm_sequencer_base.svh(1384) @ 0: uvm_test_top.tb.chan2.rx_agent.sequencer [PHASESEQ] No default phase sequence for phase 'post_main'
UVM_INFO /mnt/NVME2/synopsys/vcs/W-2024.09-SP1/etc/uvm/seq/uvm_sequencer_base.svh(1384) @ 0: uvm_test_top.tb.clk_rst_env.agent.sequencer [PHASESEQ] No default phase sequence for phase 'post_main'
UVM_INFO /mnt/NVME2/synopsys/vcs/W-2024.09-SP1/etc/uvm/seq/uvm_sequencer_base.svh(1384) @ 0: uvm_test_top.tb.env.agnt.seqr [PHASESEQ] No default phase sequence for phase 'post_main'
UVM_INFO /mnt/NVME2/synopsys/vcs/W-2024.09-SP1/etc/uvm/seq/uvm_sequencer_base.svh(1384) @ 0: uvm_test_top.tb.hbus.masters[0].sequencer [PHASESEQ] No default phase sequence for phase 'post_main'
UVM_INFO /mnt/NVME2/synopsys/vcs/W-2024.09-SP1/etc/uvm/seq/uvm_sequencer_base.svh(1384) @ 0: uvm_test_top.tb.routermseqr [PHASESEQ] No default phase sequence for phase 'post_main'
UVM_INFO /mnt/NVME2/synopsys/vcs/W-2024.09-SP1/etc/uvm/seq/uvm_sequencer_base.svh(1384) @ 0: uvm_test_top.tb.chan0.rx_agent.sequencer [PHASESEQ] No default phase sequence for phase 'pre_shutdown'
UVM_INFO /mnt/NVME2/synopsys/vcs/W-2024.09-SP1/etc/uvm/seq/uvm_sequencer_base.svh(1384) @ 0: uvm_test_top.tb.chan1.rx_agent.sequencer [PHASESEQ] No default phase sequence for phase 'pre_shutdown'
UVM_INFO /mnt/NVME2/synopsys/vcs/W-2024.09-SP1/etc/uvm/seq/uvm_sequencer_base.svh(1384) @ 0: uvm_test_top.tb.chan2.rx_agent.sequencer [PHASESEQ] No default phase sequence for phase 'pre_shutdown'
UVM_INFO /mnt/NVME2/synopsys/vcs/W-2024.09-SP1/etc/uvm/seq/uvm_sequencer_base.svh(1384) @ 0: uvm_test_top.tb.clk_rst_env.agent.sequencer [PHASESEQ] No default phase sequence for phase 'pre_shutdown'
UVM_INFO /mnt/NVME2/synopsys/vcs/W-2024.09-SP1/etc/uvm/seq/uvm_sequencer_base.svh(1384) @ 0: uvm_test_top.tb.env.agnt.seqr [PHASESEQ] No default phase sequence for phase 'pre_shutdown'
UVM_INFO /mnt/NVME2/synopsys/vcs/W-2024.09-SP1/etc/uvm/seq/uvm_sequencer_base.svh(1384) @ 0: uvm_test_top.tb.hbus.masters[0].sequencer [PHASESEQ] No default phase sequence for phase 'pre_shutdown'
UVM_INFO /mnt/NVME2/synopsys/vcs/W-2024.09-SP1/etc/uvm/seq/uvm_sequencer_base.svh(1384) @ 0: uvm_test_top.tb.routermseqr [PHASESEQ] No default phase sequence for phase 'pre_shutdown'
UVM_INFO /mnt/NVME2/synopsys/vcs/W-2024.09-SP1/etc/uvm/seq/uvm_sequencer_base.svh(1384) @ 0: uvm_test_top.tb.chan0.rx_agent.sequencer [PHASESEQ] No default phase sequence for phase 'shutdown'
UVM_INFO /mnt/NVME2/synopsys/vcs/W-2024.09-SP1/etc/uvm/seq/uvm_sequencer_base.svh(1384) @ 0: uvm_test_top.tb.chan1.rx_agent.sequencer [PHASESEQ] No default phase sequence for phase 'shutdown'
UVM_INFO /mnt/NVME2/synopsys/vcs/W-2024.09-SP1/etc/uvm/seq/uvm_sequencer_base.svh(1384) @ 0: uvm_test_top.tb.chan2.rx_agent.sequencer [PHASESEQ] No default phase sequence for phase 'shutdown'
UVM_INFO /mnt/NVME2/synopsys/vcs/W-2024.09-SP1/etc/uvm/seq/uvm_sequencer_base.svh(1384) @ 0: uvm_test_top.tb.clk_rst_env.agent.sequencer [PHASESEQ] No default phase sequence for phase 'shutdown'
UVM_INFO /mnt/NVME2/synopsys/vcs/W-2024.09-SP1/etc/uvm/seq/uvm_sequencer_base.svh(1384) @ 0: uvm_test_top.tb.env.agnt.seqr [PHASESEQ] No default phase sequence for phase 'shutdown'
UVM_INFO /mnt/NVME2/synopsys/vcs/W-2024.09-SP1/etc/uvm/seq/uvm_sequencer_base.svh(1384) @ 0: uvm_test_top.tb.hbus.masters[0].sequencer [PHASESEQ] No default phase sequence for phase 'shutdown'
UVM_INFO /mnt/NVME2/synopsys/vcs/W-2024.09-SP1/etc/uvm/seq/uvm_sequencer_base.svh(1384) @ 0: uvm_test_top.tb.routermseqr [PHASESEQ] No default phase sequence for phase 'shutdown'
UVM_INFO /mnt/NVME2/synopsys/vcs/W-2024.09-SP1/etc/uvm/seq/uvm_sequencer_base.svh(1384) @ 0: uvm_test_top.tb.chan0.rx_agent.sequencer [PHASESEQ] No default phase sequence for phase 'post_shutdown'
UVM_INFO /mnt/NVME2/synopsys/vcs/W-2024.09-SP1/etc/uvm/seq/uvm_sequencer_base.svh(1384) @ 0: uvm_test_top.tb.chan1.rx_agent.sequencer [PHASESEQ] No default phase sequence for phase 'post_shutdown'
UVM_INFO /mnt/NVME2/synopsys/vcs/W-2024.09-SP1/etc/uvm/seq/uvm_sequencer_base.svh(1384) @ 0: uvm_test_top.tb.chan2.rx_agent.sequencer [PHASESEQ] No default phase sequence for phase 'post_shutdown'
UVM_INFO /mnt/NVME2/synopsys/vcs/W-2024.09-SP1/etc/uvm/seq/uvm_sequencer_base.svh(1384) @ 0: uvm_test_top.tb.clk_rst_env.agent.sequencer [PHASESEQ] No default phase sequence for phase 'post_shutdown'
UVM_INFO /mnt/NVME2/synopsys/vcs/W-2024.09-SP1/etc/uvm/seq/uvm_sequencer_base.svh(1384) @ 0: uvm_test_top.tb.env.agnt.seqr [PHASESEQ] No default phase sequence for phase 'post_shutdown'
UVM_INFO /mnt/NVME2/synopsys/vcs/W-2024.09-SP1/etc/uvm/seq/uvm_sequencer_base.svh(1384) @ 0: uvm_test_top.tb.hbus.masters[0].sequencer [PHASESEQ] No default phase sequence for phase 'post_shutdown'
UVM_INFO /mnt/NVME2/synopsys/vcs/W-2024.09-SP1/etc/uvm/seq/uvm_sequencer_base.svh(1384) @ 0: uvm_test_top.tb.routermseqr [PHASESEQ] No default phase sequence for phase 'post_shutdown'
UVM_INFO ../hbus/sv/hbus_monitor.sv(91) @ 50: uvm_test_top.tb.hbus.monitor [hbus_monitor] Reset Active
UVM_INFO ../hbus/sv/hbus_if.sv(41) @ 50: reporter [HBUS_IF] Master Observed Reset
UVM_INFO ../channel/sv/channel_rx_monitor.sv(113) @ 550: uvm_test_top.tb.chan0.rx_agent.monitor [channel_rx_monitor] Detected Reset Done
UVM_INFO ../channel/sv/channel_rx_monitor.sv(113) @ 550: uvm_test_top.tb.chan1.rx_agent.monitor [channel_rx_monitor] Detected Reset Done
UVM_INFO ../channel/sv/channel_rx_monitor.sv(113) @ 550: uvm_test_top.tb.chan2.rx_agent.monitor [channel_rx_monitor] Detected Reset Done
UVM_INFO ../channel/sv/channel_rx_driver.sv(72) @ 550: uvm_test_top.tb.chan0.rx_agent.driver [channel_rx_driver] Reset Dropped
UVM_INFO ../channel/sv/channel_rx_driver.sv(72) @ 550: uvm_test_top.tb.chan1.rx_agent.driver [channel_rx_driver] Reset Dropped
UVM_INFO ../channel/sv/channel_rx_driver.sv(72) @ 550: uvm_test_top.tb.chan2.rx_agent.driver [channel_rx_driver] Reset Dropped
UVM_INFO ../hbus/sv/hbus_master_driver.sv(57) @ 550: uvm_test_top.tb.hbus.masters[0].driver [hbus_master_driver] Reset Dropped
UVM_INFO ../yapp/sv/yapp_tx_monitor.sv(41) @ 550: uvm_test_top.tb.env.agnt.mon [yapp_tx_monitor] Detected Reset Done
UVM_INFO ../yapp/sv/yapp_tx_driver.sv(40) @ 550: uvm_test_top.tb.env.agnt.drv [yapp_tx_driver] Reset dropped
UVM_INFO ../hbus/sv/hbus_monitor.sv(93) @ 550: uvm_test_top.tb.hbus.monitor [hbus_monitor] Reset Deasserted
calc parity: 08
--- post randomize: 08
UVM_INFO ../yapp/sv/yapp_tx_driver.sv(45) @ 550: uvm_test_top.tb.env.agnt.drv [yapp_tx_driver] Sending Packet :
---------------------------------------------------------------------------------------------------------------
Name                           Type               Size  Value                                                  
---------------------------------------------------------------------------------------------------------------
req                            short_yapp_packet  -     @1803                                                  
  addr                         integral           2     'd0                                                    
  length                       integral           6     'd4                                                    
  parity                       integral           8     'h8                                                    
  payload                      da(integral)       4     -                                                      
    [0]                        integral           8     'h9b                                                   
    [1]                        integral           8     'hbf                                                   
    [2]                        integral           8     'hd0                                                   
    [3]                        integral           8     'hec                                                   
  packet_delay                 integral           32    'hb                                                    
  begin_time                   time               64    550                                                    
  depth                        int                32    'd3                                                    
  parent sequence (name)       string             7     yapp012                                                
  parent sequence (full name)  string             55    uvm_test_top.tb.routermseqr.router_simple_mcseq.yapp012
  sequencer                    string             29    uvm_test_top.tb.env.agnt.seqr                          
---------------------------------------------------------------------------------------------------------------

UVM_INFO ../yapp/sv/yapp_if.sv(88) @ 1750: reporter [YAPP_IF] collect packets
calc parity: 08
UVM_INFO ../yapp/sv/yapp_tx_monitor.sv(57) @ 2250: uvm_test_top.tb.env.agnt.mon [yapp_tx_monitor] Packet Collected :
----------------------------------------------
Name            Type               Size  Value
----------------------------------------------
pkt             short_yapp_packet  -     @1988
  addr          integral           2     'd0  
  length        integral           6     'd4  
  parity        integral           8     'h8  
  payload       da(integral)       4     -    
    [0]         integral           8     'h9b 
    [1]         integral           8     'hbf 
    [2]         integral           8     'hd0 
    [3]         integral           8     'hec 
  packet_delay  integral           32    'h0  
  begin_time    time               64    1750 
  end_time      time               64    2250 
----------------------------------------------

calc parity: ab
--- post randomize: ab
UVM_INFO ../yapp/sv/yapp_tx_driver.sv(45) @ 2300: uvm_test_top.tb.env.agnt.drv [yapp_tx_driver] Sending Packet :
---------------------------------------------------------------------------------------------------------------
Name                           Type               Size  Value                                                  
---------------------------------------------------------------------------------------------------------------
req                            short_yapp_packet  -     @2006                                                  
  addr                         integral           2     'd1                                                    
  length                       integral           6     'd9                                                    
  parity                       integral           8     'hab                                                   
  payload                      da(integral)       9     -                                                      
    [0]                        integral           8     'h9c                                                   
    [1]                        integral           8     'hb                                                    
    [2]                        integral           8     'hdb                                                   
    [3]                        integral           8     'hbf                                                   
    [4]                        integral           8     'hd0                                                   
    [5]                        integral           8     'hd5                                                   
    [6]                        integral           8     'h21                                                   
    [7]                        integral           8     'hca                                                   
    [8]                        integral           8     'h93                                                   
  packet_delay                 integral           32    'h13                                                   
  begin_time                   time               64    2300                                                   
  depth                        int                32    'd3                                                    
  parent sequence (name)       string             7     yapp012                                                
  parent sequence (full name)  string             55    uvm_test_top.tb.routermseqr.router_simple_mcseq.yapp012
  sequencer                    string             29    uvm_test_top.tb.env.agnt.seqr                          
---------------------------------------------------------------------------------------------------------------

UVM_INFO ../channel/sv/channel_rx_monitor.sv(144) @ 2750: uvm_test_top.tb.chan0.rx_agent.monitor [channel_rx_monitor] Channel_0 Packet collected :
---------------------------------------------------
Name              Type            Size  Value      
---------------------------------------------------
packet_collected  channel_packet  -     @1976      
  length          integral        6     'h4        
  addr            integral        2     'h0        
  payload         da(integral)    4     -          
    [0]           integral        8     'h9b       
    [1]           integral        8     'hbf       
    [2]           integral        8     'hd0       
    [3]           integral        8     'hec       
  parity          integral        8     'h8        
  parity_type     parity_e        1     GOOD_PARITY
  packet_delay    integral        32    'd0        
  begin_time      time            64    2150       
  end_time        time            64    2750       
---------------------------------------------------

UVM_INFO ../yapp/sv/yapp_if.sv(88) @ 4350: reporter [YAPP_IF] collect packets
calc parity: ab
UVM_INFO ../yapp/sv/yapp_tx_monitor.sv(57) @ 5350: uvm_test_top.tb.env.agnt.mon [yapp_tx_monitor] Packet Collected :
----------------------------------------------
Name            Type               Size  Value
----------------------------------------------
pkt             short_yapp_packet  -     @2000
  addr          integral           2     'd1  
  length        integral           6     'd9  
  parity        integral           8     'hab 
  payload       da(integral)       9     -    
    [0]         integral           8     'h9c 
    [1]         integral           8     'hb  
    [2]         integral           8     'hdb 
    [3]         integral           8     'hbf 
    [4]         integral           8     'hd0 
    [5]         integral           8     'hd5 
    [6]         integral           8     'h21 
    [7]         integral           8     'hca 
    [8]         integral           8     'h93 
  packet_delay  integral           32    'h0  
  begin_time    time               64    4350 
  end_time      time               64    5350 
----------------------------------------------

calc parity: 9d
--- post randomize: 9d
UVM_INFO ../yapp/sv/yapp_tx_driver.sv(45) @ 5400: uvm_test_top.tb.env.agnt.drv [yapp_tx_driver] Sending Packet :
---------------------------------------------------------------------------------------------------------------
Name                           Type               Size  Value                                                  
---------------------------------------------------------------------------------------------------------------
req                            short_yapp_packet  -     @2025                                                  
  addr                         integral           2     2                                                      
  length                       integral           6     'd1                                                    
  parity                       integral           8     'h9d                                                   
  payload                      da(integral)       1     -                                                      
    [0]                        integral           8     'h9b                                                   
  packet_delay                 integral           32    'h13                                                   
  begin_time                   time               64    5400                                                   
  depth                        int                32    'd3                                                    
  parent sequence (name)       string             7     yapp012                                                
  parent sequence (full name)  string             55    uvm_test_top.tb.routermseqr.router_simple_mcseq.yapp012
  sequencer                    string             29    uvm_test_top.tb.env.agnt.seqr                          
---------------------------------------------------------------------------------------------------------------

UVM_INFO ../channel/sv/channel_rx_monitor.sv(144) @ 6250: uvm_test_top.tb.chan1.rx_agent.monitor [channel_rx_monitor] Channel_1 Packet collected :
---------------------------------------------------
Name              Type            Size  Value      
---------------------------------------------------
packet_collected  channel_packet  -     @1980      
  length          integral        6     'h9        
  addr            integral        2     'h1        
  payload         da(integral)    9     -          
    [0]           integral        8     'h9c       
    [1]           integral        8     'hb        
    [2]           integral        8     'hdb       
    [3]           integral        8     'hbf       
    [4]           integral        8     'hd0       
    [5]           integral        8     'hd5       
    [6]           integral        8     'h21       
    [7]           integral        8     'hca       
    [8]           integral        8     'h93       
  parity          integral        8     'hab       
  parity_type     parity_e        1     GOOD_PARITY
  packet_delay    integral        32    'd0        
  begin_time      time            64    5150       
  end_time        time            64    6250       
---------------------------------------------------

UVM_INFO ../yapp/sv/yapp_if.sv(88) @ 7450: reporter [YAPP_IF] collect packets
calc parity: 9d
UVM_INFO ../yapp/sv/yapp_tx_monitor.sv(57) @ 7650: uvm_test_top.tb.env.agnt.mon [yapp_tx_monitor] Packet Collected :
----------------------------------------------
Name            Type               Size  Value
----------------------------------------------
pkt             short_yapp_packet  -     @2021
  addr          integral           2     2    
  length        integral           6     'd1  
  parity        integral           8     'h9d 
  payload       da(integral)       1     -    
    [0]         integral           8     'h9b 
  packet_delay  integral           32    'h0  
  begin_time    time               64    7450 
  end_time      time               64    7650 
----------------------------------------------

UVM_INFO ../task1_integ/tb/../tb/router_mcseqs_lib.sv(35) @ 7700: reporter@@router_simple_mcseq [router_simple_mcseq] drop objection
UVM_INFO ../channel/sv/channel_rx_monitor.sv(144) @ 8350: uvm_test_top.tb.chan2.rx_agent.monitor [channel_rx_monitor] Channel_2 Packet collected :
---------------------------------------------------
Name              Type            Size  Value      
---------------------------------------------------
packet_collected  channel_packet  -     @1984      
  length          integral        6     'h1        
  addr            integral        2     'h2        
  payload         da(integral)    1     -          
    [0]           integral        8     'h9b       
  parity          integral        8     'h9d       
  parity_type     parity_e        1     GOOD_PARITY
  packet_delay    integral        32    'd0        
  begin_time      time            64    8050       
  end_time        time            64    8350       
---------------------------------------------------

UVM_INFO /mnt/NVME2/synopsys/vcs/W-2024.09-SP1/etc/uvm/base/uvm_objection.svh(1250) @ 9700: reporter [TEST_DONE] All end-of-test objections have been dropped. Calling stop tasks
UVM_INFO /mnt/NVME2/synopsys/vcs/W-2024.09-SP1/etc/uvm/base/uvm_objection.svh(1274) @ 9700: reporter [TEST_DONE] 'run' phase is ready to proceed to the 'extract' phase
UVM_INFO ../channel/sv/channel_rx_driver.sv(94) @ 9700: uvm_test_top.tb.chan0.rx_agent.driver [channel_rx_driver] Report: Channel_0 RX Driver Sent 1 Responses
UVM_INFO ../channel/sv/channel_rx_monitor.sv(157) @ 9700: uvm_test_top.tb.chan0.rx_agent.monitor [channel_rx_monitor] Report: Channel_0 Monitor Collected 1 Packets
UVM_INFO ../channel/sv/channel_rx_driver.sv(94) @ 9700: uvm_test_top.tb.chan1.rx_agent.driver [channel_rx_driver] Report: Channel_1 RX Driver Sent 1 Responses
UVM_INFO ../channel/sv/channel_rx_monitor.sv(157) @ 9700: uvm_test_top.tb.chan1.rx_agent.monitor [channel_rx_monitor] Report: Channel_1 Monitor Collected 1 Packets
UVM_INFO ../channel/sv/channel_rx_driver.sv(94) @ 9700: uvm_test_top.tb.chan2.rx_agent.driver [channel_rx_driver] Report: Channel_2 RX Driver Sent 1 Responses
UVM_INFO ../channel/sv/channel_rx_monitor.sv(157) @ 9700: uvm_test_top.tb.chan2.rx_agent.monitor [channel_rx_monitor] Report: Channel_2 Monitor Collected 1 Packets
UVM_INFO ../yapp/sv/yapp_tx_driver.sv(78) @ 9700: uvm_test_top.tb.env.agnt.drv [yapp_tx_driver] Report: YAPP TX driver sent 3 packets
UVM_INFO ../yapp/sv/yapp_tx_monitor.sv(67) @ 9700: uvm_test_top.tb.env.agnt.mon [yapp_tx_monitor] Report: YAPP Monitor Collected 3 Packets
UVM_INFO ../hbus/sv/hbus_monitor.sv(132) @ 9700: uvm_test_top.tb.hbus.monitor [hbus_monitor] Report: HBUS Monitor Collected 0 WRITE and 0 READ Transactions
UVM_INFO ../task1_integ/tb/../sb/router_scoreboard.sv(147) @ 9700: uvm_test_top.tb.r_scb [SCB_Rep] 
Receieved:           3,Wrong:           0, Matched:           3 


--- UVM Report Summary ---

** Report counts by severity
UVM_INFO :  168
UVM_WARNING :    0
UVM_ERROR :    0
UVM_FATAL :    0
** Report counts by id
[HBUS_IF]     1
[NOCOV]     3
[PHASESEQ]    91
[RNTST]     1
[SCB_Rep]     1
[TEST_DONE]     2
[UVMTOP]     1
[YAPP_IF]     3
[channel_rx_driver]     6
[channel_rx_monitor]    12
[channel_rx_resp_seq]     3
[clk10_rst5_seq]     1
[clock_and_reset_sequence]     1
[hbus_master_driver]     1
[hbus_monitor]     3
[mcseq_test]     3
[router_mcsequencer]     1
[router_scb]     1
[router_simple_mcseq]     3
[router_tb]     4
[yapp_012_seq]     1
[yapp_env]     3
[yapp_tx_agent]     4
[yapp_tx_driver]     8
[yapp_tx_monitor]     8
[yapp_tx_sequencer]     2
$finish called from file "/mnt/NVME2/synopsys/vcs/W-2024.09-SP1/etc/uvm/base/uvm_root.svh", line 437.
$finish at simulation time                 9700
           V C S   S i m u l a t i o n   R e p o r t 
Time: 970000 ps
CPU Time:      0.360 seconds;       Data structure size:   0.7Mb
Wed Mar 12 15:05:11 2025
