  CREATE_STREAM @0 {NAME:channel_rx_resp_seq T:TVM SCOPE:uvm_test_top.tb.chan0.rx_agent.sequencer STREAM:1}
BEGIN @0 {TXH:2 STREAM:1 NAME:channel_rx_resp_seq TIME=0  TYPE="Begin_No_Parent, Link" LABEL:"" DESC="Object ID: \channel_pkg::channel_rx_resp_seq @1 (@1737)
Sequencer ID: \channel_pkg::channel_rx_sequencer @1 (@737)
Phase: run
"}
  CREATE_STREAM @0 {NAME:channel_rx_resp_seq T:TVM SCOPE:uvm_test_top.tb.chan1.rx_agent.sequencer STREAM:3}
BEGIN @0 {TXH:4 STREAM:3 NAME:channel_rx_resp_seq TIME=0  TYPE="Begin_No_Parent, Link" LABEL:"" DESC="Object ID: \channel_pkg::channel_rx_resp_seq @2 (@1743)
Sequencer ID: \channel_pkg::channel_rx_sequencer @2 (@916)
Phase: run
"}
  CREATE_STREAM @0 {NAME:channel_rx_resp_seq T:TVM SCOPE:uvm_test_top.tb.chan2.rx_agent.sequencer STREAM:5}
BEGIN @0 {TXH:6 STREAM:5 NAME:channel_rx_resp_seq TIME=0  TYPE="Begin_No_Parent, Link" LABEL:"" DESC="Object ID: \channel_pkg::channel_rx_resp_seq @3 (@1749)
Sequencer ID: \channel_pkg::channel_rx_sequencer @3 (@1095)
Phase: run
"}
  CREATE_STREAM @0 {NAME:clk10_rst5_seq T:TVM SCOPE:uvm_test_top.tb.clk_rst_env.agent.sequencer STREAM:7}
BEGIN @0 {TXH:8 STREAM:7 NAME:clk10_rst5_seq TIME=0  TYPE="Begin_No_Parent, Link" LABEL:"" DESC="Object ID: \clock_and_reset_pkg::clk10_rst5_seq @1 (@1755)
Sequencer ID: \clock_and_reset_pkg::clock_and_reset_sequencer @1 (@1271)
Phase: run
"}
  CREATE_STREAM @0 {NAME:router_simple_mcseq T:TVM SCOPE:uvm_test_top.tb.routermseqr STREAM:9}
BEGIN @0 {TXH:10 STREAM:9 NAME:router_simple_mcseq TIME=0  TYPE="Begin_No_Parent, Link" LABEL:"" DESC="Object ID: \tb_top::router_simple_mcseq @1 (@1765)
Sequencer ID: \tb_top::router_mcsequencer @1 (@552)
Phase: run
"}
BEGIN @0 {TXH:11 STREAM:7 NAME:cr TIME=0  TYPE="Begin_End, Link" LABEL:"" DESC="Object ID: \clock_and_reset_pkg::clock_and_reset_sequence @1 (@1790)
Sequencer ID: \clock_and_reset_pkg::clock_and_reset_sequencer @1 (@1271)
Phase: N/A
"}
  LINK @0 {TXH1:8 TXH2:11 RELATION=child}
  CREATE_STREAM @0 {NAME:router_simple_mcseq T:TVM SCOPE:uvm_test_top.tb.env.agnt.seqr STREAM:12}
BEGIN @0 {TXH:13 STREAM:12 NAME:yapp012 TIME=0  TYPE="Begin_End, Link" LABEL:"" DESC="Object ID: \yapp_pkg::yapp_012_seq @1 (@1794)
Sequencer ID: \yapp_pkg::yapp_tx_sequencer @1 (@1399)
Phase: N/A
"}
  LINK @0 {TXH1:10 TXH2:13 RELATION=child}
BEGIN @0 {TXH:14 STREAM:7 NAME:req TIME=0  TYPE="Begin_End, Link" LABEL:"" DESC="Object ID: \clock_and_reset_pkg::clock_and_reset_sequence_item @1 (@1799)
Sequencer ID: \clock_and_reset_pkg::clock_and_reset_sequencer @1 (@1271)
"}
  LINK @0 {TXH1:11 TXH2:14 RELATION=child}
  SET_ATTR @0 {TXH:14 NAME:clock_period VALUE:10   RADIX:UVM_HEX BITS=32}
  SET_ATTR @0 {TXH:14 NAME:reset_delay VALUE:5   RADIX:UVM_HEX BITS=32}
  SET_ATTR @0 {TXH:14 NAME:clock_cycles_to_count VALUE:0   RADIX:UVM_HEX BITS=32}
  SET_ATTR @0 {TXH:14 NAME:cycle_count_must_happen VALUE:0   RADIX:UVM_HEX BITS=1}
  SET_ATTR @0 {TXH:14 NAME:run_clock VALUE:1   RADIX:UVM_HEX BITS=1}
  SET_ATTR @0 {TXH:14 NAME:transaction_id VALUE:1   RADIX:UVM_DEC BITS=32}
END @0 {TXH:14 TIME=0}
FREE @0 {TXH:14}
END @0 {TXH:11 TIME=0}
FREE @0 {TXH:11}
BEGIN @550 {TXH:15 STREAM:12 NAME:req TIME=0  TYPE="Begin_End, Link" LABEL:"" DESC="Object ID: \yapp_pkg::short_yapp_packet @1 (@1803)
Sequencer ID: \yapp_pkg::yapp_tx_sequencer @1 (@1399)
"}
  LINK @550 {TXH1:13 TXH2:15 RELATION=child}
  CREATE_STREAM @1700 {NAME:Driver_YAPP_Packet T:TVM SCOPE:uvm_test_top.tb.env.agnt.drv STREAM:16}
BEGIN @1700 {TXH:17 STREAM:16 NAME:req TIME=0  TYPE="Begin_End, Link" LABEL:"" DESC="Object ID: \yapp_pkg::short_yapp_packet @1 (@1803)
Sequencer ID: \yapp_pkg::yapp_tx_driver @1 (@1508)
"}
  LINK @1700 {TXH1:13 TXH2:17 RELATION=child}
  CREATE_STREAM @1750 {NAME:Monitor_YAPP_Packet T:TVM SCOPE:uvm_test_top.tb.env.agnt.mon STREAM:18}
BEGIN @1750 {TXH:19 STREAM:18 NAME:pkt TIME=0  TYPE="Begin_No_Parent, Link" LABEL:"" DESC="Object ID: \yapp_pkg::short_yapp_packet @2 (@1988)
Sequencer ID: \yapp_pkg::yapp_tx_monitor @1 (@1531)
"}
BEGIN @1950 {TXH:20 STREAM:1 NAME:req TIME=0  TYPE="Begin_End, Link" LABEL:"" DESC="Object ID: \channel_pkg::channel_resp @1 (@1778)
Sequencer ID: \channel_pkg::channel_rx_sequencer @1 (@737)
"}
  LINK @1950 {TXH1:2 TXH2:20 RELATION=child}
  CREATE_STREAM @2150 {NAME:Channel_0_Packet T:TVM SCOPE:uvm_test_top.tb.chan0.rx_agent.monitor STREAM:21}
BEGIN @2150 {TXH:22 STREAM:21 NAME:packet_collected TIME=0  TYPE="Begin_No_Parent, Link" LABEL:"" DESC="Object ID: \channel_pkg::channel_packet @1 (@1976)
Sequencer ID: \channel_pkg::channel_rx_monitor @1 (@721)
"}
  SET_ATTR @2250 {TXH:19 NAME:addr VALUE:0   RADIX:UVM_DEC BITS=2}
  SET_ATTR @2250 {TXH:19 NAME:length VALUE:4   RADIX:UVM_DEC BITS=6}
  SET_ATTR @2250 {TXH:19 NAME:parity VALUE:8   RADIX:UVM_HEX BITS=8}
  SET_ATTR @2250 {TXH:19 NAME:payload[0] VALUE:155   RADIX:UVM_HEX BITS=8}
  SET_ATTR @2250 {TXH:19 NAME:payload[1] VALUE:191   RADIX:UVM_HEX BITS=8}
  SET_ATTR @2250 {TXH:19 NAME:payload[2] VALUE:208   RADIX:UVM_HEX BITS=8}
  SET_ATTR @2250 {TXH:19 NAME:payload[3] VALUE:236   RADIX:UVM_HEX BITS=8}
  SET_ATTR @2250 {TXH:19 NAME:packet_delay VALUE:0   RADIX:UVM_HEX BITS=32}
END @2250 {TXH:19 TIME=0}
FREE @2250 {TXH:19}
  SET_ATTR @2300 {TXH:17 NAME:addr VALUE:0   RADIX:UVM_DEC BITS=2}
  SET_ATTR @2300 {TXH:17 NAME:length VALUE:4   RADIX:UVM_DEC BITS=6}
  SET_ATTR @2300 {TXH:17 NAME:parity VALUE:8   RADIX:UVM_HEX BITS=8}
  SET_ATTR @2300 {TXH:17 NAME:payload[0] VALUE:155   RADIX:UVM_HEX BITS=8}
  SET_ATTR @2300 {TXH:17 NAME:payload[1] VALUE:191   RADIX:UVM_HEX BITS=8}
  SET_ATTR @2300 {TXH:17 NAME:payload[2] VALUE:208   RADIX:UVM_HEX BITS=8}
  SET_ATTR @2300 {TXH:17 NAME:payload[3] VALUE:236   RADIX:UVM_HEX BITS=8}
  SET_ATTR @2300 {TXH:17 NAME:packet_delay VALUE:11   RADIX:UVM_HEX BITS=32}
  SET_ATTR @2300 {TXH:17 NAME:transaction_id VALUE:1   RADIX:UVM_DEC BITS=32}
END @2300 {TXH:17 TIME=0}
FREE @2300 {TXH:17}
  SET_ATTR @2300 {TXH:15 NAME:addr VALUE:0   RADIX:UVM_DEC BITS=2}
  SET_ATTR @2300 {TXH:15 NAME:length VALUE:4   RADIX:UVM_DEC BITS=6}
  SET_ATTR @2300 {TXH:15 NAME:parity VALUE:8   RADIX:UVM_HEX BITS=8}
  SET_ATTR @2300 {TXH:15 NAME:payload[0] VALUE:155   RADIX:UVM_HEX BITS=8}
  SET_ATTR @2300 {TXH:15 NAME:payload[1] VALUE:191   RADIX:UVM_HEX BITS=8}
  SET_ATTR @2300 {TXH:15 NAME:payload[2] VALUE:208   RADIX:UVM_HEX BITS=8}
  SET_ATTR @2300 {TXH:15 NAME:payload[3] VALUE:236   RADIX:UVM_HEX BITS=8}
  SET_ATTR @2300 {TXH:15 NAME:packet_delay VALUE:11   RADIX:UVM_HEX BITS=32}
  SET_ATTR @2300 {TXH:15 NAME:transaction_id VALUE:1   RADIX:UVM_DEC BITS=32}
END @2300 {TXH:15 TIME=0}
FREE @2300 {TXH:15}
BEGIN @2300 {TXH:23 STREAM:12 NAME:req TIME=0  TYPE="Begin_End, Link" LABEL:"" DESC="Object ID: \yapp_pkg::short_yapp_packet @5 (@2006)
Sequencer ID: \yapp_pkg::yapp_tx_sequencer @1 (@1399)
"}
  LINK @2300 {TXH1:13 TXH2:23 RELATION=child}
  SET_ATTR @2700 {TXH:20 NAME:resp_delay VALUE:1   RADIX:UVM_DEC BITS=32}
  SET_ATTR @2700 {TXH:20 NAME:transaction_id VALUE:1   RADIX:UVM_DEC BITS=32}
END @2700 {TXH:20 TIME=0}
FREE @2700 {TXH:20}
  SET_ATTR @2750 {TXH:22 NAME:length VALUE:4   RADIX:UVM_HEX BITS=6}
  SET_ATTR @2750 {TXH:22 NAME:addr VALUE:0   RADIX:UVM_HEX BITS=2}
  SET_ATTR @2750 {TXH:22 NAME:payload[0] VALUE:155   RADIX:UVM_HEX BITS=8}
  SET_ATTR @2750 {TXH:22 NAME:payload[1] VALUE:191   RADIX:UVM_HEX BITS=8}
  SET_ATTR @2750 {TXH:22 NAME:payload[2] VALUE:208   RADIX:UVM_HEX BITS=8}
  SET_ATTR @2750 {TXH:22 NAME:payload[3] VALUE:236   RADIX:UVM_HEX BITS=8}
  SET_ATTR @2750 {TXH:22 NAME:parity VALUE:8   RADIX:UVM_HEX BITS=8}
  SET_ATTR @2750 {TXH:22 NAME:parity_type VALUE:86208262364311955280843865   RADIX:UVM_STRING BITS=88}
  SET_ATTR @2750 {TXH:22 NAME:packet_delay VALUE:0   RADIX:UVM_DEC BITS=32}
END @2750 {TXH:22 TIME=0}
FREE @2750 {TXH:22}
END @3000 {TXH:8 TIME=0}
FREE @3000 {TXH:8}
BEGIN @4300 {TXH:24 STREAM:16 NAME:req TIME=0  TYPE="Begin_End, Link" LABEL:"" DESC="Object ID: \yapp_pkg::short_yapp_packet @5 (@2006)
Sequencer ID: \yapp_pkg::yapp_tx_driver @1 (@1508)
"}
  LINK @4300 {TXH1:13 TXH2:24 RELATION=child}
BEGIN @4350 {TXH:25 STREAM:18 NAME:pkt TIME=0  TYPE="Begin_No_Parent, Link" LABEL:"" DESC="Object ID: \yapp_pkg::short_yapp_packet @4 (@2000)
Sequencer ID: \yapp_pkg::yapp_tx_monitor @1 (@1531)
"}
BEGIN @4550 {TXH:26 STREAM:3 NAME:req TIME=0  TYPE="Begin_End, Link" LABEL:"" DESC="Object ID: \channel_pkg::channel_resp @2 (@1782)
Sequencer ID: \channel_pkg::channel_rx_sequencer @2 (@916)
"}
  LINK @4550 {TXH1:4 TXH2:26 RELATION=child}
  CREATE_STREAM @5150 {NAME:Channel_1_Packet T:TVM SCOPE:uvm_test_top.tb.chan1.rx_agent.monitor STREAM:27}
BEGIN @5150 {TXH:28 STREAM:27 NAME:packet_collected TIME=0  TYPE="Begin_No_Parent, Link" LABEL:"" DESC="Object ID: \channel_pkg::channel_packet @2 (@1980)
Sequencer ID: \channel_pkg::channel_rx_monitor @2 (@900)
"}
  SET_ATTR @5350 {TXH:25 NAME:addr VALUE:1   RADIX:UVM_DEC BITS=2}
  SET_ATTR @5350 {TXH:25 NAME:length VALUE:9   RADIX:UVM_DEC BITS=6}
  SET_ATTR @5350 {TXH:25 NAME:parity VALUE:171   RADIX:UVM_HEX BITS=8}
  SET_ATTR @5350 {TXH:25 NAME:payload[0] VALUE:156   RADIX:UVM_HEX BITS=8}
  SET_ATTR @5350 {TXH:25 NAME:payload[1] VALUE:11   RADIX:UVM_HEX BITS=8}
  SET_ATTR @5350 {TXH:25 NAME:payload[2] VALUE:219   RADIX:UVM_HEX BITS=8}
  SET_ATTR @5350 {TXH:25 NAME:payload[3] VALUE:191   RADIX:UVM_HEX BITS=8}
  SET_ATTR @5350 {TXH:25 NAME:payload[4] VALUE:208   RADIX:UVM_HEX BITS=8}
  SET_ATTR @5350 {TXH:25 NAME:payload[5] VALUE:213   RADIX:UVM_HEX BITS=8}
  SET_ATTR @5350 {TXH:25 NAME:payload[6] VALUE:33   RADIX:UVM_HEX BITS=8}
  SET_ATTR @5350 {TXH:25 NAME:payload[7] VALUE:202   RADIX:UVM_HEX BITS=8}
  SET_ATTR @5350 {TXH:25 NAME:payload[8] VALUE:147   RADIX:UVM_HEX BITS=8}
  SET_ATTR @5350 {TXH:25 NAME:packet_delay VALUE:0   RADIX:UVM_HEX BITS=32}
END @5350 {TXH:25 TIME=0}
FREE @5350 {TXH:25}
  SET_ATTR @5400 {TXH:24 NAME:addr VALUE:1   RADIX:UVM_DEC BITS=2}
  SET_ATTR @5400 {TXH:24 NAME:length VALUE:9   RADIX:UVM_DEC BITS=6}
  SET_ATTR @5400 {TXH:24 NAME:parity VALUE:171   RADIX:UVM_HEX BITS=8}
  SET_ATTR @5400 {TXH:24 NAME:payload[0] VALUE:156   RADIX:UVM_HEX BITS=8}
  SET_ATTR @5400 {TXH:24 NAME:payload[1] VALUE:11   RADIX:UVM_HEX BITS=8}
  SET_ATTR @5400 {TXH:24 NAME:payload[2] VALUE:219   RADIX:UVM_HEX BITS=8}
  SET_ATTR @5400 {TXH:24 NAME:payload[3] VALUE:191   RADIX:UVM_HEX BITS=8}
  SET_ATTR @5400 {TXH:24 NAME:payload[4] VALUE:208   RADIX:UVM_HEX BITS=8}
  SET_ATTR @5400 {TXH:24 NAME:payload[5] VALUE:213   RADIX:UVM_HEX BITS=8}
  SET_ATTR @5400 {TXH:24 NAME:payload[6] VALUE:33   RADIX:UVM_HEX BITS=8}
  SET_ATTR @5400 {TXH:24 NAME:payload[7] VALUE:202   RADIX:UVM_HEX BITS=8}
  SET_ATTR @5400 {TXH:24 NAME:payload[8] VALUE:147   RADIX:UVM_HEX BITS=8}
  SET_ATTR @5400 {TXH:24 NAME:packet_delay VALUE:19   RADIX:UVM_HEX BITS=32}
  SET_ATTR @5400 {TXH:24 NAME:transaction_id VALUE:2   RADIX:UVM_DEC BITS=32}
END @5400 {TXH:24 TIME=0}
FREE @5400 {TXH:24}
  SET_ATTR @5400 {TXH:23 NAME:addr VALUE:1   RADIX:UVM_DEC BITS=2}
  SET_ATTR @5400 {TXH:23 NAME:length VALUE:9   RADIX:UVM_DEC BITS=6}
  SET_ATTR @5400 {TXH:23 NAME:parity VALUE:171   RADIX:UVM_HEX BITS=8}
  SET_ATTR @5400 {TXH:23 NAME:payload[0] VALUE:156   RADIX:UVM_HEX BITS=8}
  SET_ATTR @5400 {TXH:23 NAME:payload[1] VALUE:11   RADIX:UVM_HEX BITS=8}
  SET_ATTR @5400 {TXH:23 NAME:payload[2] VALUE:219   RADIX:UVM_HEX BITS=8}
  SET_ATTR @5400 {TXH:23 NAME:payload[3] VALUE:191   RADIX:UVM_HEX BITS=8}
  SET_ATTR @5400 {TXH:23 NAME:payload[4] VALUE:208   RADIX:UVM_HEX BITS=8}
  SET_ATTR @5400 {TXH:23 NAME:payload[5] VALUE:213   RADIX:UVM_HEX BITS=8}
  SET_ATTR @5400 {TXH:23 NAME:payload[6] VALUE:33   RADIX:UVM_HEX BITS=8}
  SET_ATTR @5400 {TXH:23 NAME:payload[7] VALUE:202   RADIX:UVM_HEX BITS=8}
  SET_ATTR @5400 {TXH:23 NAME:payload[8] VALUE:147   RADIX:UVM_HEX BITS=8}
  SET_ATTR @5400 {TXH:23 NAME:packet_delay VALUE:19   RADIX:UVM_HEX BITS=32}
  SET_ATTR @5400 {TXH:23 NAME:transaction_id VALUE:2   RADIX:UVM_DEC BITS=32}
END @5400 {TXH:23 TIME=0}
FREE @5400 {TXH:23}
BEGIN @5400 {TXH:29 STREAM:12 NAME:req TIME=0  TYPE="Begin_End, Link" LABEL:"" DESC="Object ID: \yapp_pkg::short_yapp_packet @8 (@2025)
Sequencer ID: \yapp_pkg::yapp_tx_sequencer @1 (@1399)
"}
  LINK @5400 {TXH1:13 TXH2:29 RELATION=child}
  SET_ATTR @6200 {TXH:26 NAME:resp_delay VALUE:5   RADIX:UVM_DEC BITS=32}
  SET_ATTR @6200 {TXH:26 NAME:transaction_id VALUE:1   RADIX:UVM_DEC BITS=32}
END @6200 {TXH:26 TIME=0}
FREE @6200 {TXH:26}
  SET_ATTR @6250 {TXH:28 NAME:length VALUE:9   RADIX:UVM_HEX BITS=6}
  SET_ATTR @6250 {TXH:28 NAME:addr VALUE:1   RADIX:UVM_HEX BITS=2}
  SET_ATTR @6250 {TXH:28 NAME:payload[0] VALUE:156   RADIX:UVM_HEX BITS=8}
  SET_ATTR @6250 {TXH:28 NAME:payload[1] VALUE:11   RADIX:UVM_HEX BITS=8}
  SET_ATTR @6250 {TXH:28 NAME:payload[2] VALUE:219   RADIX:UVM_HEX BITS=8}
  SET_ATTR @6250 {TXH:28 NAME:payload[3] VALUE:191   RADIX:UVM_HEX BITS=8}
  SET_ATTR @6250 {TXH:28 NAME:payload[4] VALUE:208   RADIX:UVM_HEX BITS=8}
  SET_ATTR @6250 {TXH:28 NAME:payload[5] VALUE:213   RADIX:UVM_HEX BITS=8}
  SET_ATTR @6250 {TXH:28 NAME:payload[6] VALUE:33   RADIX:UVM_HEX BITS=8}
  SET_ATTR @6250 {TXH:28 NAME:payload[7] VALUE:202   RADIX:UVM_HEX BITS=8}
  SET_ATTR @6250 {TXH:28 NAME:payload[8] VALUE:147   RADIX:UVM_HEX BITS=8}
  SET_ATTR @6250 {TXH:28 NAME:parity VALUE:171   RADIX:UVM_HEX BITS=8}
  SET_ATTR @6250 {TXH:28 NAME:parity_type VALUE:86208262364311955280843865   RADIX:UVM_STRING BITS=88}
  SET_ATTR @6250 {TXH:28 NAME:packet_delay VALUE:0   RADIX:UVM_DEC BITS=32}
END @6250 {TXH:28 TIME=0}
FREE @6250 {TXH:28}
BEGIN @7400 {TXH:30 STREAM:16 NAME:req TIME=0  TYPE="Begin_End, Link" LABEL:"" DESC="Object ID: \yapp_pkg::short_yapp_packet @8 (@2025)
Sequencer ID: \yapp_pkg::yapp_tx_driver @1 (@1508)
"}
  LINK @7400 {TXH1:13 TXH2:30 RELATION=child}
BEGIN @7450 {TXH:31 STREAM:18 NAME:pkt TIME=0  TYPE="Begin_No_Parent, Link" LABEL:"" DESC="Object ID: \yapp_pkg::short_yapp_packet @7 (@2021)
Sequencer ID: \yapp_pkg::yapp_tx_monitor @1 (@1531)
"}
  SET_ATTR @7650 {TXH:31 NAME:addr VALUE:2   RADIX:UVM_DEC BITS=2}
  SET_ATTR @7650 {TXH:31 NAME:length VALUE:1   RADIX:UVM_DEC BITS=6}
  SET_ATTR @7650 {TXH:31 NAME:parity VALUE:157   RADIX:UVM_HEX BITS=8}
  SET_ATTR @7650 {TXH:31 NAME:payload[0] VALUE:155   RADIX:UVM_HEX BITS=8}
  SET_ATTR @7650 {TXH:31 NAME:packet_delay VALUE:0   RADIX:UVM_HEX BITS=32}
END @7650 {TXH:31 TIME=0}
FREE @7650 {TXH:31}
BEGIN @7650 {TXH:32 STREAM:5 NAME:req TIME=0  TYPE="Begin_End, Link" LABEL:"" DESC="Object ID: \channel_pkg::channel_resp @3 (@1786)
Sequencer ID: \channel_pkg::channel_rx_sequencer @3 (@1095)
"}
  LINK @7650 {TXH1:6 TXH2:32 RELATION=child}
  SET_ATTR @7700 {TXH:30 NAME:addr VALUE:2   RADIX:UVM_DEC BITS=2}
  SET_ATTR @7700 {TXH:30 NAME:length VALUE:1   RADIX:UVM_DEC BITS=6}
  SET_ATTR @7700 {TXH:30 NAME:parity VALUE:157   RADIX:UVM_HEX BITS=8}
  SET_ATTR @7700 {TXH:30 NAME:payload[0] VALUE:155   RADIX:UVM_HEX BITS=8}
  SET_ATTR @7700 {TXH:30 NAME:packet_delay VALUE:19   RADIX:UVM_HEX BITS=32}
  SET_ATTR @7700 {TXH:30 NAME:transaction_id VALUE:3   RADIX:UVM_DEC BITS=32}
END @7700 {TXH:30 TIME=0}
FREE @7700 {TXH:30}
  SET_ATTR @7700 {TXH:29 NAME:addr VALUE:2   RADIX:UVM_DEC BITS=2}
  SET_ATTR @7700 {TXH:29 NAME:length VALUE:1   RADIX:UVM_DEC BITS=6}
  SET_ATTR @7700 {TXH:29 NAME:parity VALUE:157   RADIX:UVM_HEX BITS=8}
  SET_ATTR @7700 {TXH:29 NAME:payload[0] VALUE:155   RADIX:UVM_HEX BITS=8}
  SET_ATTR @7700 {TXH:29 NAME:packet_delay VALUE:19   RADIX:UVM_HEX BITS=32}
  SET_ATTR @7700 {TXH:29 NAME:transaction_id VALUE:3   RADIX:UVM_DEC BITS=32}
END @7700 {TXH:29 TIME=0}
FREE @7700 {TXH:29}
END @7700 {TXH:13 TIME=0}
FREE @7700 {TXH:13}
END @7700 {TXH:10 TIME=0}
FREE @7700 {TXH:10}
  CREATE_STREAM @8050 {NAME:Channel_2_Packet T:TVM SCOPE:uvm_test_top.tb.chan2.rx_agent.monitor STREAM:33}
BEGIN @8050 {TXH:34 STREAM:33 NAME:packet_collected TIME=0  TYPE="Begin_No_Parent, Link" LABEL:"" DESC="Object ID: \channel_pkg::channel_packet @3 (@1984)
Sequencer ID: \channel_pkg::channel_rx_monitor @3 (@1079)
"}
  SET_ATTR @8300 {TXH:32 NAME:resp_delay VALUE:3   RADIX:UVM_DEC BITS=32}
  SET_ATTR @8300 {TXH:32 NAME:transaction_id VALUE:1   RADIX:UVM_DEC BITS=32}
END @8300 {TXH:32 TIME=0}
FREE @8300 {TXH:32}
  SET_ATTR @8350 {TXH:34 NAME:length VALUE:1   RADIX:UVM_HEX BITS=6}
  SET_ATTR @8350 {TXH:34 NAME:addr VALUE:2   RADIX:UVM_HEX BITS=2}
  SET_ATTR @8350 {TXH:34 NAME:payload[0] VALUE:155   RADIX:UVM_HEX BITS=8}
  SET_ATTR @8350 {TXH:34 NAME:parity VALUE:157   RADIX:UVM_HEX BITS=8}
  SET_ATTR @8350 {TXH:34 NAME:parity_type VALUE:86208262364311955280843865   RADIX:UVM_STRING BITS=88}
  SET_ATTR @8350 {TXH:34 NAME:packet_delay VALUE:0   RADIX:UVM_DEC BITS=32}
END @8350 {TXH:34 TIME=0}
FREE @8350 {TXH:34}
