  CREATE_STREAM @0 {NAME:yapp_5_packets T:TVM SCOPE:uvm_test_top.tb.env.agnt.seqr STREAM:1}
BEGIN @0 {TXH:2 STREAM:1 NAME:yapp_5_packets TIME=0  TYPE="Begin_No_Parent, Link" LABEL:"" DESC=""}
BEGIN @0 {TXH:3 STREAM:1 NAME:req TIME=0  TYPE="Begin_End, Link" LABEL:"" DESC=""}
  LINK @0 {TXH1:2 TXH2:3 RELATION=child}
  SET_ATTR @1000 {TXH:3 NAME:addr VALUE:1   RADIX:UVM_HEX BITS=2}
  SET_ATTR @1000 {TXH:3 NAME:length VALUE:52   RADIX:UVM_HEX BITS=6}
  SET_ATTR @1000 {TXH:3 NAME:parity VALUE:55   RADIX:UVM_HEX BITS=8}
  SET_ATTR @1000 {TXH:3 NAME:payload[0] VALUE:30   RADIX:UVM_HEX BITS=8}
  SET_ATTR @1000 {TXH:3 NAME:payload[1] VALUE:194   RADIX:UVM_HEX BITS=8}
  SET_ATTR @1000 {TXH:3 NAME:payload[2] VALUE:72   RADIX:UVM_HEX BITS=8}
  SET_ATTR @1000 {TXH:3 NAME:payload[3] VALUE:170   RADIX:UVM_HEX BITS=8}
  SET_ATTR @1000 {TXH:3 NAME:payload[4] VALUE:160   RADIX:UVM_HEX BITS=8}
  SET_ATTR @1000 {TXH:3 NAME:payload[47] VALUE:225   RADIX:UVM_HEX BITS=8}
  SET_ATTR @1000 {TXH:3 NAME:payload[48] VALUE:223   RADIX:UVM_HEX BITS=8}
  SET_ATTR @1000 {TXH:3 NAME:payload[49] VALUE:197   RADIX:UVM_HEX BITS=8}
  SET_ATTR @1000 {TXH:3 NAME:payload[50] VALUE:65   RADIX:UVM_HEX BITS=8}
  SET_ATTR @1000 {TXH:3 NAME:payload[51] VALUE:140   RADIX:UVM_HEX BITS=8}
  SET_ATTR @1000 {TXH:3 NAME:packet_delay VALUE:10   RADIX:UVM_HEX BITS=32}
  SET_ATTR @1000 {TXH:3 NAME:transaction_id VALUE:1   RADIX:UVM_DEC BITS=32}
END @1000 {TXH:3 TIME=0}
FREE @1000 {TXH:3}
BEGIN @1000 {TXH:4 STREAM:1 NAME:req TIME=0  TYPE="Begin_End, Link" LABEL:"" DESC=""}
  LINK @1000 {TXH1:2 TXH2:4 RELATION=child}
  SET_ATTR @2000 {TXH:4 NAME:addr VALUE:2   RADIX:UVM_HEX BITS=2}
  SET_ATTR @2000 {TXH:4 NAME:length VALUE:51   RADIX:UVM_HEX BITS=6}
  SET_ATTR @2000 {TXH:4 NAME:parity VALUE:204   RADIX:UVM_HEX BITS=8}
  SET_ATTR @2000 {TXH:4 NAME:payload[0] VALUE:47   RADIX:UVM_HEX BITS=8}
  SET_ATTR @2000 {TXH:4 NAME:payload[1] VALUE:60   RADIX:UVM_HEX BITS=8}
  SET_ATTR @2000 {TXH:4 NAME:payload[2] VALUE:129   RADIX:UVM_HEX BITS=8}
  SET_ATTR @2000 {TXH:4 NAME:payload[3] VALUE:3   RADIX:UVM_HEX BITS=8}
  SET_ATTR @2000 {TXH:4 NAME:payload[4] VALUE:177   RADIX:UVM_HEX BITS=8}
  SET_ATTR @2000 {TXH:4 NAME:payload[46] VALUE:13   RADIX:UVM_HEX BITS=8}
  SET_ATTR @2000 {TXH:4 NAME:payload[47] VALUE:164   RADIX:UVM_HEX BITS=8}
  SET_ATTR @2000 {TXH:4 NAME:payload[48] VALUE:79   RADIX:UVM_HEX BITS=8}
  SET_ATTR @2000 {TXH:4 NAME:payload[49] VALUE:233   RADIX:UVM_HEX BITS=8}
  SET_ATTR @2000 {TXH:4 NAME:payload[50] VALUE:14   RADIX:UVM_HEX BITS=8}
  SET_ATTR @2000 {TXH:4 NAME:packet_delay VALUE:6   RADIX:UVM_HEX BITS=32}
  SET_ATTR @2000 {TXH:4 NAME:transaction_id VALUE:2   RADIX:UVM_DEC BITS=32}
END @2000 {TXH:4 TIME=0}
FREE @2000 {TXH:4}
BEGIN @2000 {TXH:5 STREAM:1 NAME:req TIME=0  TYPE="Begin_End, Link" LABEL:"" DESC=""}
  LINK @2000 {TXH1:2 TXH2:5 RELATION=child}
  SET_ATTR @3000 {TXH:5 NAME:addr VALUE:0   RADIX:UVM_HEX BITS=2}
  SET_ATTR @3000 {TXH:5 NAME:length VALUE:46   RADIX:UVM_HEX BITS=6}
  SET_ATTR @3000 {TXH:5 NAME:parity VALUE:35   RADIX:UVM_HEX BITS=8}
  SET_ATTR @3000 {TXH:5 NAME:payload[0] VALUE:60   RADIX:UVM_HEX BITS=8}
  SET_ATTR @3000 {TXH:5 NAME:payload[1] VALUE:151   RADIX:UVM_HEX BITS=8}
  SET_ATTR @3000 {TXH:5 NAME:payload[2] VALUE:99   RADIX:UVM_HEX BITS=8}
  SET_ATTR @3000 {TXH:5 NAME:payload[3] VALUE:46   RADIX:UVM_HEX BITS=8}
  SET_ATTR @3000 {TXH:5 NAME:payload[4] VALUE:133   RADIX:UVM_HEX BITS=8}
  SET_ATTR @3000 {TXH:5 NAME:payload[41] VALUE:42   RADIX:UVM_HEX BITS=8}
  SET_ATTR @3000 {TXH:5 NAME:payload[42] VALUE:227   RADIX:UVM_HEX BITS=8}
  SET_ATTR @3000 {TXH:5 NAME:payload[43] VALUE:128   RADIX:UVM_HEX BITS=8}
  SET_ATTR @3000 {TXH:5 NAME:payload[44] VALUE:42   RADIX:UVM_HEX BITS=8}
  SET_ATTR @3000 {TXH:5 NAME:payload[45] VALUE:80   RADIX:UVM_HEX BITS=8}
  SET_ATTR @3000 {TXH:5 NAME:packet_delay VALUE:14   RADIX:UVM_HEX BITS=32}
  SET_ATTR @3000 {TXH:5 NAME:transaction_id VALUE:3   RADIX:UVM_DEC BITS=32}
END @3000 {TXH:5 TIME=0}
FREE @3000 {TXH:5}
BEGIN @3000 {TXH:6 STREAM:1 NAME:req TIME=0  TYPE="Begin_End, Link" LABEL:"" DESC=""}
  LINK @3000 {TXH1:2 TXH2:6 RELATION=child}
  SET_ATTR @4000 {TXH:6 NAME:addr VALUE:0   RADIX:UVM_HEX BITS=2}
  SET_ATTR @4000 {TXH:6 NAME:length VALUE:55   RADIX:UVM_HEX BITS=6}
  SET_ATTR @4000 {TXH:6 NAME:parity VALUE:158   RADIX:UVM_HEX BITS=8}
  SET_ATTR @4000 {TXH:6 NAME:payload[0] VALUE:233   RADIX:UVM_HEX BITS=8}
  SET_ATTR @4000 {TXH:6 NAME:payload[1] VALUE:236   RADIX:UVM_HEX BITS=8}
  SET_ATTR @4000 {TXH:6 NAME:payload[2] VALUE:128   RADIX:UVM_HEX BITS=8}
  SET_ATTR @4000 {TXH:6 NAME:payload[3] VALUE:112   RADIX:UVM_HEX BITS=8}
  SET_ATTR @4000 {TXH:6 NAME:payload[4] VALUE:53   RADIX:UVM_HEX BITS=8}
  SET_ATTR @4000 {TXH:6 NAME:payload[50] VALUE:44   RADIX:UVM_HEX BITS=8}
  SET_ATTR @4000 {TXH:6 NAME:payload[51] VALUE:143   RADIX:UVM_HEX BITS=8}
  SET_ATTR @4000 {TXH:6 NAME:payload[52] VALUE:206   RADIX:UVM_HEX BITS=8}
  SET_ATTR @4000 {TXH:6 NAME:payload[53] VALUE:6   RADIX:UVM_HEX BITS=8}
  SET_ATTR @4000 {TXH:6 NAME:payload[54] VALUE:178   RADIX:UVM_HEX BITS=8}
  SET_ATTR @4000 {TXH:6 NAME:packet_delay VALUE:7   RADIX:UVM_HEX BITS=32}
  SET_ATTR @4000 {TXH:6 NAME:transaction_id VALUE:4   RADIX:UVM_DEC BITS=32}
END @4000 {TXH:6 TIME=0}
FREE @4000 {TXH:6}
BEGIN @4000 {TXH:7 STREAM:1 NAME:req TIME=0  TYPE="Begin_End, Link" LABEL:"" DESC=""}
  LINK @4000 {TXH1:2 TXH2:7 RELATION=child}
  SET_ATTR @5000 {TXH:7 NAME:addr VALUE:1   RADIX:UVM_HEX BITS=2}
  SET_ATTR @5000 {TXH:7 NAME:length VALUE:13   RADIX:UVM_HEX BITS=6}
  SET_ATTR @5000 {TXH:7 NAME:parity VALUE:71   RADIX:UVM_HEX BITS=8}
  SET_ATTR @5000 {TXH:7 NAME:payload[0] VALUE:186   RADIX:UVM_HEX BITS=8}
  SET_ATTR @5000 {TXH:7 NAME:payload[1] VALUE:22   RADIX:UVM_HEX BITS=8}
  SET_ATTR @5000 {TXH:7 NAME:payload[2] VALUE:22   RADIX:UVM_HEX BITS=8}
  SET_ATTR @5000 {TXH:7 NAME:payload[3] VALUE:115   RADIX:UVM_HEX BITS=8}
  SET_ATTR @5000 {TXH:7 NAME:payload[4] VALUE:187   RADIX:UVM_HEX BITS=8}
  SET_ATTR @5000 {TXH:7 NAME:payload[8] VALUE:89   RADIX:UVM_HEX BITS=8}
  SET_ATTR @5000 {TXH:7 NAME:payload[9] VALUE:71   RADIX:UVM_HEX BITS=8}
  SET_ATTR @5000 {TXH:7 NAME:payload[10] VALUE:230   RADIX:UVM_HEX BITS=8}
  SET_ATTR @5000 {TXH:7 NAME:payload[11] VALUE:68   RADIX:UVM_HEX BITS=8}
  SET_ATTR @5000 {TXH:7 NAME:payload[12] VALUE:5   RADIX:UVM_HEX BITS=8}
  SET_ATTR @5000 {TXH:7 NAME:packet_delay VALUE:16   RADIX:UVM_HEX BITS=32}
  SET_ATTR @5000 {TXH:7 NAME:transaction_id VALUE:5   RADIX:UVM_DEC BITS=32}
END @5000 {TXH:7 TIME=0}
FREE @5000 {TXH:7}
END @5000 {TXH:2 TIME=0}
FREE @5000 {TXH:2}
