  CREATE_STREAM @0 {NAME:channel_rx_resp_seq T:TVM SCOPE:uvm_test_top.tb.chan0.rx_agent.sequencer STREAM:1}
BEGIN @0 {TXH:2 STREAM:1 NAME:channel_rx_resp_seq TIME=0  TYPE="Begin_No_Parent, Link" LABEL:"" DESC="Object ID: \channel_pkg::channel_rx_resp_seq @1 (@1575)
Sequencer ID: \channel_pkg::channel_rx_sequencer @1 (@588)
Phase: run
"}
  CREATE_STREAM @0 {NAME:channel_rx_resp_seq T:TVM SCOPE:uvm_test_top.tb.chan1.rx_agent.sequencer STREAM:3}
BEGIN @0 {TXH:4 STREAM:3 NAME:channel_rx_resp_seq TIME=0  TYPE="Begin_No_Parent, Link" LABEL:"" DESC="Object ID: \channel_pkg::channel_rx_resp_seq @2 (@1581)
Sequencer ID: \channel_pkg::channel_rx_sequencer @2 (@767)
Phase: run
"}
  CREATE_STREAM @0 {NAME:channel_rx_resp_seq T:TVM SCOPE:uvm_test_top.tb.chan2.rx_agent.sequencer STREAM:5}
BEGIN @0 {TXH:6 STREAM:5 NAME:channel_rx_resp_seq TIME=0  TYPE="Begin_No_Parent, Link" LABEL:"" DESC="Object ID: \channel_pkg::channel_rx_resp_seq @3 (@1587)
Sequencer ID: \channel_pkg::channel_rx_sequencer @3 (@946)
Phase: run
"}
  CREATE_STREAM @0 {NAME:clk10_rst5_seq T:TVM SCOPE:uvm_test_top.tb.clk_rst_env.agent.sequencer STREAM:7}
BEGIN @0 {TXH:8 STREAM:7 NAME:clk10_rst5_seq TIME=0  TYPE="Begin_No_Parent, Link" LABEL:"" DESC="Object ID: \clock_and_reset_pkg::clk10_rst5_seq @1 (@1593)
Sequencer ID: \clock_and_reset_pkg::clock_and_reset_sequencer @1 (@1122)
Phase: run
"}
  CREATE_STREAM @0 {NAME:uvc_integ_seq T:TVM SCOPE:uvm_test_top.tb.env.agnt.seqr STREAM:9}
BEGIN @0 {TXH:10 STREAM:9 NAME:uvc_integ_seq TIME=0  TYPE="Begin_No_Parent, Link" LABEL:"" DESC="Object ID: \yapp_pkg::uvc_integ_seq @1 (@1599)
Sequencer ID: \yapp_pkg::yapp_tx_sequencer @1 (@1250)
Phase: run
"}
  CREATE_STREAM @0 {NAME:hbus_small_packet_seq T:TVM SCOPE:uvm_test_top.tb.hbus.masters[0].sequencer STREAM:11}
BEGIN @0 {TXH:12 STREAM:11 NAME:hbus_small_packet_seq TIME=0  TYPE="Begin_No_Parent, Link" LABEL:"" DESC="Object ID: \hbus_pkg::hbus_small_packet_seq @1 (@1605)
Sequencer ID: \hbus_pkg::hbus_master_sequencer @1 (@1428)
Phase: run
"}
BEGIN @0 {TXH:13 STREAM:7 NAME:cr TIME=0  TYPE="Begin_End, Link" LABEL:"" DESC="Object ID: \clock_and_reset_pkg::clock_and_reset_sequence @1 (@1631)
Sequencer ID: \clock_and_reset_pkg::clock_and_reset_sequencer @1 (@1122)
Phase: N/A
"}
  LINK @0 {TXH1:8 TXH2:13 RELATION=child}
BEGIN @0 {TXH:14 STREAM:11 NAME:hbus_seq TIME=0  TYPE="Begin_End, Link" LABEL:"" DESC="Object ID: \hbus_pkg::hbus_set_yapp_regs_seq @1 (@1639)
Sequencer ID: \hbus_pkg::hbus_master_sequencer @1 (@1428)
Phase: N/A
"}
  LINK @0 {TXH1:12 TXH2:14 RELATION=child}
BEGIN @0 {TXH:15 STREAM:7 NAME:req TIME=0  TYPE="Begin_End, Link" LABEL:"" DESC="Object ID: \clock_and_reset_pkg::clock_and_reset_sequence_item @1 (@1643)
Sequencer ID: \clock_and_reset_pkg::clock_and_reset_sequencer @1 (@1122)
"}
  LINK @0 {TXH1:13 TXH2:15 RELATION=child}
  SET_ATTR @0 {TXH:15 NAME:clock_period VALUE:10   RADIX:UVM_HEX BITS=32}
  SET_ATTR @0 {TXH:15 NAME:reset_delay VALUE:5   RADIX:UVM_HEX BITS=32}
  SET_ATTR @0 {TXH:15 NAME:clock_cycles_to_count VALUE:0   RADIX:UVM_HEX BITS=32}
  SET_ATTR @0 {TXH:15 NAME:cycle_count_must_happen VALUE:0   RADIX:UVM_HEX BITS=1}
  SET_ATTR @0 {TXH:15 NAME:run_clock VALUE:1   RADIX:UVM_HEX BITS=1}
  SET_ATTR @0 {TXH:15 NAME:transaction_id VALUE:1   RADIX:UVM_DEC BITS=32}
END @0 {TXH:15 TIME=0}
FREE @0 {TXH:15}
END @0 {TXH:13 TIME=0}
FREE @0 {TXH:13}
BEGIN @550 {TXH:16 STREAM:9 NAME:req TIME=0  TYPE="Begin_End, Link" LABEL:"" DESC="Object ID: \yapp_pkg::yapp_packet @1 (@1635)
Sequencer ID: \yapp_pkg::yapp_tx_sequencer @1 (@1250)
"}
  LINK @550 {TXH1:10 TXH2:16 RELATION=child}
BEGIN @550 {TXH:17 STREAM:11 NAME:transaction TIME=0  TYPE="Begin_End, Link" LABEL:"" DESC="Object ID: \hbus_pkg::hbus_transaction @2 (@1647)
Sequencer ID: \hbus_pkg::hbus_master_sequencer @1 (@1428)
"}
  LINK @550 {TXH1:14 TXH2:17 RELATION=child}
  CREATE_STREAM @600 {NAME:Driver_YAPP_Packet T:TVM SCOPE:uvm_test_top.tb.env.agnt.drv STREAM:18}
BEGIN @600 {TXH:19 STREAM:18 NAME:req TIME=0  TYPE="Begin_End, Link" LABEL:"" DESC="Object ID: \yapp_pkg::yapp_packet @1 (@1635)
Sequencer ID: \yapp_pkg::yapp_tx_driver @1 (@1359)
"}
  LINK @600 {TXH1:10 TXH2:19 RELATION=child}
  CREATE_STREAM @600 {NAME:HBUS_Master_Transaction T:TVM SCOPE:uvm_test_top.tb.hbus.masters[0].driver STREAM:20}
BEGIN @600 {TXH:21 STREAM:20 NAME:transaction TIME=0  TYPE="Begin_End, Link" LABEL:"" DESC="Object ID: \hbus_pkg::hbus_transaction @2 (@1647)
Sequencer ID: \hbus_pkg::hbus_master_driver @1 (@1537)
"}
  LINK @600 {TXH1:14 TXH2:21 RELATION=child}
  CREATE_STREAM @650 {NAME:Monitor_YAPP_Packet T:TVM SCOPE:uvm_test_top.tb.env.agnt.mon STREAM:22}
BEGIN @650 {TXH:23 STREAM:22 NAME:pkt TIME=0  TYPE="Begin_No_Parent, Link" LABEL:"" DESC="Object ID: \yapp_pkg::yapp_packet @2 (@1808)
Sequencer ID: \yapp_pkg::yapp_tx_monitor @1 (@1382)
"}
  CREATE_STREAM @650 {NAME:HBUS_Monitor_Transaction T:TVM SCOPE:uvm_test_top.tb.hbus.monitor STREAM:24}
BEGIN @650 {TXH:25 STREAM:24 NAME:tr_collect TIME=0  TYPE="Begin_No_Parent, Link" LABEL:"" DESC="Object ID: \hbus_pkg::hbus_transaction @1 (@1615)
Sequencer ID: \hbus_pkg::hbus_monitor @1 (@1398)
"}
  SET_ATTR @700 {TXH:21 NAME:haddr VALUE:4096   RADIX:UVM_HEX BITS=16}
  SET_ATTR @700 {TXH:21 NAME:hdata VALUE:20   RADIX:UVM_HEX BITS=8}
  SET_ATTR @700 {TXH:21 NAME:hwr_rd VALUE:341234020238224223982661   RADIX:UVM_STRING BITS=80}
  SET_ATTR @700 {TXH:21 NAME:wait_between_cycle VALUE:2   RADIX:UVM_HEX BITS=32}
  SET_ATTR @700 {TXH:21 NAME:transaction_id VALUE:1   RADIX:UVM_DEC BITS=32}
END @700 {TXH:21 TIME=0}
FREE @700 {TXH:21}
  SET_ATTR @700 {TXH:17 NAME:haddr VALUE:4096   RADIX:UVM_HEX BITS=16}
  SET_ATTR @700 {TXH:17 NAME:hdata VALUE:20   RADIX:UVM_HEX BITS=8}
  SET_ATTR @700 {TXH:17 NAME:hwr_rd VALUE:341234020238224223982661   RADIX:UVM_STRING BITS=80}
  SET_ATTR @700 {TXH:17 NAME:wait_between_cycle VALUE:2   RADIX:UVM_HEX BITS=32}
  SET_ATTR @700 {TXH:17 NAME:transaction_id VALUE:1   RADIX:UVM_DEC BITS=32}
END @700 {TXH:17 TIME=0}
FREE @700 {TXH:17}
BEGIN @700 {TXH:26 STREAM:11 NAME:transaction TIME=0  TYPE="Begin_End, Link" LABEL:"" DESC="Object ID: \hbus_pkg::hbus_transaction @3 (@1818)
Sequencer ID: \hbus_pkg::hbus_master_sequencer @1 (@1428)
"}
  LINK @700 {TXH1:14 TXH2:26 RELATION=child}
  SET_ATTR @750 {TXH:23 NAME:addr VALUE:1   RADIX:UVM_DEC BITS=2}
  SET_ATTR @750 {TXH:23 NAME:length VALUE:0   RADIX:UVM_DEC BITS=6}
  SET_ATTR @750 {TXH:23 NAME:parity VALUE:254   RADIX:UVM_HEX BITS=8}
  SET_ATTR @750 {TXH:23 NAME:payload VALUE:0   RADIX:UVM_DEC BITS=32}
  SET_ATTR @750 {TXH:23 NAME:packet_delay VALUE:0   RADIX:UVM_HEX BITS=32}
END @750 {TXH:23 TIME=0}
FREE @750 {TXH:23}
  SET_ATTR @750 {TXH:25 NAME:haddr VALUE:4096   RADIX:UVM_HEX BITS=16}
  SET_ATTR @750 {TXH:25 NAME:hdata VALUE:20   RADIX:UVM_HEX BITS=8}
  SET_ATTR @750 {TXH:25 NAME:hwr_rd VALUE:341234020238224223982661   RADIX:UVM_STRING BITS=80}
  SET_ATTR @750 {TXH:25 NAME:wait_between_cycle VALUE:0   RADIX:UVM_HEX BITS=32}
END @750 {TXH:25 TIME=0}
FREE @750 {TXH:25}
  SET_ATTR @800 {TXH:19 NAME:addr VALUE:1   RADIX:UVM_DEC BITS=2}
  SET_ATTR @800 {TXH:19 NAME:length VALUE:0   RADIX:UVM_DEC BITS=6}
  SET_ATTR @800 {TXH:19 NAME:parity VALUE:254   RADIX:UVM_HEX BITS=8}
  SET_ATTR @800 {TXH:19 NAME:payload VALUE:0   RADIX:UVM_DEC BITS=32}
  SET_ATTR @800 {TXH:19 NAME:packet_delay VALUE:0   RADIX:UVM_HEX BITS=32}
  SET_ATTR @800 {TXH:19 NAME:transaction_id VALUE:1   RADIX:UVM_DEC BITS=32}
END @800 {TXH:19 TIME=0}
FREE @800 {TXH:19}
  SET_ATTR @800 {TXH:16 NAME:addr VALUE:1   RADIX:UVM_DEC BITS=2}
  SET_ATTR @800 {TXH:16 NAME:length VALUE:0   RADIX:UVM_DEC BITS=6}
  SET_ATTR @800 {TXH:16 NAME:parity VALUE:254   RADIX:UVM_HEX BITS=8}
  SET_ATTR @800 {TXH:16 NAME:payload VALUE:0   RADIX:UVM_DEC BITS=32}
  SET_ATTR @800 {TXH:16 NAME:packet_delay VALUE:0   RADIX:UVM_HEX BITS=32}
  SET_ATTR @800 {TXH:16 NAME:transaction_id VALUE:1   RADIX:UVM_DEC BITS=32}
END @800 {TXH:16 TIME=0}
FREE @800 {TXH:16}
BEGIN @800 {TXH:27 STREAM:20 NAME:transaction TIME=0  TYPE="Begin_End, Link" LABEL:"" DESC="Object ID: \hbus_pkg::hbus_transaction @3 (@1818)
Sequencer ID: \hbus_pkg::hbus_master_driver @1 (@1537)
"}
  LINK @800 {TXH1:14 TXH2:27 RELATION=child}
BEGIN @800 {TXH:28 STR