  CREATE_STREAM @0 {NAME:channel_rx_resp_seq T:TVM SCOPE:uvm_test_top.tb.chan0.rx_agent.sequencer STREAM:1}
BEGIN @0 {TXH:2 STREAM:1 NAME:channel_rx_resp_seq TIME=0  TYPE="Begin_No_Parent, Link" LABEL:"" DESC="Object ID: \channel_pkg::channel_rx_resp_seq @1 (@1792)
Sequencer ID: \channel_pkg::channel_rx_sequencer @1 (@705)
Phase: run
"}
  CREATE_STREAM @0 {NAME:channel_rx_resp_seq T:TVM SCOPE:uvm_test_top.tb.chan1.rx_agent.sequencer STREAM:3}
BEGIN @0 {TXH:4 STREAM:3 NAME:channel_rx_resp_seq TIME=0  TYPE="Begin_No_Parent, Link" LABEL:"" DESC="Object ID: \channel_pkg::channel_rx_resp_seq @2 (@1798)
Sequencer ID: \channel_pkg::channel_rx_sequencer @2 (@884)
Phase: run
"}
  CREATE_STREAM @0 {NAME:channel_rx_resp_seq T:TVM SCOPE:uvm_test_top.tb.chan2.rx_agent.sequencer STREAM:5}
BEGIN @0 {TXH:6 STREAM:5 NAME:channel_rx_resp_seq TIME=0  TYPE="Begin_No_Parent, Link" LABEL:"" DESC="Object ID: \channel_pkg::channel_rx_resp_seq @3 (@1804)
Sequencer ID: \channel_pkg::channel_rx_sequencer @3 (@1063)
Phase: run
"}
  CREATE_STREAM @0 {NAME:clk10_rst5_seq T:TVM SCOPE:uvm_test_top.tb.clk_rst_env.agent.sequencer STREAM:7}
BEGIN @0 {TXH:8 STREAM:7 NAME:clk10_rst5_seq TIME=0  TYPE="Begin_No_Parent, Link" LABEL:"" DESC="Object ID: \clock_and_reset_pkg::clk10_rst5_seq @1 (@1810)
Sequencer ID: \clock_and_reset_pkg::clock_and_reset_sequencer @1 (@1239)
Phase: run
"}
  CREATE_STREAM @0 {NAME:router_simple_mcseq T:TVM SCOPE:uvm_test_top.tb.routermseqr STREAM:9}
BEGIN @0 {TXH:10 STREAM:9 NAME:router_simple_mcseq TIME=0  TYPE="Begin_No_Parent, Link" LABEL:"" DESC="Object ID: \tb_top::router_simple_mcseq @1 (@1820)
Sequencer ID: \tb_top::router_mcsequencer @1 (@552)
Phase: run
"}
BEGIN @0 {TXH:11 STREAM:7 NAME:cr TIME=0  TYPE="Begin_End, Link" LABEL:"" DESC="Object ID: \clock_and_reset_pkg::clock_and_reset_sequence @1 (@1849)
Sequencer ID: \clock_and_reset_pkg::clock_and_reset_sequencer @1 (@1239)
Phase: N/A
"}
  LINK @0 {TXH1:8 TXH2:11 RELATION=child}
  CREATE_STREAM @0 {NAME:router_simple_mcseq T:TVM SCOPE:uvm_test_top.tb.env.agnt.seqr STREAM:12}
BEGIN @0 {TXH:13 STREAM:12 NAME:yapp012 TIME=0  TYPE="Begin_End, Link" LABEL:"" DESC="Object ID: \yapp_pkg::yapp_012_seq @1 (@1853)
Sequencer ID: \yapp_pkg::yapp_tx_sequencer @1 (@1367)
Phase: N/A
"}
  LINK @0 {TXH1:10 TXH2:13 RELATION=child}
BEGIN @0 {TXH:14 STREAM:7 NAME:req TIME=0  TYPE="Begin_End, Link" LABEL:"" DESC="Object ID: \clock_and_reset_pkg::clock_and_reset_sequence_item @1 (@1858)
Sequencer ID: \clock_and_reset_pkg::clock_and_reset_sequencer @1 (@1239)
"}
  LINK @0 {TXH1:11 TXH2:14 RELATION=child}
  SET_ATTR @0 {TXH:14 NAME:clock_period VALUE:10   RADIX:UVM_HEX BITS=32}
  SET_ATTR @0 {TXH:14 NAME:reset_delay VALUE:5   RADIX:UVM_HEX BITS=32}
  SET_ATTR @0 {TXH:14 NAME:clock_cycles_to_count VALUE:0   RADIX:UVM_HEX BITS=32}
  SET_ATTR @0 {TXH:14 NAME:cycle_count_must_happen VALUE:0   RADIX:UVM_HEX BITS=1}
  SET_ATTR @0 {TXH:14 NAME:run_clock VALUE:1   RADIX:UVM_HEX BITS=1}
  SET_ATTR @0 {TXH:14 NAME:transaction_id VALUE:1   RADIX:UVM_DEC BITS=32}
END @0 {TXH:14 TIME=0}
FREE @0 {TXH:14}
END @0 {TXH:11 TIME=0}
FREE @0 {TXH:11}
BEGIN @550 {TXH:15 STREAM:12 NAME:req TIME=0  TYPE="Begin_End, Link" LABEL:"" DESC="Object ID: \yapp_pkg::short_yapp_packet @1 (@1862)
Sequencer ID: \yapp_pkg::yapp_tx_sequencer @1 (@1367)
"}
  LINK @550 {TXH1:13 TXH2:15 RELATION=child}
  CREATE_STREAM @700 {NAME:Driver_YAPP_Packet T:TVM SCOPE:uvm_test_top.tb.env.agnt.drv STREAM:16}
BEGIN @700 {TXH:17 STREAM:16 NAME:req TIME=0  TYPE="Begin_End, Link" LABEL:"" DESC="Object ID: \yapp_pkg::short_yapp_packet @1 (@1862)
Sequencer ID: \yapp_pkg::yapp_tx_driver @1 (@1476)
"}
  LINK @700 {TXH1:13 TXH2:17 RELATION=child}
  CREATE_STREAM @750 {NAME:Monitor_YAPP_Packet T:TVM SCOPE:uvm_test_top.tb.env.agnt.mon STREAM:18}
BEGIN @750 {TXH:19 STREAM:18 NAME:pkt TIME=0  TYPE="Begin_No_Parent, Link" LABEL:"" DESC="Object ID: \yapp_pkg::short_yapp_packet @2 (@2047)
Sequencer ID: \yapp_pkg::yapp_tx_monitor @1 (@1499)
"}
BEGIN @950 {TXH:20 STREAM:1 NAME:req TIME=0  TYPE="Begin_End, Link" LABEL:"" DESC="Object ID: \channel_pkg::channel_resp @1 (@1837)
Sequencer ID: \channel_pkg::channel_rx_sequencer @1 (@705)
"}
  LINK @950 {TXH1:2 TXH2:20 RELATION=child}
  SET_ATTR @1050 {TXH:19 NAME:addr VALUE:0   RADIX:UVM_DEC BITS=2}
  SET_ATTR @1050 {TXH:19 NAME:length VALUE:2   RADIX:UVM_DEC BITS=6}
  SET_ATTR @1050 {TXH:19 NAME:parity VALUE:112   RADIX:UVM_HEX BITS=8}
  SET_ATTR @1050 {TXH:19 NAME:payload[0] VALUE:140   RADIX:UVM_HEX BITS=8}
  SET_ATTR @1050 {TXH:19 NAME:payload[1] VALUE:244   RADIX:UVM_HEX BITS=8}
  SET_ATTR @1050 {TXH:19 NAME:packet_delay VALUE:0   RADIX:UVM_HEX BITS=32}
END @1050 {TXH:19 TIME=0}
FREE @1050 {TXH:19}
  SET_ATTR @1100 {TXH:17 NAME:addr VALUE:0   RADIX:UVM_DEC BITS=2}
  SET_ATTR @1100 {TXH:17 NAME:length VALUE:2   RADIX:UVM_DEC BITS=6}
  SET_ATTR @1100 {TXH:17 NAME:parity VALUE:112   RADIX:UVM_HEX BITS=8}
  SET_ATTR @1100 {TXH:17 NAME:payload[0] VALUE:140   RADIX:UVM_HEX BITS=8}
  SET_ATTR @1100 {TXH:17 NAME:payload[1] VALUE:244   RADIX:UVM_HEX BITS=8}
  SET_ATTR @1100 {TXH:17 NAME:packet_delay VALUE:1   RADIX:UVM_HEX BITS=32}
  SET_ATTR @1100 {TXH:17 NAME:transaction_id VALUE:1   RADIX:UVM_DEC BITS=32}
END @1100 {TXH:17 TIME=0}
FREE @1100 {TXH:17}
  SET_ATTR @1100 {TXH:15 NAME:addr VALUE:0   RADIX:UVM_DEC BITS=2}
  SET_ATTR @1100 {TXH:15 NAME:length VALUE:2   RADIX:UVM_DEC BITS=6}
  SET_ATTR @1100 {TXH:15 NAME:parity VALUE:112   RADIX:UVM_HEX BITS=8}
  SET_ATTR @1100 {TXH:15 NAME:payload[0] VALUE:140   RADIX:UVM_HEX BITS=8}
  SET_ATTR @1100 {TXH:15 NAME:payload[1] VALUE:244   RADIX:UVM_HEX BITS=8}
  SET_ATTR @1100 {TXH:15 NAME:packet_delay VALUE:1   RADIX:UVM_HEX BITS=32}
  SET_ATTR @1100 {TXH:15 NAME:transaction_id VALUE:1   RADIX:UVM_DEC BITS=32}
END @1100 {TXH:15 TIME=0}
FREE @1100 {TXH:15}
BEGIN @1100 {TXH:21 STREAM:12 NAME:req TIME=0  TYPE="Begin_End, Link" LABEL:"" DESC="Object ID: \yapp_pkg::short_yapp_packet @4 (@2060)
Sequencer ID: \yapp_pkg::yapp_tx_sequencer @1 (@1367)
"}
  LINK @1100 {TXH1:13 TXH2:21 RELATION=child}
  CREATE_STREAM @1750 {NAME:Channel_0_Packet T:TVM SCOPE:uvm_test_top.tb.chan0.rx_agent.monitor STREAM:22}
BEGIN @1750 {TXH:23 STREAM:22 NAME:packet_collected TIME=0  TYPE="Begin_No_Parent, Link" LABEL:"" DESC="Object ID: \channel_pkg::channel_packet @1 (@2035)
Sequencer ID: \channel_pkg::channel_rx_monitor @1 (@689)
"}
BEGIN @1800 {TXH:24 STREAM:16 NAME:req TIME=0  TYPE="Begin_End, Link" LABEL:"" DESC="Object ID: \yapp_pkg::short_yapp_packet @4 (@2060)
Sequencer ID: \yapp_pkg::yapp_tx_driver @1 (@1476)
"}
  LINK @1800 {TXH1:13 TXH2:24 RELATION=child}
BEGIN @1850 {TXH:25 STREAM:18 NAME:pkt TIME=0  TYPE="Begin_No_Parent, Link" LABEL:"" DESC="Object ID: \yapp_pkg::short_yapp_packet @3 (@2054)
Sequencer ID: \yapp_pkg::yapp_tx_monitor @1 (@1499)
"}
BEGIN @2050 {TXH:26 STREAM:3 NAME:req TIME=0  TYPE="Begin_End, Link" LABEL:"" DESC="Object ID: \channel_pkg::channel_resp @2 (@1841)
Sequencer ID: \channel_pkg::channel_rx_sequencer @2 (@884)
"}
  LINK @2050 {TXH1:4 TXH2:26 RELATION=child}
  SET_ATTR @2100 {TXH:20 NAME:resp_delay VALUE:7   RADIX:UVM_DEC BITS=32}
  SET_ATTR @2100 {TXH:20 NAME:transaction_id VALUE:1   RADIX:UVM_DEC BITS=32}
END @2100 {TXH:20 TIME=0}
FREE @2100 {TXH:20}
  SET_ATTR @2150 {TXH:23 NAME:length VALUE:2   RADIX:UVM_HEX BITS=6}
  SET_ATTR @2150 {TXH:23 NAME:addr VALUE:0   RADIX:UVM_HEX BITS=2}
  SET_ATTR @2150 {TXH:23 NAME:payload[0] VALUE:140   RADIX:UVM_HEX BITS=8}
  SET_ATTR @2150 {TXH:23 NAME:payload[1] VALUE:244   RADIX:UVM_HEX BITS=8}
  SET_ATTR @2150 {TXH:23 NAME:parity VALUE:112   RADIX:UVM_HEX BITS=8}
  SET_ATTR @2150 {TXH:23 NAME:parity_type VALUE:86208262364311955280843865   RADIX:UVM_STRING BITS=88}
  SET_ATTR @2150 {TXH:23 NAME:packet_delay VALUE:0   RADIX:UVM_DEC BITS=32}
END @2150 {TXH:23 TIME=0}
FREE @2150 {TXH:23}
